Step: build-step-git-source-jenkins-x-**-pr-3908-bdd-474tk:

{"level":"warn","ts":1557929832.869047,"logger":"fallback-logger","caller":"logging/config.go:65","msg":"Fetch GitHub commit ID from kodata failed: \"ref: refs/heads/master\" is not a valid GitHub commit ID"}
{"level":"info","ts":1557929835.600375,"logger":"fallback-logger","caller":"git/git.go:102","msg":"Successfully cloned https://github.com/jenkins-x/** @ e251085a2877009259b99d5f5ced8fbdec6f45cf in path /workspace/source"}
Step: build-step-git-merge:

Warning failed to load version: failed to parse version -dev+9e73adc0b: No Major.Minor.Patch elements found
time="2019-05-15T14:17:16Z" level=info msg="got "
Using SHAs from PULL_REFS=master:f3c15df1379aac2c59f458fa9dd99ab093a01324,3908:e251085a2877009259b99d5f5ced8fbdec6f45cf
ran git fetch --unshallow origin e251085a2877009259b99d5f5ced8fbdec6f45cf: f3c15df1379aac2c59f458fa9dd99ab093a01324: in 
ran git checkout master in 
ran git reset --hard f3c15df1379aac2c59f458fa9dd99ab093a01324 in 
ran clean --force -d . in 
ran git merge e251085a2877009259b99d5f5ced8fbdec6f45cf in 
Step: build-step-build-binary:

CGO_ENABLED=0 GOOS=linux GOARCH=amd64 GO111MODULE=on go build -ldflags " -X github.com/jenkins-x/**/pkg/version.Version=0.0.0-SNAPSHOT-PR-3908-7 -X github.com/jenkins-x/**/pkg/version.Revision='f5ea4a82b' -X github.com/jenkins-x/**/pkg/version.Branch='master' -X github.com/jenkins-x/**/pkg/version.BuildDate='20190515-14:17:25' -X github.com/jenkins-x/**/pkg/version.GoVersion='1.11.5'" -o build/linux/** cmd/**/**.go
go: finding github.com/ghodss/yaml v1.0.0
go: finding github.com/nwaples/rardecode v1.0.0
go: finding github.com/ory/dockertest v3.3.4+incompatible
go: finding k8s.io/test-infra v0.0.0-20190131093439-a22cef183a8f
go: finding github.com/go-ole/go-ole v1.2.1
go: finding golang.org/x/oauth2 v0.0.0-20181203162652-d668ce993890
go: finding github.com/ulikunitz/xz v0.5.6
go: finding github.com/davecgh/go-spew v1.1.1
go: finding github.com/antham/chyle v1.4.0
go: finding github.com/docker/go-connections v0.4.0
go: finding github.com/xeipuuv/gojsonpointer v0.0.0-20180127040702-4e3ac2762d5f
go: finding github.com/stretchr/testify v1.2.2
go: finding github.com/fatih/color v1.5.0
go: finding github.com/cpuguy83/go-md2man v1.0.8
go: finding github.com/Masterminds/semver v1.3.1
go: finding github.com/pascaldekloe/goe v0.0.0-20180627143212-57f6aae5913c
go: finding github.com/NYTimes/gziphandler v0.0.0-20160419202541-63027b26b87e
go: finding gopkg.in/src-d/go-git-fixtures.v3 v3.3.0
go: finding github.com/gregjones/httpcache v0.0.0-20160524185540-16db777d8ebe
go: finding github.com/antham/strumt v0.0.0-20171215230529-6776189777d3
go: finding github.com/russross/blackfriday v1.5.1
go: finding k8s.io/apimachinery v0.0.0-20190122181752-bebe27e40fb7
go: finding github.com/elazarl/goproxy v0.0.0-20181111060418-2ce16c963a8a
go: finding github.com/StackExchange/wmi v0.0.0-20180116203802-5d049714c4a6
go: finding github.com/jtnord/logrus v1.4.2-0.20190423161236-606ffcaf8f5d
go: finding k8s.io/helm v2.7.2+incompatible
go: finding google.golang.org/grpc v1.15.0
go: finding google.golang.org/genproto v0.0.0-20181016170114-94acd270e44e
go: finding github.com/docker/go-units v0.3.2
go: finding github.com/docker/distribution v0.0.0-20170726174610-edc3ab29cdff
go: finding github.com/fsouza/fake-gcs-server v0.0.0-20180612165233-e85be23bdaa8
go: finding github.com/MakeNowJust/heredoc v0.0.0-20171113091838-e9091a26100e
go: finding github.com/Azure/draft v0.15.0
go: finding vbom.ml/util v0.0.0-20170409195630-256737ac55c4
go: finding github.com/danwakefield/fnmatch v0.0.0-20160403171240-cbb64ac3d964
go: finding github.com/stretchr/testify v1.3.0
go: finding gopkg.in/h2non/gock.v0 v0.0.0-20160419120746-1baf36abac00
go: finding k8s.io/apiextensions-apiserver v0.0.0-20181128195303-1f84094d7e8e
go: finding golang.org/x/text v0.3.0
go: finding github.com/stretchr/ob** v0.1.1
go: finding github.com/ryanuber/go-glob v0.0.0-20170128012129-256dc444b735
go: finding github.com/hashicorp/errwrap v0.0.0-20141028054710-7554cd9344ce
go: finding github.com/trivago/tgo v1.0.1
go: finding github.com/spf13/pflag v1.0.3
go: finding github.com/PuerkitoBio/urlesc v0.0.0-20170810143723-de5bf2ad4578
go: finding github.com/golang/glog v0.0.0-20160126235308-23def4e6c14b
go: finding google.golang.org/api v0.0.0-20181021000519-a2651947f503
go: finding github.com/gorilla/mux v1.6.2
go: finding github.com/alecthomas/jsonschema v0.0.0-20190504002508-159cbd5dba26
go: finding github.com/bwmarrin/snowflake v0.0.0-20170221160716-02cc386c183a
go: finding github.com/nlopes/slack v0.0.0-20180721202243-347a74b1ea30
go: finding github.com/go-openapi/swag v0.0.0-20171111214437-cf0bdb963811
go: finding github.com/banzaicloud/bank-vaults v0.0.0-20190508130850-5673d28c46bd
go: finding github.com/sergi/go-diff v1.0.0
go: finding github.com/aws/aws-sdk-go v1.16.18
go: finding sigs.k8s.io/yaml v1.1.0
go: finding github.com/mattn/go-isatty v0.0.2
go: finding golang.org/x/oauth2 v0.0.0-20180821212333-d2e6202438be
go: finding github.com/BurntSushi/toml v0.3.0
go: finding github.com/sethvargo/go-password v0.1.2
go: finding github.com/IBM-Cloud/bluemix-go v0.0.0-20181008063305-d718d474c7c2
go: finding github.com/hashicorp/golang-lru v0.0.0-20180201235237-0fb14efe8c47
go: finding github.com/go-openapi/spec v0.0.0-20171219195406-fa03337d7da5
go: finding github.com/mitchellh/go-homedir v1.1.0
go: finding github.com/patrickmn/go-cache v2.1.0+incompatible
go: finding k8s.io/client-go v2.0.0-alpha.0.0.20190115164855-701b91367003+incompatible
go: finding golang.org/x/sys v0.0.0-20180830151530-49385e6e1522
go: finding github.com/cenkalti/backoff v2.1.1+incompatible
go: finding gopkg.in/src-d/go-git.v4 v4.5.0
go: finding github.com/xanzy/ssh-agent v0.2.0
go: finding sigs.k8s.io/controller-runtime v0.1.9
go: finding github.com/Masterminds/sprig v2.15.0+incompatible
go: finding github.com/knative/serving v0.5.0
go: finding contrib.go.opencensus.io/exporter/stackdriver v0.9.1
go: finding gopkg.in/AlecAivazis/survey.v1 v1.8.3
go: finding github.com/denisenkom/go-mssqldb v0.0.0-20190204142019-df6d76eb9289
go: finding github.com/beevik/etree v1.0.1
go: finding github.com/hashicorp/go-version v1.1.0
go: finding github.com/andygrunwald/go-gerrit v0.0.0-20171029143327-95b11af228a1
go: finding github.com/rainycape/unidecode v0.0.0-20150907023854-cb7f23ec59be
go: finding golang.org/x/sync v0.0.0-20181221193216-37e7f081c4d4
go: finding github.com/jbenet/go-context v0.0.0-20150711004518-d14ea06fba99
go: finding golang.org/x/net v0.0.0-20180906233101-161cd47e91fd
go: finding github.com/aws/aws-sdk-go v1.15.31
go: finding github.com/go-sql-driver/mysql v0.0.0-20160411075031-7ebe0a500653
go: finding github.com/Azure/go-autorest v10.15.5+incompatible
go: finding github.com/inconshreveable/mousetrap v0.0.0-20141017200713-76626ae9c91c
go: finding github.com/Azure/azure-storage-blob-go v0.0.0-20180507052152-66ba96e49ebb
go: finding go.uber.org/zap v1.9.1
go: finding github.com/jonboulle/clockwork v0.1.0
go: finding github.com/satori/go.uuid v1.2.0
go: finding golang.org/x/sys v0.0.0-20190411185658-b44545bcd369
go: finding github.com/spf13/cobra v0.0.0-00000000000000-c46add8a6528
go: finding github.com/baiyubin/aliyun-sts-go-sdk v0.0.0-20180326062324-cfa1a18b161f
go: finding github.com/opencontainers/go-digest v1.0.0-rc1
go: finding github.com/petergtz/pegomock v2.2.0+incompatible
go: finding github.com/huandu/xstrings v1.0.0
go: finding github.com/konsorten/go-windows-terminal-sequences v1.0.1
go: finding github.com/mattn/go-colorable v0.0.9
go: finding github.com/rollout/rox-go v0.0.0-20181220111955-29ddae74a8c4
go: finding github.com/kr/pretty v0.1.0
go: finding github.com/xiang90/probing v0.0.0-20190116061207-43a291ad63a2
go: finding github.com/gorilla/securecookie v1.1.1
go: finding github.com/go-ini/ini v1.34.0
go: finding k8s.io/gengo v0.0.0-20190327210449-e17681d19d3a
go: finding github.com/golang/snappy v0.0.0-20170215233205-553a64147049
go: finding github.com/Masterminds/sprig v0.0.0-20180403013413-6b2a58267f6a
go: finding github.com/pmezard/go-difflib v1.0.0
go: finding github.com/jinzhu/inflection v0.0.0-20151009084129-3272df6c21d0
go: finding github.com/coreos/pkg v0.0.0-20180928190104-399ea9e2e55f
go: finding github.com/prometheus/client_golang v0.9.2
go: finding github.com/google/martian v2.1.0+incompatible
go: finding github.com/coreos/go-systemd v0.0.0-20190212144455-93d5ec2c7f76
go: finding github.com/google/go-github v17.0.0+incompatible
go: finding github.com/Azure/azure-pipeline-go v0.0.0-20180507050906-098e490af5dc
go: finding github.com/google/uuid v0.0.0-20171113160352-8c31c18f31ed
go: finding golang.org/x/crypto v0.0.0-20190123085648-057139ce5d2b
go: finding github.com/erikstmartin/go-testdb v0.0.0-20160219214506-8d10e4a1bae5
go: finding github.com/knative/build v0.5.0
go: finding github.com/coreos/bbolt v1.3.2
go: finding k8s.io/api v0.0.0-20181128191700-6db15a15d2d3
go: finding google.golang.org/appengine v1.0.0
go: finding github.com/gin-contrib/sse v0.0.0-20170109093832-22d885f9ecc7
go: finding github.com/grpc-ecosystem/go-grpc-prometheus v1.2.0
go: finding github.com/json-iterator/go v1.1.5
go: finding github.com/jinzhu/gorm v0.0.0-20170316141641-572d0a0ab1eb
go: finding github.com/golang/lint v0.0.0-20180702182130-06c8688daad7
go: finding github.com/aokoli/goutils v1.0.1
go: finding github.com/lusis/go-slackbot v0.0.0-20180109053408-401027ccfef5
go: finding github.com/jinzhu/gorm v1.9.1
go: finding github.com/aliyun/aliyun-oss-go-sdk v0.0.0-20171213061034-52de7239022c
go: finding github.com/denormal/go-gitignore v0.0.0-20180713143441-75ce8f3e513c
go: finding golang.org/x/net v0.0.0-20180826012351-8a410e7b638d
go: finding github.com/smartystreets/goconvey v0.0.0-20180222194500-ef6db91d284a
go: finding github.com/cockroachdb/cmux v0.0.0-20170110192607-30d10be49292
go: finding github.com/prometheus/procfs v0.0.0-20181204211112-1dc9a6cbc91a
go: finding k8s.io/kube-openapi v0.0.0-20190228160746-b3a7cee44a30
go: finding github.com/census-instrumentation/opencensus-proto v0.1.0
go: finding gopkg.in/src-d/go-git.v4 v4.1.1
go: finding go.opencensus.io v0.15.0
go: finding github.com/stretchr/testify v1.2.1
go: finding github.com/mitchellh/mapstructure v1.1.2
go: finding github.com/go-openapi/jsonpointer v0.0.0-20170102174223-779f45308c19
go: finding github.com/hashicorp/go-multierror v0.0.0-20171204182908-b7773ae21874
go: finding github.com/gliderlabs/ssh v0.1.1
go: finding github.com/Masterminds/semver v1.4.2
go: finding github.com/davecgh/go-spew v1.1.0
go: finding github.com/stoewer/go-strcase v1.0.1
go: finding github.com/hinshun/vt10x v0.0.0-20180616224451-1954e6464174
go: finding github.com/emicklei/go-restful v2.9.3+incompatible
go: finding github.com/hashicorp/go-sockaddr v1.0.0
go: finding github.com/blang/semver v3.5.1+incompatible
go: finding github.com/go-openapi/jsonreference v0.0.0-20161105162150-36d33bfe519e
go: finding github.com/fatih/color v1.7.0
go: finding google.golang.org/appengine v1.1.0
go: finding go.uber.org/multierr v1.1.0
go: finding golang.org/x/sync v0.0.0-20181108010431-42b317875d0f
go: finding github.com/Azure/azure-sdk-for-go v21.1.0+incompatible
go: finding github.com/coreos/prometheus-operator v0.29.0
go: finding github.com/hashicorp/go-version v1.0.0
go: finding gopkg.in/gemnasium/logrus-airbrake-hook.v2 v2.1.2
go: finding golang.org/x/lint v0.0.0-20180702182130-06c8688daad7
go: finding gopkg.in/warnings.v0 v0.1.2
go: finding github.com/mattn/go-zglob v0.0.0-20180607075734-49693fbb3fe3
go: finding github.com/microcosm-cc/bluemonday v0.0.0-20180327211928-995366fdf961
go: finding github.com/xanzy/go-gitlab v0.0.0-20180814191223-f3bc634ab936
go: finding google.golang.org/grpc v1.12.0
go: finding github.com/prometheus/common v0.0.0-20181126121408-4724e9255275
go: finding gopkg.in/check.v1 v1.0.0-20180628173108-788fd7840127
go: finding github.com/gorilla/sessions v1.1.3
go: finding github.com/mholt/archiver v3.1.1+incompatible
go: finding github.com/prometheus/client_golang v0.9.0
go: finding github.com/qor/inflection v0.0.0-20180308033659-04140366298a
go: finding github.com/jinzhu/now v0.0.0-20180511015916-ed742868f2ae
go: finding github.com/lusis/slack-test v0.0.0-20180109053238-3c758769bfa6
go: finding github.com/kr/pty v1.1.1
go: finding github.com/spf13/cobra v0.0.3
go: finding github.com/golang/mock v1.1.1
go: finding github.com/kballard/go-shellquote v0.0.0-20180428030007-95032a82bc51
go: finding github.com/src-d/gcfg v1.3.0
go: finding github.com/antham/envh v1.2.0
go: finding github.com/pkg/errors v0.8.0
go: finding github.com/iancoleman/orderedmap v0.0.0-20181121102841-22c6ecc9fe13
go: finding github.com/spf13/cast v1.2.0
go: finding google.golang.org/genproto v0.0.0-20190219182410-082222b4a5c5
go: finding github.com/go-openapi/jsonreference v0.17.0
go: finding github.com/client9/misspell v0.3.4
go: finding cloud.google.com/go v0.30.0
go: finding golang.org/x/crypto v0.0.0-20181015023909-0c41d7ab0a0e
go: finding github.com/gobwas/glob v0.2.3
go: finding k8s.io/kubernetes v1.11.3
go: finding github.com/go-sql-driver/mysql v1.4.1
go: finding github.com/jmespath/go-jmespath v0.0.0-20180206201540-c2b33e8439af
go: finding github.com/coreos/etcd-operator v0.9.3
go: finding github.com/xeipuuv/gojsonreference v0.0.0-20180127040603-bd5ef7bd5415
go: finding gopkg.in/src-d/go-billy.v4 v4.2.0
go: finding github.com/BurntSushi/toml v0.3.1
go: finding go.opencensus.io v0.18.0
go: finding github.com/slok/kubewebhook v0.2.0
go: finding github.com/imdario/mergo v0.0.0-20180119215619-163f41321a19
go: finding github.com/kr/text v0.1.0
go: finding github.com/magiconair/properties v1.8.0
go: finding github.com/gopherjs/gopherjs v0.0.0-20181103185306-d547d1d9531e
go: finding github.com/denisenkom/go-mssqldb v0.0.0-20190111225525-2fea367d496d
go: finding github.com/mattn/go-colorable v0.0.8
go: finding github.com/deckarep/golang-set v0.0.0-20171013212420-1d4478f51bed
go: finding golang.org/x/oauth2 v0.0.0-20180603041954-1e0a3fa8ba9a
go: finding github.com/hinshun/vt10x v0.0.0-20180809195222-d55458df857c
go: finding github.com/peterbourgon/diskv v2.0.1+incompatible
go: finding github.com/coreos/go-semver v0.2.0
go: finding gopkg.in/yaml.v2 v2.2.1
go: finding github.com/modern-go/concurrent v0.0.0-20180306012644-bacd9c7ef1dd
go: finding github.com/google/go-github v0.0.0-20170604030111-7a51fb928f52
go: finding github.com/hashicorp/go-sockaddr v1.0.2
go: finding github.com/go-logr/zapr v0.1.0
go: finding cloud.google.com/go v0.26.0
go: finding github.com/kubernetes-incubator/reference-docs v0.0.0-20190410022412-9642bd3f4de5
go: finding github.com/influxdata/influxdb v0.0.0-20161215172503-049f9b42e9a5
go: finding golang.org/x/sync v0.0.0-20180314180146-1d60e4601c6f
go: finding github.com/golang/groupcache v0.0.0-20181024230925-c65c006176ff
go: finding gopkg.in/airbrake/gobrake.v2 v2.0.9
go: finding github.com/docker/docker v0.0.0-20171206114025-5e5fadb3c020
go: finding github.com/Pallinder/go-randomdata v0.0.0-20180616180521-15df0648130a
go: finding gopkg.in/inf.v0 v0.9.1
go: finding github.com/fsnotify/fsnotify v1.4.7
go: finding github.com/dimchansky/utfbom v1.1.0
go: finding github.com/prometheus/client_golang v0.8.0
go: finding github.com/pborman/uuid v1.2.0
go: finding github.com/mattbaird/jsonpatch v0.0.0-20171005235357-81af80346b1a
go: finding github.com/gophercloud/gophercloud v0.0.0-20181215224939-bdd8b1ecd793
go: finding k8s.io/klog v0.2.0
go: finding github.com/wbrefvem/go-bitbucket v0.0.0-20190128183802-fc08fd046abb
go: finding golang.org/x/net v0.0.0-20181102091132-c10e9556a7bc
go: finding github.com/markbates/inflect v1.0.4
go: finding golang.org/x/oauth2 v0.0.0-20181017192945-9dcd33a902f4
go: finding github.com/nbio/st v0.0.0-20140626010706-e9e8d9816f32
go: finding github.com/go-logr/logr v0.1.0
go: finding gopkg.in/robfig/cron.v2 v2.0.0-20150107220207-be2e0b0deed5
go: finding github.com/prometheus/procfs v0.0.0-20180920065004-418d78d0b9a7
go: finding google.golang.org/grpc v1.16.0
go: finding github.com/beorn7/perks v0.0.0-20180321164747-3a771d992973
go: finding gocloud.dev v0.9.0
go: finding github.com/google/go-cmp v0.2.0
go: finding github.com/hashicorp/go-cleanhttp v0.5.1
go: finding google.golang.org/genproto v0.0.0-20180831171423-11092d34479b
go: finding google.golang.org/api v0.1.0
go: finding google.golang.org/api v0.0.0-20180910000450-7ca32eb868bf
go: finding github.com/jetstack/cert-manager v0.5.2
go: finding github.com/onsi/gomega v1.4.3
go: finding go.etcd.io/bbolt v1.3.2
go: finding github.com/jinzhu/now v0.0.0-20181116074157-8ec929ed50c3
go: finding github.com/go-openapi/loads v0.19.0
go: finding github.com/mailru/easyjson v0.0.0-20180823135443-60711f1a8329
go: finding github.com/gin-gonic/gin v0.0.0-20180512030042-bf7803815b0b
go: finding github.com/inconshreveable/mousetrap v1.0.0
go: finding github.com/jpillora/backoff v0.0.0-20180909062703-3050d21c67d7
go: finding github.com/mattn/go-sqlite3 v1.10.0
go: finding honnef.co/go/tools v0.0.0-20180728063816-88497007e858
go: finding go.opencensus.io v0.17.0
go: finding github.com/rollout/sse v0.0.0-20181105093643-e422b54b3b28
go: finding github.com/openzipkin/zipkin-go v0.1.1
go: finding github.com/appscode/jsonpatch v0.0.0-20180911074601-5af499cf01c8
go: finding github.com/hashicorp/go-retryablehttp v0.5.3
go: finding github.com/knative/build v0.2.0
go: finding github.com/prometheus/common v0.0.0-20181015124227-bcb74de08d37
go: finding golang.org/x/exp v0.0.0-20190121172915-509febef88a4
go: finding gopkg.in/tomb.v1 v1.0.0-20141024135613-dd632973f1e7
go: finding google.golang.org/genproto v0.0.0-20181202183823-bd91e49a0898
go: finding github.com/golang/groupcache v0.0.0-20180513044358-24b0969c4cb7
go: finding gopkg.in/ini.v1 v1.42.0
go: finding github.com/gorilla/context v1.1.1
go: finding github.com/smartystreets/assertions v0.0.0-20180927180507-b2de0cb4f26d
go: finding gopkg.in/go-playground/assert.v1 v1.2.1
go: finding github.com/knative/pkg v0.0.0-20190402181056-ff46edef0ae5
go: finding github.com/jenkins-x/sonobuoy v0.11.7-0.20190318120422-253758214767
go: finding github.com/peterbourgon/diskv v0.0.0-20171120014656-2973218375c3
go: finding github.com/shirou/gopsutil v0.0.0-20180901134234-eb1f1ab16f2e
go: finding github.com/emirpasic/gods v1.9.0
go: finding github.com/alexflint/go-filemutex v0.0.0-20171028004239-d358565f3c3f
go: finding github.com/matttproud/golang_protobuf_extensions v1.0.1
go: finding github.com/grpc-ecosystem/go-grpc-middleware v1.0.0
go: finding github.com/codahale/hdrhistogram v0.0.0-20161010025455-3a0bb77429bd
go: finding go.uber.org/atomic v1.3.2
go: finding github.com/spf13/pflag v1.0.1
go: finding github.com/json-iterator/go v0.0.0-20180701071628-ab8a2e0c74be
go: finding github.com/jtolds/gls v4.2.1+incompatible
go: finding github.com/pkg/browser v0.0.0-20170505125900-c90ca0c84f15
go: finding github.com/go-openapi/jsonpointer v0.17.0
go: finding github.com/hashicorp/go-multierror v1.0.0
go: finding github.com/cloudflare/cfssl v0.0.0-20190409034051-768cd563887f
go: finding github.com/apache/thrift v0.0.0-20180902110319-2566ecd5d999
go: finding github.com/spf13/viper v1.0.2
go: finding github.com/google/uuid v1.0.0
go: finding github.com/pborman/uuid v0.0.0-20180906182336-adf5a7427709
go: finding github.com/viniciuschiele/tarx v0.0.0-20151205142357-6e3da540444d
go: finding github.com/gopherjs/gopherjs v0.0.0-20181017120253-0766667cb4d1
go: finding sigs.k8s.io/testing_frameworks v0.1.1
go: finding gopkg.in/pipe.v2 v2.0.0-20140414041502-3c2ca4d52544
go: finding github.com/ryanuber/columnize v2.1.0+incompatible
go: finding github.com/spf13/jwalterweatherman v0.0.0-20180109140146-7c0cea34c8ec
go: finding github.com/prometheus/common v0.0.0-20180801064454-c7de2306084e
go: finding github.com/rodaine/hclencoder v0.0.0-20180926060551-0680c4321930
go: finding github.com/satori/go.uuid v0.0.0-20160713180306-0aa62d5ddceb
go: finding github.com/xi2/xz v0.0.0-20171230120015-48954b6210f8
go: finding github.com/xlab/handysort v0.0.0-20150421192137-fb3537ed64a1
go: finding cloud.google.com/go v0.34.0
go: finding github.com/docker/spdystream v0.0.0-20170912183627-bc6354cbbc29
go: finding contrib.go.opencensus.io/exporter/ocagent v0.2.0
go: finding github.com/grpc-ecosystem/grpc-gateway v1.5.0
go: finding github.com/prometheus/procfs v0.0.0-20180725123919-05ee40e3a273
go: finding golang.org/x/time v0.0.0-20180412165947-fbb02b2291d2
go: finding golang.org/x/crypto v0.0.0-20180621125126-a49355c7e3f8
go: finding github.com/knative/pkg v0.0.0-20181205230426-0e41760cea1d
go: finding github.com/appscode/jsonpatch v0.0.0-20190108182946-7c0e3b262f30
go: finding github.com/prometheus/client_golang v0.9.0-pre1.0.20180924113449-f69c853d21c1
go: finding github.com/pelletier/go-buffruneio v0.2.0
go: finding github.com/aws/aws-k8s-tester v0.0.0-20190114231546-b411acf57dfe
go: finding github.com/jinzhu/inflection v0.0.0-20180308033659-04140366298a
go: finding github.com/hashicorp/go-version v0.0.0-20180322230233-23480c066577
go: finding github.com/jbrukh/bayesian v0.0.0-20161210175230-bf3f261f9a9c
go: finding github.com/googleapis/gnostic v0.1.0
go: finding github.com/mitchellh/cli v1.0.0
go: finding github.com/go-openapi/analysis v0.0.0-20180825180245-b006789cd277
go: finding github.com/gosimple/slug v1.1.1
go: finding github.com/xiang90/probing v0.0.0-20160813154853-07dd2e8dfe18
go: finding github.com/docker/go-connections v0.3.0
go: finding gopkg.in/go-playground/validator.v8 v8.18.2
go: finding github.com/qor/qor v0.0.0-20180518090926-f171bc73933e
go: finding github.com/go-openapi/spec v0.19.0
go: finding github.com/gophercloud/gophercloud v0.0.0-20180629215909-9e34f4686044
go: finding github.com/chromedp/cdproto v0.0.0-20180720050708-57cf4773008d
go: finding github.com/modern-go/reflect2 v1.0.1
go: finding github.com/imdario/mergo v0.3.5
go: finding k8s.io/metrics v0.0.0-20181128195641-3954d62a524d
go: finding gopkg.in/check.v1 v0.0.0-20161208181325-20d25e280405
go: finding github.com/onsi/gomega v1.4.2
go: finding github.com/Azure/azure-pipeline-go v0.1.8
go: finding github.com/uber/jaeger-lib v1.5.0
go: finding k8s.io/kube-openapi v0.0.0-20180711000925-0cf8f7e6ed1d
go: finding github.com/imdario/mergo v0.3.4
go: finding github.com/tektoncd/pipeline v0.3.1
go: finding github.com/anmitsu/go-shlex v0.0.0-20161002113705-648efa622239
go: finding github.com/pierrec/lz4 v0.0.0-20181005164709-635575b42742
go: finding github.com/coreos/go-systemd v0.0.0-20181012123002-c6f51f82210d
go: finding github.com/andygrunwald/go-gerrit v0.0.0-20181026193842-43cfd7a94eb4
go: finding github.com/c2h5oh/datasize v0.0.0-20171227191756-4eba002a5eae
go: finding github.com/mattn/go-sqlite3 v0.0.0-20160514122348-38ee283dabf1
go: finding go.etcd.io/etcd v0.0.0-20181031231232-83304cfc808c
go: finding google.golang.org/grpc v1.17.0
go: finding github.com/prometheus/procfs v0.0.0-20181005140218-185b4288413d
go: finding golang.org/x/net v0.0.0-20180921000356-2f5d2388922f
go: finding github.com/google/btree v0.0.0-20180124185431-e89373fe6b4a
go: finding github.com/modern-go/reflect2 v0.0.0-20180701023420-4b7aa43c6742
go: finding github.com/go-errors/errors v1.0.1
go: finding github.com/coreos/etcd v3.3.10+incompatible
go: finding golang.org/x/sys v0.0.0-20180627142611-7138fd3d9dc8
go: finding github.com/jmespath/go-jmespath v0.0.0-20160202185014-0b12d6b521d8
go: finding github.com/spf13/cobra v0.0.2
go: finding github.com/coreos/bbolt v1.3.1-coreos.6
go: finding github.com/dgrijalva/jwt-go v3.2.0+incompatible
go: finding github.com/onsi/ginkgo v1.7.0
go: finding github.com/aliyun/alibaba-cloud-sdk-go v0.0.0-20190308093441-53f19b3c6bee
go: finding github.com/Jeffail/gabs v1.1.1
go: finding github.com/google/go-containerregistry v0.0.0-20190317040536-ebbba8469d06
go: finding github.com/prometheus/procfs v0.0.0-20180612222113-7d6f385de8be
go: finding github.com/gogo/protobuf v1.1.1
go: finding github.com/golang/protobuf v1.1.0
go: finding github.com/ryanuber/go-glob v0.0.0-20160226084822-572520ed46db
go: finding github.com/uber/jaeger-client-go v2.14.0+incompatible
go: finding github.com/shurcooL/graphql v0.0.0-20180924043259-e4a3a37e6d42
go: finding github.com/bazelbuild/buildtools v0.0.0-20180226164855-80c7f0d45d7e
go: finding golang.org/x/sys v0.0.0-20181004145325-8469e314837c
go: finding github.com/imdario/mergo v0.3.6
go: finding golang.org/x/tools v0.0.0-20180828015842-6cd1fcedba52
go: finding contrib.go.opencensus.io/integrations/ocsql v0.1.2
go: finding github.com/prometheus/common v0.0.0-20181020173914-7e9e6cabbd39
go: finding github.com/pierrec/lz4 v2.0.5+incompatible
go: finding github.com/go-openapi/errors v0.17.0
go: finding github.com/gorilla/websocket v0.0.0-20170926233335-4201258b820c
go: finding github.com/jenkins-x/draft-repo v0.0.0-20180417100212-2f66cc518135
go: finding github.com/go-yaml/yaml v2.1.0+incompatible
go: finding google.golang.org/genproto v0.0.0-20180817151627-c66870c02cf8
go: finding github.com/pkg/profile v1.2.1
go: finding github.com/hashicorp/go-cleanhttp v0.5.0
go: finding github.com/gobuffalo/envy v1.6.5
go: finding github.com/hashicorp/hcl v1.0.0
go: finding github.com/spf13/pflag v1.0.2
go: finding github.com/gogo/protobuf v1.0.0
go: finding github.com/mattn/go-runewidth v0.0.2
go: finding github.com/dsnet/compress v0.0.0-20171208185109-cc9eb1d7ad76
go: finding github.com/acarl005/stripansi v0.0.0-20180116102854-5a71ef0e047d
go: finding cloud.google.com/go v0.24.0
go: finding github.com/coreos/etcd v3.2.13+incompatible
go: finding github.com/opencontainers/image-spec v1.0.1
go: finding github.com/olekukonko/tablewriter v0.0.0-20170122224234-a0225b3f23b5
go: finding google.golang.org/api v0.0.0-20180603000442-8e296ef26005
go: finding github.com/flynn/go-shlex v0.0.0-20150515145356-3f9db97f8568
go: finding golang.org/x/sys v0.0.0-20181011152604-fa43e7bc11ba
go: finding github.com/shurcooL/go v0.0.0-20180423040247-9e1955d9fb6e
go: finding github.com/coreos/pkg v0.0.0-20160727233714-3ac0863d7acf
go: finding github.com/urfave/cli v1.18.0
go: finding golang.org/x/net v0.0.0-20181005035420-146acd28ed58
go: finding github.com/dnaeon/go-vcr v1.0.1
go: finding gopkg.in/fsnotify.v1 v1.4.7
go: finding github.com/uber-go/atomic v1.3.2
go: finding github.com/shurcooL/githubv4 v0.0.0-20180925043049-51d7b505e2e9
go: finding k8s.io/utils v0.0.0-20181019225348-5e321f9a457c
go: finding github.com/kr/pty v1.0.0
go: finding github.com/google/subcommands v0.0.0-20181012225330-46f0354f6315
go: finding github.com/mitchellh/go-wordwrap v1.0.0
go: finding github.com/konsorten/go-windows-terminal-sequences v1.0.2
go: finding github.com/knative/build v0.1.2
go: finding github.com/gregjones/httpcache v0.0.0-20180305231024-9cad4c3443a7
go: finding golang.org/x/sys v0.0.0-20180905080454-ebe1bf3edb33
go: finding github.com/tmc/grpc-websocket-proxy v0.0.0-20171017195756-830351dc03c6
go: finding golang.org/x/oauth2 v0.0.0-20180620175406-ef147856a6dd
go: finding github.com/rifflock/lfshook v0.0.0-20180227222202-bf539943797a
go: finding github.com/go-ini/ini v1.25.4
go: finding github.com/PuerkitoBio/purell v1.1.0
go: finding github.com/matttproud/golang_protobuf_extensions v1.0.0
go: finding github.com/mgutz/ansi v0.0.0-20170206155736-9520e82c474b
go: finding github.com/posener/complete v1.1.1
go: finding github.com/prometheus/client_model v0.0.0-20170216185247-6f3806018612
go: finding github.com/go-openapi/spec v0.17.0
go: finding github.com/dustin/go-humanize v1.0.0
go: finding github.com/gregjones/httpcache v0.0.0-20181110185634-c63ab54fda8f
go: finding github.com/docker/go-units v0.3.3
go: finding github.com/prometheus/client_model v0.0.0-20180712105110-5c3871d89910
go: finding github.com/fatih/structs v1.1.0
go: finding github.com/pelletier/go-toml v1.2.0
go: finding github.com/operator-framework/operator-sdk v0.6.0
go: finding github.com/kisielk/gotool v1.0.0
go: finding github.com/census-instrumentation/opencensus-proto v0.0.2-0.20180913191712-f303ae3f8d6a
go: finding github.com/google/uuid v1.1.0
go: finding github.com/globalsign/mgo v0.0.0-20180905125535-1ca0a4f7cbcb
go: finding golang.org/x/sys v0.0.0-20180909124046-d0be0721c37e
go: finding github.com/golang/groupcache v0.0.0-20160516000752-02826c3e7903
go: finding github.com/jenkins-x/golang-jenkins v0.0.0-20180919102630-65b83ad42314
go: finding github.com/aws/aws-sdk-go v1.17.10
go: finding github.com/streadway/amqp v0.0.0-20181107104731-27835f1a64e9
go: finding github.com/GoogleCloudPlatform/cloudsql-proxy v0.0.0-20181009230506-ac834ce67862
go: finding github.com/prometheus/common v0.0.0-20180518154759-7600349dcfe1
go: finding github.com/hpcloud/tail v1.0.0
go: finding github.com/kevinburke/ssh_config v0.0.0-20180317175531-9fc7bb800b55
go: finding gopkg.in/ini.v1 v1.39.0
go: finding github.com/google/go-querystring v0.0.0-20150414214848-547ef5ac9797
go: finding github.com/alcortesm/tgz v0.0.0-20161220082320-9c5fe88206d7
go: finding github.com/spf13/viper v1.2.1
go: finding github.com/stretchr/ob** v0.1.0
go: finding github.com/onsi/ginkgo v1.6.0
go: finding github.com/asaskevich/govalidator v0.0.0-20180720115003-f9ffefc3facf
go: finding github.com/grpc-ecosystem/grpc-gateway v1.5.1
go: finding github.com/Azure/azure-storage-blob-go v0.0.0-20181023070848-cf01652132cc
go: finding k8s.io/code-generator v0.0.0-20190416052311-01a054e913a9
go: finding github.com/smartystreets/goconvey v0.0.0-20190306220146-200a235640ff
go: finding github.com/kr/pty v1.1.2
go: finding github.com/Microsoft/go-winio v0.4.6
go: finding github.com/grpc-ecosystem/grpc-gateway v1.4.1
go: finding github.com/Netflix/go-expect v0.0.0-20180615182759-c93bf25de8e8
go: finding github.com/mitchellh/mapstructure v1.0.0
go: finding gopkg.in/cheggaaa/pb.v1 v1.0.25
go: finding github.com/mitchellh/mapstructure v0.0.0-20180511142126-bb74f1db0675
go: finding github.com/opencontainers/runc v0.1.1
go: finding github.com/ugorji/go v1.1.1
go: finding github.com/mailru/easyjson v0.0.0-20171120080333-32fa128f234d
go: finding google.golang.org/appengine v1.2.0
go: finding github.com/tmc/grpc-websocket-proxy v0.0.0-20170815181823-89b8d40f7ca8
go: finding contrib.go.opencensus.io/exporter/stackdriver v0.6.0
go: finding golang.org/x/net v0.0.0-20180530234432-1e491301e022
go: finding gopkg.in/cenkalti/backoff.v1 v1.1.0
go: finding go.etcd.io/bbolt v1.3.1-etcd.7
go: finding github.com/opentracing/opentracing-go v1.0.2
go: finding github.com/aws/aws-sdk-go v1.15.57
go: finding github.com/spf13/jwalterweatherman v1.0.0
go: finding github.com/hashicorp/errwrap v1.0.0
go: finding github.com/Netflix/go-expect v0.0.0-20180814212900-124a37274874
go: finding github.com/go-sql-driver/mysql v1.4.0
go: finding github.com/sethgrid/pester v0.0.0-20180430140037-03e26c9abbbf
go: finding gonum.org/v1/netlib v0.0.0-20190331212654-76723241ea4e
go: finding github.com/gfleury/go-bitbucket-v1 v0.0.0-20190216152406-3a732135aa4d
go: finding github.com/onsi/ginkgo v1.5.0
go: finding github.com/golang/protobuf v1.2.0
go: finding google.golang.org/grpc v1.14.0
go: finding cloud.google.com/go v0.23.0
go: finding github.com/andygrunwald/go-jira v1.5.0
go: finding github.com/lib/pq v1.0.0
go: finding github.com/coreos/go-systemd v0.0.0-20180511133405-39ca1b05acc7
go: finding github.com/google/wire v0.2.0
go: finding code.gitea.io/sdk v0.0.0-20180702024448-79a281c4e34a
go: finding github.com/dustin/go-humanize v0.0.0-20171111073723-bb3d318650d4
go: finding github.com/go-openapi/swag v0.17.0
go: finding golang.org/x/sys v0.0.0-20180606202747-9527bec2660b
go: finding github.com/gorilla/websocket v1.4.0
go: finding modernc.org/cc v1.0.0
go: finding google.golang.org/api v0.0.0-20181017004218-3f6e8463aa1d
go: finding golang.org/x/lint v0.0.0-20181026193005-c67002cb31c3
go: finding golang.org/x/sys v0.0.0-20180906133057-8cf3aee42992
go: finding github.com/bgentry/speakeasy v0.1.0
go: finding modernc.org/golex v1.0.0
go: finding github.com/remyoudompheng/bigfft v0.0.0-20170806203942-52369c62f446
go: finding k8s.io/gengo v0.0.0-20190116091435-f8a0810f38af
go: finding github.com/google/btree v0.0.0-20180813153112-4030bb1f1f0c
go: finding github.com/spf13/afero v1.1.2
go: finding github.com/hashicorp/hcl v0.0.0-20180404174102-ef8a98b0bbce
go: finding golang.org/x/crypto v0.0.0-20180608092829-8ac0e0d97ce4
go: finding google.golang.org/appengine v1.3.0
go: finding golang.org/x/exp v0.0.0-20190312203227-4b39c73a6495
go: finding github.com/codeship/codeship-go v0.0.0-20180717142545-7793ca823354
go: finding github.com/mattn/go-isatty v0.0.4
go: finding google.golang.org/genproto v0.0.0-20180601223552-81158efcc9f2
go: finding github.com/golang/snappy v0.0.0-20180518054509-2e65f85255db
go: finding modernc.org/xc v1.0.0
go: finding modernc.org/strutil v1.0.0
go: finding github.com/evanphx/json-patch v4.0.0+incompatible
go: finding github.com/shirou/w32 v0.0.0-20160930032740-bb4de0191aa4
go: finding github.com/googleapis/gnostic v0.2.0
go: finding github.com/ugorji/go/codec v0.0.0-20181012064053-8333dd449516
go: finding golang.org/x/tools v0.0.0-20190312151545-0bb0c0a6e846
go: finding github.com/go-ini/ini v1.39.0
go: finding github.com/BurntSushi/xgb v0.0.0-20160522181843-27f122750802
go: finding github.com/googleapis/gax-go v2.0.0+incompatible
go: finding github.com/joho/godotenv v1.3.0
go: finding github.com/google/gofuzz v0.0.0-20170612174753-24818f796faf
go: finding github.com/tidwall/gjson v1.1.0
go: finding github.com/spf13/afero v1.1.1
go: finding gopkg.in/check.v1 v1.0.0-20161208181325-20d25e280405
go: finding contrib.go.opencensus.io/exporter/aws v0.0.0-20180906190126-dd54a7ef511e
go: finding k8s.io/klog v0.0.0-20190306015804-8e90cee79f82
go: finding github.com/google/go-querystring v1.0.0
go: finding github.com/hashicorp/vault v1.1.2
go: finding github.com/chromedp/chromedp v0.1.1
go: finding golang.org/x/net v0.0.0-20181017193950-04a2e542c03f
go: finding github.com/mitchellh/ioprogress v0.0.0-20180201004757-6a23b12fa88e
go: finding golang.org/x/mobile v0.0.0-20190312151609-d3739f865fa6
go: finding github.com/hashicorp/go-rootcerts v1.0.0
go: finding github.com/jtolds/gls v4.20.0+incompatible
go: finding golang.org/x/sys v0.0.0-20180823144017-11551d06cbcc
go: finding github.com/go-openapi/strfmt v0.17.0
go: finding github.com/chromedp/cdproto v0.0.0-20180703215205-c125a34ea3b3
go: finding modernc.org/mathutil v1.0.0
go: finding github.com/satori/go.uuid v1.2.1-0.20180103174451-36e9d2ebbde5
go: finding golang.org/x/tools v0.0.0-20190328211700-ab21143f2384
go: finding github.com/hashicorp/golang-lru v0.5.0
go: finding github.com/gorilla/websocket v1.2.0
go: finding github.com/xeipuuv/gojsonschema v1.1.0
go: finding github.com/djherbis/atime v1.0.0
go: finding github.com/armon/go-radix v0.0.0-20180808171621-7fddfc383310
go: finding google.golang.org/genproto v0.0.0-20180608181217-32ee49c4dd80
go: finding golang.org/x/net v0.0.0-20190311183353-d8887717615a
go: finding github.com/evanphx/json-patch v4.1.0+incompatible
go: finding golang.org/x/image v0.0.0-20190227222117-0694c2d4d067
go: finding gonum.org/v1/gonum v0.0.0-20190331200053-3d26580ed485
go: finding github.com/knq/sysutil v0.0.0-20180306023629-0218e141a794
go: finding github.com/spf13/pflag v0.0.0-20170508184408-e57e3eeb33f7
go: finding github.com/disintegration/imaging v1.4.2
go: finding golang.org/x/net v0.0.0-20180724234803-3673e40ba225
go: finding github.com/golang/groupcache v0.0.0-20180924190550-6f2cf27854a4
go: finding k8s.io/test-infra v0.0.0-20181019233642-2e10a0bbe9b3
go: finding github.com/mailru/easyjson v0.0.0-20180606163543-3fdea8d05856
go: finding github.com/tidwall/match v0.0.0-20171002075945-1731857f09b1
go: finding golang.org/x/exp v0.0.0-20190125153040-c74c464bbbf2
go: finding golang.org/x/crypto v0.0.0-20190308221718-c2843e01d9a2
go: finding golang.org/x/image v0.0.0-20180628062038-cc896f830ced
go: finding github.com/mattn/go-isatty v0.0.3
go: finding github.com/mitchellh/go-homedir v1.0.0
go: finding golang.org/x/net v0.0.0-20180702212446-ed29d75add3d
go: finding github.com/gogo/protobuf v0.0.0-20171007142547-342cbe0a0415
go: finding golang.org/x/sys v0.0.0-20190312061237-fead79001313
go: finding github.com/aws/aws-sdk-go v1.15.27
go: finding golang.org/x/tools v0.0.0-20181017214349-06f26fdaaa28
go: finding golang.org/x/net v0.0.0-20181106065722-10aee1819953
go: finding github.com/petar/GoLLRB v0.0.0-20130427215148-53be0d36a84c
go: finding github.com/prometheus/common v0.2.0
go: finding gonum.org/v1/netlib v0.0.0-20190313105609-8cb42192e0e0
go: finding golang.org/x/tools v0.0.0-20190206041539-40960b6deb8e
go: finding github.com/soheilhy/cmux v0.1.4
go: finding golang.org/x/net v0.0.0-20181201002055-351d144fa1fc
go: finding gopkg.in/alecthomas/kingpin.v2 v2.2.6
go: finding golang.org/x/net v0.0.0-20181114220301-adae6a3d119a
go: finding github.com/alecthomas/units v0.0.0-20151022065526-2efee857e7cf
go: finding github.com/go-stack/stack v1.8.0
go: finding github.com/prometheus/client_golang v0.9.1
go: finding github.com/mwitkow/go-conntrack v0.0.0-20161129095857-cc309e4a2223
go: finding github.com/julienschmidt/httprouter v1.2.0
go: finding github.com/alecthomas/template v0.0.0-20160405071501-a0175ee3bccc
go: finding golang.org/x/sys v0.0.0-20181116152217-5ac8a444bdc5
go: finding github.com/go-logfmt/logfmt v0.3.0
go: finding github.com/go-kit/kit v0.8.0
go: finding github.com/kr/logfmt v0.0.0-20140226030751-b84e30acd515
go: finding golang.org/x/sys v0.0.0-20190215142949-d0b11bdaac8a
go: downloading k8s.io/client-go v2.0.0-alpha.0.0.20190115164855-701b91367003+incompatible
go: downloading github.com/jenkins-x/golang-jenkins v0.0.0-20180919102630-65b83ad42314
go: downloading sigs.k8s.io/yaml v1.1.0
go: downloading gopkg.in/yaml.v2 v2.2.1
go: downloading k8s.io/kubernetes v1.11.3
go: downloading k8s.io/apimachinery v0.0.0-20190122181752-bebe27e40fb7
go: downloading github.com/knative/serving v0.5.0
go: downloading k8s.io/apiextensions-apiserver v0.0.0-20181128195303-1f84094d7e8e
go: downloading github.com/hashicorp/vault v1.1.2
go: downloading github.com/blang/semver v3.5.1+incompatible
go: downloading github.com/IBM-Cloud/bluemix-go v0.0.0-20181008063305-d718d474c7c2
go: downloading k8s.io/api v0.0.0-20181128191700-6db15a15d2d3
go: downloading github.com/chromedp/chromedp v0.1.1
go: downloading github.com/jtnord/logrus v1.4.2-0.20190423161236-606ffcaf8f5d
go: downloading k8s.io/metrics v0.0.0-20181128195641-3954d62a524d
go: downloading github.com/jenkins-x/sonobuoy v0.11.7-0.20190318120422-253758214767
go: downloading github.com/disintegration/imaging v1.4.2
go: downloading github.com/hpcloud/tail v1.0.0
go: downloading k8s.io/test-infra v0.0.0-20190131093439-a22cef183a8f
go: downloading github.com/stretchr/testify v1.3.0
go: downloading k8s.io/helm v2.7.2+incompatible
go: downloading github.com/beevik/etree v1.0.1
go: downloading github.com/chromedp/cdproto v0.0.0-20180720050708-57cf4773008d
go: downloading github.com/rodaine/hclencoder v0.0.0-20180926060551-0680c4321930
go: downloading k8s.io/kube-openapi v0.0.0-20190228160746-b3a7cee44a30
go: downloading github.com/pkg/errors v0.8.0
go: downloading github.com/hashicorp/hcl v1.0.0
go: downloading github.com/google/go-containerregistry v0.0.0-20190317040536-ebbba8469d06
go: downloading github.com/knative/build v0.5.0
go: downloading golang.org/x/image v0.0.0-20190227222117-0694c2d4d067
go: downloading gocloud.dev v0.9.0
go: downloading github.com/gogo/protobuf v1.1.1
go: downloading github.com/google/gofuzz v0.0.0-20170612174753-24818f796faf
go: downloading github.com/golang/glog v0.0.0-20160126235308-23def4e6c14b
go: downloading github.com/alexflint/go-filemutex v0.0.0-20171028004239-d358565f3c3f
go: downloading github.com/gregjones/httpcache v0.0.0-20181110185634-c63ab54fda8f
go: downloading gopkg.in/src-d/go-git.v4 v4.5.0
go: downloading github.com/Jeffail/gabs v1.1.1
go: downloading github.com/antham/chyle v1.4.0
go: downloading github.com/spf13/cobra v0.0.3
go: downloading github.com/aws/aws-sdk-go v1.17.10
go: downloading github.com/google/go-github v17.0.0+incompatible
go: downloading github.com/mitchellh/mapstructure v1.1.2
go: downloading github.com/banzaicloud/bank-vaults v0.0.0-20190508130850-5673d28c46bd
go: downloading github.com/tektoncd/pipeline v0.3.1
go: downloading github.com/imdario/mergo v0.3.6
go: downloading golang.org/x/oauth2 v0.0.0-20181203162652-d668ce993890
go: downloading github.com/codeship/codeship-go v0.0.0-20180717142545-7793ca823354
go: downloading github.com/knative/pkg v0.0.0-20190402181056-ff46edef0ae5
go: downloading gopkg.in/AlecAivazis/survey.v1 v1.8.3
go: downloading github.com/emirpasic/gods v1.9.0
go: downloading github.com/jetstack/cert-manager v0.5.2
go: downloading github.com/google/uuid v1.1.0
go: downloading github.com/gfleury/go-bitbucket-v1 v0.0.0-20190216152406-3a732135aa4d
go: downloading github.com/mailru/easyjson v0.0.0-20180823135443-60711f1a8329
go: downloading github.com/shurcooL/githubv4 v0.0.0-20180925043049-51d7b505e2e9
go: downloading github.com/Azure/azure-storage-blob-go v0.0.0-20181023070848-cf01652132cc
go: downloading github.com/pborman/uuid v1.2.0
go: downloading github.com/sergi/go-diff v1.0.0
go: downloading golang.org/x/net v0.0.0-20190311183353-d8887717615a
go: downloading gopkg.in/src-d/go-billy.v4 v4.2.0
go: downloading github.com/iancoleman/orderedmap v0.0.0-20181121102841-22c6ecc9fe13
go: downloading golang.org/x/crypto v0.0.0-20190308221718-c2843e01d9a2
go: downloading github.com/spf13/pflag v1.0.3
go: downloading github.com/mholt/archiver v3.1.1+incompatible
go: downloading github.com/wbrefvem/go-bitbucket v0.0.0-20190128183802-fc08fd046abb
go: downloading github.com/hashicorp/go-version v1.1.0
go: downloading github.com/ghodss/yaml v1.0.0
go: downloading github.com/rollout/rox-go v0.0.0-20181220111955-29ddae74a8c4
go: downloading github.com/go-openapi/spec v0.19.0
go: downloading github.com/google/go-querystring v1.0.0
go: downloading github.com/src-d/gcfg v1.3.0
go: downloading github.com/gorilla/websocket v1.4.0
go: downloading github.com/stoewer/go-strcase v1.0.1
go: downloading github.com/golang/snappy v0.0.0-20180518054509-2e65f85255db
go: downloading github.com/Pallinder/go-randomdata v0.0.0-20180616180521-15df0648130a
go: downloading github.com/denormal/go-gitignore v0.0.0-20180713143441-75ce8f3e513c
go: downloading golang.org/x/time v0.0.0-20180412165947-fbb02b2291d2
go: downloading github.com/go-openapi/jsonreference v0.17.0
go: downloading github.com/pkg/browser v0.0.0-20170505125900-c90ca0c84f15
go: downloading github.com/alecthomas/jsonschema v0.0.0-20190504002508-159cbd5dba26
go: downloading github.com/evanphx/json-patch v4.1.0+incompatible
go: downloading github.com/cloudflare/cfssl v0.0.0-20190409034051-768cd563887f
go: downloading github.com/google/wire v0.2.0
go: downloading github.com/gobwas/glob v0.2.3
go: downloading github.com/danwakefield/fnmatch v0.0.0-20160403171240-cbb64ac3d964
go: downloading github.com/gorilla/mux v1.6.2
go: downloading github.com/davecgh/go-spew v1.1.1
go: downloading github.com/golang/protobuf v1.2.0
go: downloading github.com/xi2/xz v0.0.0-20171230120015-48954b6210f8
go: downloading github.com/go-openapi/jsonpointer v0.17.0
go: downloading github.com/knq/sysutil v0.0.0-20180306023629-0218e141a794
go: downloading github.com/pierrec/lz4 v2.0.5+incompatible
go: downloading github.com/viniciuschiele/tarx v0.0.0-20151205142357-6e3da540444d
go: downloading code.gitea.io/sdk v0.0.0-20180702024448-79a281c4e34a
go: downloading github.com/google/go-cmp v0.2.0
go: downloading golang.org/x/sys v0.0.0-20190411185658-b44545bcd369
go: downloading github.com/Azure/azure-pipeline-go v0.1.8
go: downloading github.com/jenkins-x/draft-repo v0.0.0-20180417100212-2f66cc518135
go: downloading github.com/kballard/go-shellquote v0.0.0-20180428030007-95032a82bc51
go: downloading github.com/fatih/structs v1.1.0
go: downloading github.com/nwaples/rardecode v1.0.0
go: downloading github.com/dsnet/compress v0.0.0-20171208185109-cc9eb1d7ad76
go: downloading google.golang.org/grpc v1.17.0
go: downloading github.com/peterbourgon/diskv v2.0.1+incompatible
go: downloading github.com/shurcooL/graphql v0.0.0-20180924043259-e4a3a37e6d42
go: downloading github.com/spf13/viper v1.2.1
go: downloading github.com/shurcooL/go v0.0.0-20180423040247-9e1955d9fb6e
go: downloading google.golang.org/api v0.1.0
go: downloading github.com/spf13/jwalterweatherman v1.0.0
go: downloading github.com/pelletier/go-toml v1.2.0
go: downloading github.com/xeipuuv/gojsonschema v1.1.0
go: downloading github.com/kevinburke/ssh_config v0.0.0-20180317175531-9fc7bb800b55
go: downloading github.com/Azure/go-autorest v10.15.5+incompatible
go: downloading github.com/pmezard/go-difflib v1.0.0
go: downloading github.com/fatih/color v1.7.0
go: downloading github.com/go-openapi/swag v0.17.0
go: downloading github.com/satori/go.uuid v1.2.1-0.20180103174451-36e9d2ebbde5
go: downloading github.com/modern-go/reflect2 v1.0.1
go: downloading cloud.google.com/go v0.34.0
go: downloading golang.org/x/text v0.3.0
go: downloading github.com/hashicorp/golang-lru v0.5.0
go: downloading github.com/spf13/afero v1.1.2
go: downloading github.com/spf13/cast v1.2.0
go: downloading github.com/sethvargo/go-password v0.1.2
go: downloading github.com/c2h5oh/datasize v0.0.0-20171227191756-4eba002a5eae
go: downloading github.com/mattbaird/jsonpatch v0.0.0-20171005235357-81af80346b1a
go: downloading github.com/gophercloud/gophercloud v0.0.0-20181215224939-bdd8b1ecd793
go: downloading gopkg.in/tomb.v1 v1.0.0-20141024135613-dd632973f1e7
go: downloading github.com/hashicorp/go-retryablehttp v0.5.3
go: downloading github.com/PuerkitoBio/purell v1.1.0
go: downloading github.com/fsnotify/fsnotify v1.4.7
go: downloading github.com/hashicorp/go-rootcerts v1.0.0
go: downloading github.com/google/btree v0.0.0-20180813153112-4030bb1f1f0c
go: downloading github.com/onsi/ginkgo v1.7.0
go: downloading google.golang.org/genproto v0.0.0-20190219182410-082222b4a5c5
go: downloading github.com/mattn/go-isatty v0.0.4
go: downloading github.com/cenkalti/backoff v2.1.1+incompatible
go: downloading github.com/hashicorp/go-multierror v1.0.0
go: downloading github.com/ulikunitz/xz v0.5.6
go: downloading golang.org/x/sync v0.0.0-20181221193216-37e7f081c4d4
go: downloading github.com/modern-go/concurrent v0.0.0-20180306012644-bacd9c7ef1dd
go: downloading github.com/xeipuuv/gojsonreference v0.0.0-20180127040603-bd5ef7bd5415
go: downloading github.com/Azure/draft v0.15.0
go: downloading github.com/dgrijalva/jwt-go v3.2.0+incompatible
go: downloading github.com/gorilla/sessions v1.1.3
go: downloading github.com/googleapis/gax-go v2.0.0+incompatible
go: downloading github.com/mitchellh/go-homedir v1.1.0
go: downloading gopkg.in/robfig/cron.v2 v2.0.0-20150107220207-be2e0b0deed5
go: downloading github.com/Masterminds/semver v1.4.2
go: downloading github.com/hashicorp/go-cleanhttp v0.5.1
go: downloading github.com/PuerkitoBio/urlesc v0.0.0-20170810143723-de5bf2ad4578
go: downloading github.com/googleapis/gnostic v0.2.0
go: downloading github.com/rifflock/lfshook v0.0.0-20180227222202-bf539943797a
go: downloading gopkg.in/inf.v0 v0.9.1
go: downloading github.com/nlopes/slack v0.0.0-20180721202243-347a74b1ea30
go: downloading github.com/jbenet/go-context v0.0.0-20150711004518-d14ea06fba99
go: downloading github.com/go-errors/errors v1.0.1
go: downloading github.com/gorilla/securecookie v1.1.1
go: downloading github.com/russross/blackfriday v1.5.1
go: downloading github.com/mgutz/ansi v0.0.0-20170206155736-9520e82c474b
go: downloading gopkg.in/warnings.v0 v0.1.2
go: downloading github.com/hashicorp/errwrap v1.0.0
go: downloading github.com/mattn/go-colorable v0.0.9
go: downloading github.com/andygrunwald/go-jira v1.5.0
go: downloading github.com/andygrunwald/go-gerrit v0.0.0-20181026193842-43cfd7a94eb4
go: downloading github.com/cpuguy83/go-md2man v1.0.8
go: downloading github.com/xanzy/ssh-agent v0.2.0
go: downloading github.com/emicklei/go-restful v2.9.3+incompatible
go: downloading github.com/jbrukh/bayesian v0.0.0-20161210175230-bf3f261f9a9c
go: downloading github.com/jmespath/go-jmespath v0.0.0-20180206201540-c2b33e8439af
go: downloading github.com/MakeNowJust/heredoc v0.0.0-20171113091838-e9091a26100e
go: downloading github.com/xeipuuv/gojsonpointer v0.0.0-20180127040702-4e3ac2762d5f
go: downloading github.com/json-iterator/go v1.1.5
go: downloading github.com/pelletier/go-buffruneio v0.2.0
go: downloading gopkg.in/fsnotify.v1 v1.4.7
go: downloading github.com/hashicorp/go-sockaddr v1.0.2
go: downloading github.com/xanzy/go-gitlab v0.0.0-20180814191223-f3bc634ab936
go: downloading github.com/shirou/gopsutil v0.0.0-20180901134234-eb1f1ab16f2e
go: downloading github.com/magiconair/properties v1.8.0
go: downloading github.com/gorilla/context v1.1.1
go: downloading github.com/trivago/tgo v1.0.1
go: downloading github.com/BurntSushi/toml v0.3.1
go: downloading github.com/prometheus/client_golang v0.9.2
go: downloading go.opencensus.io v0.18.0
go: downloading github.com/ryanuber/go-glob v0.0.0-20170128012129-256dc444b735
go: downloading github.com/docker/spdystream v0.0.0-20170912183627-bc6354cbbc29
go: downloading github.com/rollout/sse v0.0.0-20181105093643-e422b54b3b28
go: downloading gopkg.in/cenkalti/backoff.v1 v1.1.0
go: downloading github.com/prometheus/common v0.2.0
go: downloading github.com/prometheus/client_model v0.0.0-20180712105110-5c3871d89910
go: downloading github.com/beorn7/perks v0.0.0-20180321164747-3a771d992973
go: downloading github.com/prometheus/procfs v0.0.0-20181204211112-1dc9a6cbc91a
go: downloading github.com/matttproud/golang_protobuf_extensions v1.0.1
go: finding k8s.io/api v0.0.0-20190126160303-ccdd560a045f
go: finding github.com/banzaicloud/bank-vaults v0.0.0-00010101000000-000000000000
go: finding k8s.io/client-go v9.0.0+incompatible
go: finding github.com/heptio/sonobuoy v0.12.0
go: finding github.com/sirupsen/logrus v1.4.1
go: finding k8s.io/apiextensions-apiserver v0.0.0-20190308081736-3a66ae4d2f93
go: finding k8s.io/metrics v0.0.0-20180620010437-b11cf31b380b
go: finding github.com/Azure/go-autorest v11.2.8+incompatible
Step: build-step-validate-binary:

** is a command line tool for working with Jenkins X

Installing:
  install                   Install Jenkins X in the current Kubernetes cluster
  uninstall                 Uninstall the Jenkins X platform
  upgrade                   Upgrades a resource
  create cluster            Create a new Kubernetes cluster
  update cluster            Updates an existing Kubernetes cluster
  create jenkins token      Adds a new username and API token for a Jenkins server
  delete jenkins token      Deletes one or more Jenkins user API tokens
  init                      Init Jenkins X

Adding Projects to Jenkins X:
  import                    Imports a local project or Git repository into Jenkins
  create archetype          Create a new app from a Maven Archetype and import the generated code into Git and Jenkins for CI/CD
  create spring             Create a new Spring Boot application and import the generated code into Git and Jenkins for CI/CD
  create lile               Create a new Lile based application and import the generated code into Git and Jenkins for CI/CD
  create micro              Create a new micro based application and import the generated code into Git and Jenkins for CI/CD
  create quickstart         Create a new app from a Quickstart and import the generated code into Git and Jenkins for CI/CD
  create quickstartlocation Create a location of quickstarts for your team

Apps:
  create addon              Creates an addon
  create token addon        Adds a new token/login for a user for a given addon
  delete addon              Deletes one or more addons
  delete token addon        Deletes one or more API tokens for a user on an issue addon server
  delete app                Deletes one or more apps from Jenkins X
  delete application        Deletes one or more applications from Jenkins
  add app                   Adds an app

Git:
  create git server         Creates a new Git server from a URL and kind
  delete git server         Deletes one or more Git servers
  create git token          Adds a new API token for a user on a Git server
  delete git token          Deletes one or more API tokens for a user on a Git server
  repository                Opens the web page for the current Git repository in a browser

Working with Kubernetes:
  compliance                Run compliance tests against Kubernetes cluster
  completion                Output shell completion code for the given shell (bash or zsh)
  context                   View or change the current Kubernetes context (Kubernetes cluster)
  environment               View or change the current environment in the current Kubernetes cluster
  team                      View or change the current team in the current Kubernetes cluster
  namespace                 View or change the current namespace context in the current Kubernetes cluster
  prompt                    Generate the command line prompt for the current team and environment
  scan                      Perform a scan action
  shell                     Create a sub shell so that changes to the Kubernetes context, namespace or environment remain local to the shell
  status                    status of the Kubernetes cluster or named node

Working with Applications:
  console                   Opens the Jenkins console
  logs                      Tails the log of the latest pod for a deployment
  open                      Open a service in a browser
  rsh                       Opens a terminal in a pod or runs a command in the pod
  sync                      Synchronises your local files to a DevPod

Working with CloudBees application:
  cloudbees                 Opens the CloudBees app for Kubernetes for visualising CI/CD and your environments
  login                     Onboard an user into the CloudBees application

Working with Environments:
  preview                   Creates or updates a Preview Environment for the current version of an application
  promote                   Promotes a version of an application to an Environment
  create addon environment  Create an Environment Controller to handle webhooks and promote changes from GitOps
  create environment        Create a new Environment which is used to promote your Team's Applications via Continuous Delivery
  delete addon environment  Deletes the Environment Controller 
  delete environment        Deletes one or more Environments
  edit environment          Edits an Environment which is used to promote your Team's Applications via Continuous Delivery
  get environments          Display one or more Environments

Working with Jenkins X resources:
  get                       Display one or more resources
  edit                      Edit a resource
  create                    Create a new resource
  update                    Updates an existing resource
  delete                    Deletes one or more resources
  add                       Adds a new resource
  start                     Starts a process such as a pipeline
  stop                      Stops a process such as a pipeline

Jenkins X Pipeline Commands:
  step                      pipeline steps

Jenkins X services:
  controller                Runs a controller
  gc                        Garbage collects Jenkins X resources

Other Commands:
  diagnose                  Print diagnostic information about the Jenkins X installation
  docs                      Open the documentation in a browser
  help                      Help about any command
  version                   Print the version information

Options:
  -b, --batch-mode=true: Runs in batch mode without prompting for user input
      --install-dependencies=false: Enables automatic dependencies installation when required
      --log-level='info': Sets the logging level (panic, fatal, error, warning, info, debug)
      --no-brew=false: Disables brew package manager on MacOS when installing binary dependencies
      --skip-auth-secrets-merge=false: Skips merging the secrets from local files with the secrets from Kubernetes cluster
      --verbose=false: Enables verbose output
      --version=false: version for **
Usage:
  ** [flags] [options]
Use "** <command> --help" for more information about a given command.
Use "** options" for a list of global command-line options (applies to all commands).
Step: build-step-build-and-push-image:

[36mINFO[0m[0000] Downloading base image centos:7              
ERROR: logging before flag.Parse: E0515 14:20:00.639262      13 metadata.go:142] while reading 'google-dockercfg' metadata: http status code: 404 while fetching url http://metadata.google.internal./computeMetadata/v1/instance/attributes/google-dockercfg
ERROR: logging before flag.Parse: E0515 14:20:00.644302      13 metadata.go:159] while reading 'google-dockercfg-url' metadata: http status code: 404 while fetching url http://metadata.google.internal./computeMetadata/v1/instance/attributes/google-dockercfg-url
[36mINFO[0m[0001] Error while retrieving image from cache: getting file info: stat /workspace/sha256:ca58fe458b8d94bc6e3072f1cfbd334855858e05e1fd633aa07cf7f82b048e66: no such file or directory 
[36mINFO[0m[0001] Downloading base image centos:7              
[36mINFO[0m[0002] Checking for cached layer jenkins-x-docker-registry.**.svc.cluster.local:5000/204a289e5f0fa16d44397237b1fa8bee4e4307351a4701310efb656a2c669d70... 
2019/05/15 14:20:03 No matching credentials were found, falling back on anonymous
[36mINFO[0m[0002] Using caching version of cmd: RUN yum install -y git 
[36mINFO[0m[0002] Using files from context: [/workspace/source/build/linux/**] 
[36mINFO[0m[0002] Skipping unpacking as no commands require it. 
[36mINFO[0m[0002] Taking snapshot of full filesystem...        
[36mINFO[0m[0003] RUN yum install -y git                       
[36mINFO[0m[0003] Found cached layer, extracting to filesystem 
[36mINFO[0m[0005] Taking snapshot of files...                  
[36mINFO[0m[0010] ENTRYPOINT ["**", "version"]                 
[36mINFO[0m[0010] No files changed in this command, skipping snapshotting. 
[36mINFO[0m[0010] Using files from context: [/workspace/source/build/linux/**] 
[36mINFO[0m[0010] COPY ./build/linux/** /usr/bin/**            
[36mINFO[0m[0010] Taking snapshot of files...                  
2019/05/15 14:20:16 existing blob: sha256:8ba884070f611d31cb2c42eddb691319dc9facf5e0ec67672fcfa135181ab3df
2019/05/15 14:20:17 pushed blob sha256:fb8a092a5a0ff9823793fe047fb2f886d4b92c8ac844b0880470424f4f1739df
2019/05/15 14:20:25 pushed blob sha256:8f29d2e79e857e481c332da8d58f856cdc398d1cb5581ee1cfa374b79765e136
2019/05/15 14:20:27 pushed blob sha256:0389eac32027389d2e2b3ddbb59b8863647dc1fe1e46158754349a377f36d37e
2019/05/15 14:20:27 index.docker.io/jenkinsxio/**:0.0.0-SNAPSHOT-PR-3908-7: digest: sha256:70b05b43db62de7c9fedef07a447973deb1aa225216d6cc422ad268e5a9bc435 size: 759
Step: build-step-build-and-push-nodejs:

[36mINFO[0m[0000] Downloading base image gcr.io/jenkinsxio/builder-nodejs:0.1.404 
[36mINFO[0m[0000] Error while retrieving image from cache: getting file info: stat /workspace/sha256:888b7a30b8fa4452f2d48fbbe7653db74c5789d556514fa74ccc3bb8c3e13a01: no such file or directory 
[36mINFO[0m[0000] Downloading base image gcr.io/jenkinsxio/builder-nodejs:0.1.404 
[36mINFO[0m[0000] Using files from context: [/workspace/source/build/linux/**] 
[36mINFO[0m[0001] Skipping unpacking as no commands require it. 
[36mINFO[0m[0001] Taking snapshot of full filesystem...        
[36mINFO[0m[0003] Using files from context: [/workspace/source/build/linux/**] 
[36mINFO[0m[0003] COPY build/linux/** /usr/bin/**              
[36mINFO[0m[0003] Taking snapshot of files...                  
ERROR: logging before flag.Parse: E0515 14:20:36.937847      12 metadata.go:142] while reading 'google-dockercfg' metadata: http status code: 404 while fetching url http://metadata.google.internal./computeMetadata/v1/instance/attributes/google-dockercfg
ERROR: logging before flag.Parse: E0515 14:20:36.943484      12 metadata.go:159] while reading 'google-dockercfg-url' metadata: http status code: 404 while fetching url http://metadata.google.internal./computeMetadata/v1/instance/attributes/google-dockercfg-url
2019/05/15 14:20:38 existing blob: sha256:8c95aa7bb181133a8bb7b33fdcd7f9d205e3a006abe9ddcfbe671e5cd974c7d1
2019/05/15 14:20:38 existing blob: sha256:4300c249c6ee130ad8071304523529d6fcc24dc224711da7bb178cd0e4edeb4a
2019/05/15 14:20:38 existing blob: sha256:5a529195a76ae36cf3dad27c2e13db407f4296dcc5041cf8582a42d1e0f2dee5
2019/05/15 14:20:38 existing blob: sha256:46b86ef9996bd92108b8607f2b4ebcff006cc7714c105ec27d4a7115eae6ae0b
2019/05/15 14:20:38 existing blob: sha256:8ba884070f611d31cb2c42eddb691319dc9facf5e0ec67672fcfa135181ab3df
2019/05/15 14:20:38 existing blob: sha256:d05598381f5ba9c6f27603b3575bc5af22c32ea7f2433d36a1f8327cf27cb791
2019/05/15 14:20:38 existing blob: sha256:7212aa959cf766e51727f63a169166d55951225762a0dc27a1ef4e8b452af017
2019/05/15 14:20:38 existing blob: sha256:a57246cf0c532f1a18af3531551fe8a4ff65d83af32f3fc89a92c911f8c14512
2019/05/15 14:20:38 existing blob: sha256:6ed71736f046f12d8a15171d92fe3585d12002c278ff8ded28e9b2c88eddb034
2019/05/15 14:20:38 existing blob: sha256:afd2bf0f1a3a9fa39a75238fda60b0523996d6232cd793436b1c5850506f538a
2019/05/15 14:20:38 existing blob: sha256:88f42f289cda99099875c2d201d18e50c6a444f59a41ed7bc81fc47dfe4eb3cb
2019/05/15 14:20:38 existing blob: sha256:3ae647bef846cd897fd444a7a2704099df434655928c1fb90d2cf658918bc3aa
2019/05/15 14:20:38 existing blob: sha256:850fe1fb1f31bf0891f1f409ef2fff8dede0995e70a7c914183d7f0efc817ad9
2019/05/15 14:20:38 existing blob: sha256:36a6199ebf41d5847778d37caae92cad9935054528a5aa0cb34b45499d7f0e5c
2019/05/15 14:20:38 existing blob: sha256:70253f19954a997b26f4707cbefb9d37954a8231eb330a1ed56e96b904d7e87b
2019/05/15 14:20:38 existing blob: sha256:4ef19eaf08cac82cdd765de13a4fe01aeef6eae81fb3e4bccfb5f269d41f9390
2019/05/15 14:20:38 existing blob: sha256:050c86e40aca5d42bdfacf81f0f9002c807ba431aa3c90a135901c6a82601afe
2019/05/15 14:20:38 existing blob: sha256:418b55202fcf444fc2c9779693875598f072d004cd4f6d8d2d1ba1ff30d11e5a
2019/05/15 14:20:38 existing blob: sha256:4c385cfdcbdcb895e89e5acae7c33d2d0c03b13cf03886358157e7768503fb2e
2019/05/15 14:20:38 existing blob: sha256:fff1fffc839967bb365a687b3767246ea4c8aa935a976422c9c7f72949f8f6b2
2019/05/15 14:20:38 existing blob: sha256:6f098dbb9bb757114e9e935dda763772c310d457464877d8e7b83d96fcdd98bd
2019/05/15 14:20:38 existing blob: sha256:02d517ac5f5c959038a0089c99383af3c8f67a80480b8eb2cb40f4a063727f8d
2019/05/15 14:20:38 existing blob: sha256:0698c414ddacb26bb6c3bdf1d811f15ab26a67d3864fbfa8a79bffc4ef22f6f1
2019/05/15 14:20:38 existing blob: sha256:e8da5d030f2853a542157cf05e7ecd0c74effab1d31937bafff11925b6a81c7b
2019/05/15 14:20:38 existing blob: sha256:6fc8470c731ef5e4ed82bb5d3e2e942246d70817bb9c628f7110b79c60d36167
2019/05/15 14:20:38 existing blob: sha256:a801b1a6ad33f0e2cd21f3ef3db529c7b4e6ffec840b7526553135041ddcdeb5
2019/05/15 14:20:38 existing blob: sha256:0a6e1677fa1066c576658ad5d186fcc1155fb52e9579c48b2a2c653a0fdf100c
2019/05/15 14:20:38 existing blob: sha256:07c11f05f0fe46942d4ac2aa7695fca903a41bd82002831518bb69ebf2a216b9
2019/05/15 14:20:38 existing blob: sha256:9b40875263d4268c553a853e1a477cae73c398235fbbeec87780e15be1d6912d
2019/05/15 14:20:38 existing blob: sha256:ab97414bb69609699d24ea4a8edc61fda3372235a6aab75bf6e9d0d24f36a77a
2019/05/15 14:20:39 pushed blob sha256:947062b3e8362a43e32df46d87616f2caf97984938b371e4c4e836a821c8b05c
2019/05/15 14:20:49 pushed blob sha256:367b5de508ce82aa81e6b5a54dd2b2eb8bdedf15b87587a565c1f67c33347ea8
2019/05/15 14:20:49 index.docker.io/jenkinsxio/builder-nodejs:0.0.0-SNAPSHOT-PR-3908-7: digest: sha256:a2223fdb4733c60459085aab38c98ed16121894109c493385ef700f74ce9f5f2 size: 5360
Step: build-step-build-and-push-maven:

[36mINFO[0m[0000] Downloading base image gcr.io/jenkinsxio/builder-maven:0.1.404 
[36mINFO[0m[0000] Error while retrieving image from cache: getting file info: stat /workspace/sha256:bd36d3c56d1f934e0bec3880c894b871b8599993dc21c9d148a5dafe7e04f086: no such file or directory 
[36mINFO[0m[0000] Downloading base image gcr.io/jenkinsxio/builder-maven:0.1.404 
[36mINFO[0m[0001] Using files from context: [/workspace/source/build/linux/**] 
[36mINFO[0m[0001] Skipping unpacking as no commands require it. 
[36mINFO[0m[0001] Taking snapshot of full filesystem...        
[36mINFO[0m[0002] Using files from context: [/workspace/source/build/linux/**] 
[36mINFO[0m[0003] COPY build/linux/** /usr/bin/**              
[36mINFO[0m[0003] Taking snapshot of files...                  
ERROR: logging before flag.Parse: E0515 14:20:57.489243      12 metadata.go:142] while reading 'google-dockercfg' metadata: http status code: 404 while fetching url http://metadata.google.internal./computeMetadata/v1/instance/attributes/google-dockercfg
ERROR: logging before flag.Parse: E0515 14:20:57.494028      12 metadata.go:159] while reading 'google-dockercfg-url' metadata: http status code: 404 while fetching url http://metadata.google.internal./computeMetadata/v1/instance/attributes/google-dockercfg-url
2019/05/15 14:20:58 existing blob: sha256:6fc8470c731ef5e4ed82bb5d3e2e942246d70817bb9c628f7110b79c60d36167
2019/05/15 14:20:58 existing blob: sha256:36a6199ebf41d5847778d37caae92cad9935054528a5aa0cb34b45499d7f0e5c
2019/05/15 14:20:59 existing blob: sha256:3ae647bef846cd897fd444a7a2704099df434655928c1fb90d2cf658918bc3aa
2019/05/15 14:20:59 existing blob: sha256:d05598381f5ba9c6f27603b3575bc5af22c32ea7f2433d36a1f8327cf27cb791
2019/05/15 14:20:59 existing blob: sha256:6f098dbb9bb757114e9e935dda763772c310d457464877d8e7b83d96fcdd98bd
2019/05/15 14:20:59 existing blob: sha256:418b55202fcf444fc2c9779693875598f072d004cd4f6d8d2d1ba1ff30d11e5a
2019/05/15 14:20:59 existing blob: sha256:70253f19954a997b26f4707cbefb9d37954a8231eb330a1ed56e96b904d7e87b
2019/05/15 14:20:59 existing blob: sha256:850fe1fb1f31bf0891f1f409ef2fff8dede0995e70a7c914183d7f0efc817ad9
2019/05/15 14:20:59 existing blob: sha256:ab97414bb69609699d24ea4a8edc61fda3372235a6aab75bf6e9d0d24f36a77a
2019/05/15 14:20:59 existing blob: sha256:050c86e40aca5d42bdfacf81f0f9002c807ba431aa3c90a135901c6a82601afe
2019/05/15 14:20:59 existing blob: sha256:5a529195a76ae36cf3dad27c2e13db407f4296dcc5041cf8582a42d1e0f2dee5
2019/05/15 14:20:59 existing blob: sha256:e8da5d030f2853a542157cf05e7ecd0c74effab1d31937bafff11925b6a81c7b
2019/05/15 14:20:59 existing blob: sha256:46b86ef9996bd92108b8607f2b4ebcff006cc7714c105ec27d4a7115eae6ae0b
2019/05/15 14:20:59 existing blob: sha256:0a6e1677fa1066c576658ad5d186fcc1155fb52e9579c48b2a2c653a0fdf100c
2019/05/15 14:20:59 existing blob: sha256:02d517ac5f5c959038a0089c99383af3c8f67a80480b8eb2cb40f4a063727f8d
2019/05/15 14:20:59 existing blob: sha256:afd2bf0f1a3a9fa39a75238fda60b0523996d6232cd793436b1c5850506f538a
2019/05/15 14:20:59 existing blob: sha256:8c95aa7bb181133a8bb7b33fdcd7f9d205e3a006abe9ddcfbe671e5cd974c7d1
2019/05/15 14:20:59 existing blob: sha256:a801b1a6ad33f0e2cd21f3ef3db529c7b4e6ffec840b7526553135041ddcdeb5
2019/05/15 14:20:59 existing blob: sha256:3c1bec12a8f774ae626f7973c3161bda66c1ea033517cadb9a78c8b2dba5f0bd
2019/05/15 14:20:59 existing blob: sha256:0698c414ddacb26bb6c3bdf1d811f15ab26a67d3864fbfa8a79bffc4ef22f6f1
2019/05/15 14:20:59 existing blob: sha256:4ef19eaf08cac82cdd765de13a4fe01aeef6eae81fb3e4bccfb5f269d41f9390
2019/05/15 14:20:59 existing blob: sha256:88f42f289cda99099875c2d201d18e50c6a444f59a41ed7bc81fc47dfe4eb3cb
2019/05/15 14:20:59 existing blob: sha256:9b40875263d4268c553a853e1a477cae73c398235fbbeec87780e15be1d6912d
2019/05/15 14:20:59 existing blob: sha256:7b79005ec4106770b17f24b8a75fa42607e5c2bbed5f27a352f937064b5aadcd
2019/05/15 14:20:59 existing blob: sha256:07c11f05f0fe46942d4ac2aa7695fca903a41bd82002831518bb69ebf2a216b9
2019/05/15 14:20:59 existing blob: sha256:8ba884070f611d31cb2c42eddb691319dc9facf5e0ec67672fcfa135181ab3df
2019/05/15 14:20:59 existing blob: sha256:a57246cf0c532f1a18af3531551fe8a4ff65d83af32f3fc89a92c911f8c14512
2019/05/15 14:20:59 existing blob: sha256:6ed71736f046f12d8a15171d92fe3585d12002c278ff8ded28e9b2c88eddb034
2019/05/15 14:20:59 pushed blob sha256:c3bc41b2365b8866889e65a73c52bc834da780cb4ec9d2c22f6adecf862a077c
2019/05/15 14:21:10 pushed blob sha256:27af82f96bb630ddd1b27ec4d7b6ced3dd0e506c77e678522247ea5cc485b129
2019/05/15 14:21:10 index.docker.io/jenkinsxio/builder-maven:0.0.0-SNAPSHOT-PR-3908-7: digest: sha256:0153cc36bcc8243f4b3ce241cf3cf6af291adca741c0b9917eb75d799821091f size: 5029
Step: build-step-build-and-push-go:

[36mINFO[0m[0000] Downloading base image gcr.io/jenkinsxio/builder-go:0.1.404 
[36mINFO[0m[0000] Error while retrieving image from cache: getting file info: stat /workspace/sha256:1fab88a9b0a00ec0d7c125e1b64f4a5ac724d7015b16b5487d87cda4f7dcf78f: no such file or directory 
[36mINFO[0m[0000] Downloading base image gcr.io/jenkinsxio/builder-go:0.1.404 
[36mINFO[0m[0001] Using files from context: [/workspace/source/build/linux/**] 
[36mINFO[0m[0001] Skipping unpacking as no commands require it. 
[36mINFO[0m[0001] Taking snapshot of full filesystem...        
[36mINFO[0m[0002] Using files from context: [/workspace/source/build/linux/**] 
[36mINFO[0m[0003] COPY build/linux/** /usr/bin/**              
[36mINFO[0m[0003] Taking snapshot of files...                  
ERROR: logging before flag.Parse: E0515 14:21:18.578983      13 metadata.go:142] while reading 'google-dockercfg' metadata: http status code: 404 while fetching url http://metadata.google.internal./computeMetadata/v1/instance/attributes/google-dockercfg
ERROR: logging before flag.Parse: E0515 14:21:18.584609      13 metadata.go:159] while reading 'google-dockercfg-url' metadata: http status code: 404 while fetching url http://metadata.google.internal./computeMetadata/v1/instance/attributes/google-dockercfg-url
2019/05/15 14:21:20 existing blob: sha256:8ba884070f611d31cb2c42eddb691319dc9facf5e0ec67672fcfa135181ab3df
2019/05/15 14:21:20 existing blob: sha256:4ef19eaf08cac82cdd765de13a4fe01aeef6eae81fb3e4bccfb5f269d41f9390
2019/05/15 14:21:20 existing blob: sha256:8062a5b488949100eaed1d0bee2eaa428058149c5ce1642f38863c638f1f5d77
2019/05/15 14:21:20 existing blob: sha256:94c6d48584a0a31771ab9a102856ca6ac55c04b0f27e9d03791a63514f78eacd
2019/05/15 14:21:20 existing blob: sha256:6e2afffe6a36254f5e314db1608a835ebe27c3de13fedd592f6e0354ee86a8c4
2019/05/15 14:21:20 existing blob: sha256:36a6199ebf41d5847778d37caae92cad9935054528a5aa0cb34b45499d7f0e5c
2019/05/15 14:21:20 existing blob: sha256:d05598381f5ba9c6f27603b3575bc5af22c32ea7f2433d36a1f8327cf27cb791
2019/05/15 14:21:20 existing blob: sha256:418b55202fcf444fc2c9779693875598f072d004cd4f6d8d2d1ba1ff30d11e5a
2019/05/15 14:21:20 existing blob: sha256:9b40875263d4268c553a853e1a477cae73c398235fbbeec87780e15be1d6912d
2019/05/15 14:21:20 existing blob: sha256:a801b1a6ad33f0e2cd21f3ef3db529c7b4e6ffec840b7526553135041ddcdeb5
2019/05/15 14:21:20 existing blob: sha256:3ae647bef846cd897fd444a7a2704099df434655928c1fb90d2cf658918bc3aa
2019/05/15 14:21:20 existing blob: sha256:035372ab83f93d25f7cfca7c60e03a3c798fc9795d461422ff91537de4b11742
2019/05/15 14:21:20 existing blob: sha256:5a529195a76ae36cf3dad27c2e13db407f4296dcc5041cf8582a42d1e0f2dee5
2019/05/15 14:21:20 existing blob: sha256:6f098dbb9bb757114e9e935dda763772c310d457464877d8e7b83d96fcdd98bd
2019/05/15 14:21:20 existing blob: sha256:101a6b5276ffc3e5d8ebdc3c82112bb6e86025dffb9ae4a081bb08f8e97e54c4
2019/05/15 14:21:20 existing blob: sha256:88f42f289cda99099875c2d201d18e50c6a444f59a41ed7bc81fc47dfe4eb3cb
2019/05/15 14:21:20 existing blob: sha256:6ed71736f046f12d8a15171d92fe3585d12002c278ff8ded28e9b2c88eddb034
2019/05/15 14:21:20 existing blob: sha256:ab97414bb69609699d24ea4a8edc61fda3372235a6aab75bf6e9d0d24f36a77a
2019/05/15 14:21:20 existing blob: sha256:71eee28a31c54db85752b426ac731d4fed8173741d9ef5fdd6e767257d1faa94
2019/05/15 14:21:20 existing blob: sha256:050c86e40aca5d42bdfacf81f0f9002c807ba431aa3c90a135901c6a82601afe
2019/05/15 14:21:20 existing blob: sha256:41eb976331fc879d4f0cc324607fc5ef8602d5404769141f71857692e11ea41c
2019/05/15 14:21:20 existing blob: sha256:850fe1fb1f31bf0891f1f409ef2fff8dede0995e70a7c914183d7f0efc817ad9
2019/05/15 14:21:20 existing blob: sha256:a57246cf0c532f1a18af3531551fe8a4ff65d83af32f3fc89a92c911f8c14512
2019/05/15 14:21:20 existing blob: sha256:e8d0aaf6ed61accbb34566bcfcc33361a4581f286b73714e98eec5378476a98c
2019/05/15 14:21:20 existing blob: sha256:6fc8470c731ef5e4ed82bb5d3e2e942246d70817bb9c628f7110b79c60d36167
2019/05/15 14:21:20 existing blob: sha256:8c95aa7bb181133a8bb7b33fdcd7f9d205e3a006abe9ddcfbe671e5cd974c7d1
2019/05/15 14:21:20 existing blob: sha256:02d517ac5f5c959038a0089c99383af3c8f67a80480b8eb2cb40f4a063727f8d
2019/05/15 14:21:20 existing blob: sha256:07c11f05f0fe46942d4ac2aa7695fca903a41bd82002831518bb69ebf2a216b9
2019/05/15 14:21:20 existing blob: sha256:e8da5d030f2853a542157cf05e7ecd0c74effab1d31937bafff11925b6a81c7b
2019/05/15 14:21:20 existing blob: sha256:70253f19954a997b26f4707cbefb9d37954a8231eb330a1ed56e96b904d7e87b
2019/05/15 14:21:20 existing blob: sha256:afd2bf0f1a3a9fa39a75238fda60b0523996d6232cd793436b1c5850506f538a
2019/05/15 14:21:20 existing blob: sha256:b9adc42f5493999d3190d739eb11ccc9c2ef9fdcf68c602eae2b21e0f00c4536
2019/05/15 14:21:20 existing blob: sha256:0698c414ddacb26bb6c3bdf1d811f15ab26a67d3864fbfa8a79bffc4ef22f6f1
2019/05/15 14:21:20 existing blob: sha256:0a6e1677fa1066c576658ad5d186fcc1155fb52e9579c48b2a2c653a0fdf100c
2019/05/15 14:21:20 existing blob: sha256:c7559a8cdd9cb44a46c817db0bdc08d43db572d71c2e2551a6361443c97125a4
2019/05/15 14:21:20 existing blob: sha256:acd61ab60704a1aaa24c75c30e778c4dfd4a628cae65c6f1323085e333938608
2019/05/15 14:21:20 existing blob: sha256:46b86ef9996bd92108b8607f2b4ebcff006cc7714c105ec27d4a7115eae6ae0b
2019/05/15 14:21:21 pushed blob sha256:c0cbdfe4451c7b7478d2df42f20fe83d95a0adbc8a6cdfc13aeb5d83b72dbbbd
2019/05/15 14:21:29 pushed blob sha256:cccb45410ed17a0630df008b18e147f2ddcc67561c64800f9c31d205989fc751
2019/05/15 14:21:30 index.docker.io/jenkinsxio/builder-go:0.0.0-SNAPSHOT-PR-3908-7: digest: sha256:991c49552a6758f6c1583bb6a1f3f8a72ddff24dd749219b9de2aa1165299496 size: 6511
Step: build-step-preview:

verifying Pull Request

1.3.1032
Generated Git credentials file /builder/home/git/credentials
Activated service account credentials for: [**-bdd-shared-cluster@jenkins-x-infra.iam.gserviceaccount.com]
Fetching cluster endpoint and auth data.
kubeconfig entry generated for **-bdd-tests.
the myvalues.yaml file is:
# override the build pod images
jenkins:
  Agent:
    PodTemplates:
      Maven:
        Containers:
          Maven:
            Image: jenkinsxio/builder-maven:0.0.0-SNAPSHOT-PR-3908-7
      Nodejs:
        Containers:
          Nodejs:
            Image: jenkinsxio/builder-nodejs:0.0.0-SNAPSHOT-PR-3908-7
      Go:
        Containers:
          Go:
            Image: jenkinsxio/builder-go:0.0.0-SNAPSHOT-PR-3908-7

# disable stuff
pipelinecontroller:
  enabled: false
monocular:
  enabled: false

# service link nexus
nexus:
  enabled: false
nexusServiceLink:
  enabled: true
  externalName: "nexus.**.svc.cluster.local"

# service link chartmuseum
chartmuseum:
  enabled: false
chartmuseumServiceLink:
  enabled: true
  externalName: "jenkins-x-chartmuseum.**.svc.cluster.local"
creating team: pr-3908-
Creating team bdd-ghe-**-pr-3908-7
Setting the dev namespace to: bdd-ghe-**-pr-3908-7
Namespace bdd-ghe-**-pr-3908-7 created 
 
WARNING: Failed to retrieve team settings: Failed to update Development environment in namespace bdd-ghe-**-pr-3908-7: environments.jenkins.io "dev" not found - falling back to default settings...
Using helmBinary helm with feature flag: none
Context "gke_jenkins-x-infra_europe-west1-c_**-bdd-tests" modified.
Storing the kubernetes provider gke in the TeamSettings
Enabling helm template mode in the TeamSettings
Git configured for user: JenkinsXBot and email jenkins-x@googlegroups.com
Using helm2
Skipping tiller
Using helmBinary helm with feature flag: template-mode
Initialising Helm 'init --client-only'
helm installed and configured
existing ingress controller found, no need to install a new one
Waiting for external loadbalancer to be created and update the nginx-ingress-controller service in kube-system namespace
Note: this loadbalancer will fail to be provisioned if you have insufficient quotas, this can happen easily on a GKE free account. To view quotas run: gcloud compute project-info describe
External loadbalancer created
Waiting to find the external host name of the ingress controller Service in namespace kube-system with name **ing-nginx-ingress-controller
No domain flag provided so using default 35.205.242.160.nip.io to generate Ingress rules
nginx ingress controller installed and configured
Lets set up a Git user name and API token to be able to perform CI/CD

Select the CI/CD pipelines Git server and user
Setting the pipelines Git server https://github.beescloud.com and user name ****.
Saving the Git authentication configuration
Current configuration dir: /builder/home/.**
versionRepository: https://github.com/jenkins-x/jenkins-x-versions.git git ref: 
Deleting and cloning the Jenkins X versions repo
Cloning the Jenkins X versions repo https://github.com/jenkins-x/jenkins-x-versions.git with ref refs/heads/master to /builder/home/.**/jenkins-x-versions
Enumerating objects: 84, done.
Counting objects:   1% (1/84)   Counting objects:   2% (2/84)   Counting objects:   3% (3/84)   Counting objects:   4% (4/84)   Counting objects:   5% (5/84)   Counting objects:   7% (6/84)   Counting objects:   8% (7/84)   Counting objects:   9% (8/84)   Counting objects:  10% (9/84)   Counting objects:  11% (10/84)   Counting objects:  13% (11/84)   Counting objects:  14% (12/84)   Counting objects:  15% (13/84)   Counting objects:  16% (14/84)   Counting objects:  17% (15/84)   Counting objects:  19% (16/84)   Counting objects:  20% (17/84)   Counting objects:  21% (18/84)   Counting objects:  22% (19/84)   Counting objects:  23% (20/84)   Counting objects:  25% (21/84)   Counting objects:  26% (22/84)   Counting objects:  27% (23/84)   Counting objects:  28% (24/84)   Counting objects:  29% (25/84)   Counting objects:  30% (26/84)   Counting objects:  32% (27/84)   Counting objects:  33% (28/84)   Counting objects:  34% (29/84)   Counting objects:  35% (30/84)   Counting objects:  36% (31/84)   Counting objects:  38% (32/84)   Counting objects:  39% (33/84)   Counting objects:  40% (34/84)   Counting objects:  41% (35/84)   Counting objects:  42% (36/84)   Counting objects:  44% (37/84)   Counting objects:  45% (38/84)   Counting objects:  46% (39/84)   Counting objects:  47% (40/84)   Counting objects:  48% (41/84)   Counting objects:  50% (42/84)   Counting objects:  51% (43/84)   Counting objects:  52% (44/84)   Counting objects:  53% (45/84)   Counting objects:  54% (46/84)   Counting objects:  55% (47/84)   Counting objects:  57% (48/84)   Counting objects:  58% (49/84)   Counting objects:  59% (50/84)   Counting objects:  60% (51/84)   Counting objects:  61% (52/84)   Counting objects:  63% (53/84)   Counting objects:  64% (54/84)   Counting objects:  65% (55/84)   Counting objects:  66% (56/84)   Counting objects:  67% (57/84)   Counting objects:  69% (58/84)   Counting objects:  70% (59/84)   Counting objects:  71% (60/84)   Counting objects:  72% (61/84)   Counting objects:  73% (62/84)   Counting objects:  75% (63/84)   Counting objects:  76% (64/84)   Counting objects:  77% (65/84)   Counting objects:  78% (66/84)   Counting objects:  79% (67/84)   Counting objects:  80% (68/84)   Counting objects:  82% (69/84)   Counting objects:  83% (70/84)   Counting objects:  84% (71/84)   Counting objects:  85% (72/84)   Counting objects:  86% (73/84)   Counting objects:  88% (74/84)   Counting objects:  89% (75/84)   Counting objects:  90% (76/84)   Counting objects:  91% (77/84)   Counting objects:  92% (78/84)   Counting objects:  94% (79/84)   Counting objects:  95% (80/84)   Counting objects:  96% (81/84)   Counting objects:  97% (82/84)   Counting objects:  98% (83/84)   Counting objects: 100% (84/84)   Counting objects: 100% (84/84), done.
Compressing objects:   1% (1/59)   Compressing objects:   3% (2/59)   Compressing objects:   5% (3/59)   Compressing objects:   6% (4/59)   Compressing objects:   8% (5/59)   Compressing objects:  10% (6/59)   Compressing objects:  11% (7/59)   Compressing objects:  13% (8/59)   Compressing objects:  15% (9/59)   Compressing objects:  16% (10/59)   Compressing objects:  18% (11/59)   Compressing objects:  20% (12/59)   Compressing objects:  22% (13/59)   Compressing objects:  23% (14/59)   Compressing objects:  25% (15/59)   Compressing objects:  27% (16/59)   Compressing objects:  28% (17/59)   Compressing objects:  30% (18/59)   Compressing objects:  32% (19/59)   Compressing objects:  33% (20/59)   Compressing objects:  35% (21/59)   Compressing objects:  37% (22/59)   Compressing objects:  38% (23/59)   Compressing objects:  40% (24/59)   Compressing objects:  42% (25/59)   Compressing objects:  44% (26/59)   Compressing objects:  45% (27/59)   Compressing objects:  47% (28/59)   Compressing objects:  49% (29/59)   Compressing objects:  50% (30/59)   Compressing objects:  52% (31/59)   Compressing objects:  54% (32/59)   Compressing objects:  55% (33/59)   Compressing objects:  57% (34/59)   Compressing objects:  59% (35/59)   Compressing objects:  61% (36/59)   Compressing objects:  62% (37/59)   Compressing objects:  64% (38/59)   Compressing objects:  66% (39/59)   Compressing objects:  67% (40/59)   Compressing objects:  69% (41/59)   Compressing objects:  71% (42/59)   Compressing objects:  72% (43/59)   Compressing objects:  74% (44/59)   Compressing objects:  76% (45/59)   Compressing objects:  77% (46/59)   Compressing objects:  79% (47/59)   Compressing objects:  81% (48/59)   Compressing objects:  83% (49/59)   Compressing objects:  84% (50/59)   Compressing objects:  86% (51/59)   Compressing objects:  88% (52/59)   Compressing objects:  89% (53/59)   Compressing objects:  91% (54/59)   Compressing objects:  93% (55/59)   Compressing objects:  94% (56/59)   Compressing objects:  96% (57/59)   Compressing objects:  98% (58/59)   Compressing objects: 100% (59/59)   Compressing objects: 100% (59/59), done.
Total 1420 (delta 38), reused 61 (delta 21), pack-reused 1336
Current configuration dir: /builder/home/.**
options.Flags.CloudEnvRepository: https://github.com/jenkins-x/cloud-environments
options.Flags.LocalCloudEnvironment: false
Cloning the Jenkins X cloud environments repo to /builder/home/.**/cloud-environments
Enumerating objects: 32, done.
Counting objects:   3% (1/32)   Counting objects:   6% (2/32)   Counting objects:   9% (3/32)   Counting objects:  12% (4/32)   Counting objects:  15% (5/32)   Counting objects:  18% (6/32)   Counting objects:  21% (7/32)   Counting objects:  25% (8/32)   Counting objects:  28% (9/32)   Counting objects:  31% (10/32)   Counting objects:  34% (11/32)   Counting objects:  37% (12/32)   Counting objects:  40% (13/32)   Counting objects:  43% (14/32)   Counting objects:  46% (15/32)   Counting objects:  50% (16/32)   Counting objects:  53% (17/32)   Counting objects:  56% (18/32)   Counting objects:  59% (19/32)   Counting objects:  62% (20/32)   Counting objects:  65% (21/32)   Counting objects:  68% (22/32)   Counting objects:  71% (23/32)   Counting objects:  75% (24/32)   Counting objects:  78% (25/32)   Counting objects:  81% (26/32)   Counting objects:  84% (27/32)   Counting objects:  87% (28/32)   Counting objects:  90% (29/32)   Counting objects:  93% (30/32)   Counting objects:  96% (31/32)   Counting objects: 100% (32/32)   Counting objects: 100% (32/32), done.
Compressing objects:   3% (1/28)   Compressing objects:   7% (2/28)   Compressing objects:  10% (3/28)   Compressing objects:  14% (4/28)   Compressing objects:  17% (5/28)   Compressing objects:  21% (6/28)   Compressing objects:  25% (7/28)   Compressing objects:  28% (8/28)   Compressing objects:  32% (9/28)   Compressing objects:  35% (10/28)   Compressing objects:  39% (11/28)   Compressing objects:  42% (12/28)   Compressing objects:  46% (13/28)   Compressing objects:  50% (14/28)   Compressing objects:  53% (15/28)   Compressing objects:  57% (16/28)   Compressing objects:  60% (17/28)   Compressing objects:  64% (18/28)   Compressing objects:  67% (19/28)   Compressing objects:  71% (20/28)   Compressing objects:  75% (21/28)   Compressing objects:  78% (22/28)   Compressing objects:  82% (23/28)   Compressing objects:  85% (24/28)   Compressing objects:  89% (25/28)   Compressing objects:  92% (26/28)   Compressing objects:  96% (27/28)   Compressing objects: 100% (28/28)   Compressing objects: 100% (28/28), done.
Total 1414 (delta 6), reused 18 (delta 4), pack-reused 1382
Setting the dev namespace to: bdd-ghe-**-pr-3908-7
Generated helm values /builder/home/.**/extraValues.yaml
Creating Secret **-install-config in namespace bdd-ghe-**-pr-3908-7
Using local value overrides file /workspace/source/myvalues.yaml
Installing Jenkins X platform helm chart from: /builder/home/.**/cloud-environments/env-gke
Setting the current namespace to: bdd-ghe-**-pr-3908-7
Installing ** into namespace bdd-ghe-**-pr-3908-7
using stable version 2.0.276 from charts of jenkins-x/jenkins-x-platform from /builder/home/.**/jenkins-x-versions
Installing jenkins-x-platform version: 2.0.276
Adding values file /builder/home/.**/cloud-environments/env-gke/myvalues.yaml
Adding values file /workspace/source/myvalues.yaml
Adding values file /builder/home/.**/*****Secrets.yaml
Adding values file /builder/home/.**/extraValues.yaml
Adding values file /builder/home/.**/cloud-environments/env-gke/secrets.yaml
Current configuration dir: /builder/home/.**
versionRepository: https://github.com/jenkins-x/jenkins-x-versions.git git ref: 
Deleting and cloning the Jenkins X versions repo
Cloning the Jenkins X versions repo https://github.com/jenkins-x/jenkins-x-versions.git with ref refs/heads/master to /builder/home/.**/jenkins-x-versions
Enumerating objects: 84, done.
Counting objects:   1% (1/84)   Counting objects:   2% (2/84)   Counting objects:   3% (3/84)   Counting objects:   4% (4/84)   Counting objects:   5% (5/84)   Counting objects:   7% (6/84)   Counting objects:   8% (7/84)   Counting objects:   9% (8/84)   Counting objects:  10% (9/84)   Counting objects:  11% (10/84)   Counting objects:  13% (11/84)   Counting objects:  14% (12/84)   Counting objects:  15% (13/84)   Counting objects:  16% (14/84)   Counting objects:  17% (15/84)   Counting objects:  19% (16/84)   Counting objects:  20% (17/84)   Counting objects:  21% (18/84)   Counting objects:  22% (19/84)   Counting objects:  23% (20/84)   Counting objects:  25% (21/84)   Counting objects:  26% (22/84)   Counting objects:  27% (23/84)   Counting objects:  28% (24/84)   Counting objects:  29% (25/84)   Counting objects:  30% (26/84)   Counting objects:  32% (27/84)   Counting objects:  33% (28/84)   Counting objects:  34% (29/84)   Counting objects:  35% (30/84)   Counting objects:  36% (31/84)   Counting objects:  38% (32/84)   Counting objects:  39% (33/84)   Counting objects:  40% (34/84)   Counting objects:  41% (35/84)   Counting objects:  42% (36/84)   Counting objects:  44% (37/84)   Counting objects:  45% (38/84)   Counting objects:  46% (39/84)   Counting objects:  47% (40/84)   Counting objects:  48% (41/84)   Counting objects:  50% (42/84)   Counting objects:  51% (43/84)   Counting objects:  52% (44/84)   Counting objects:  53% (45/84)   Counting objects:  54% (46/84)   Counting objects:  55% (47/84)   Counting objects:  57% (48/84)   Counting objects:  58% (49/84)   Counting objects:  59% (50/84)   Counting objects:  60% (51/84)   Counting objects:  61% (52/84)   Counting objects:  63% (53/84)   Counting objects:  64% (54/84)   Counting objects:  65% (55/84)   Counting objects:  66% (56/84)   Counting objects:  67% (57/84)   Counting objects:  69% (58/84)   Counting objects:  70% (59/84)   Counting objects:  71% (60/84)   Counting objects:  72% (61/84)   Counting objects:  73% (62/84)   Counting objects:  75% (63/84)   Counting objects:  76% (64/84)   Counting objects:  77% (65/84)   Counting objects:  78% (66/84)   Counting objects:  79% (67/84)   Counting objects:  80% (68/84)   Counting objects:  82% (69/84)   Counting objects:  83% (70/84)   Counting objects:  84% (71/84)   Counting objects:  85% (72/84)   Counting objects:  86% (73/84)   Counting objects:  88% (74/84)   Counting objects:  89% (75/84)   Counting objects:  90% (76/84)   Counting objects:  91% (77/84)   Counting objects:  92% (78/84)   Counting objects:  94% (79/84)   Counting objects:  95% (80/84)   Counting objects:  96% (81/84)   Counting objects:  97% (82/84)   Counting objects:  98% (83/84)   Counting objects: 100% (84/84)   Counting objects: 100% (84/84), done.
Compressing objects:   1% (1/59)   Compressing objects:   3% (2/59)   Compressing objects:   5% (3/59)   Compressing objects:   6% (4/59)   Compressing objects:   8% (5/59)   Compressing objects:  10% (6/59)   Compressing objects:  11% (7/59)   Compressing objects:  13% (8/59)   Compressing objects:  15% (9/59)   Compressing objects:  16% (10/59)   Compressing objects:  18% (11/59)   Compressing objects:  20% (12/59)   Compressing objects:  22% (13/59)   Compressing objects:  23% (14/59)   Compressing objects:  25% (15/59)   Compressing objects:  27% (16/59)   Compressing objects:  28% (17/59)   Compressing objects:  30% (18/59)   Compressing objects:  32% (19/59)   Compressing objects:  33% (20/59)   Compressing objects:  35% (21/59)   Compressing objects:  37% (22/59)   Compressing objects:  38% (23/59)   Compressing objects:  40% (24/59)   Compressing objects:  42% (25/59)   Compressing objects:  44% (26/59)   Compressing objects:  45% (27/59)   Compressing objects:  47% (28/59)   Compressing objects:  49% (29/59)   Compressing objects:  50% (30/59)   Compressing objects:  52% (31/59)   Compressing objects:  54% (32/59)   Compressing objects:  55% (33/59)   Compressing objects:  57% (34/59)   Compressing objects:  59% (35/59)   Compressing objects:  61% (36/59)   Compressing objects:  62% (37/59)   Compressing objects:  64% (38/59)   Compressing objects:  66% (39/59)   Compressing objects:  67% (40/59)   Compressing objects:  69% (41/59)   Compressing objects:  71% (42/59)   Compressing objects:  72% (43/59)   Compressing objects:  74% (44/59)   Compressing objects:  76% (45/59)   Compressing objects:  77% (46/59)   Compressing objects:  79% (47/59)   Compressing objects:  81% (48/59)   Compressing objects:  83% (49/59)   Compressing objects:  84% (50/59)   Compressing objects:  86% (51/59)   Compressing objects:  88% (52/59)   Compressing objects:  89% (53/59)   Compressing objects:  91% (54/59)   Compressing objects:  93% (55/59)   Compressing objects:  94% (56/59)   Compressing objects:  96% (57/59)   Compressing objects:  98% (58/59)   Compressing objects: 100% (59/59)   Compressing objects: 100% (59/59), done.
Total 1420 (delta 38), reused 61 (delta 21), pack-reused 1336
Fetched chart jenkins-x/jenkins-x-platform to dir /tmp/helm-template-workdir-090897215/jenkins-x/chartFiles/jenkins-x-platform
Generating Chart Template 'template --name jenkins-x --namespace bdd-ghe-**-pr-3908-7 /tmp/helm-template-workdir-090897215/jenkins-x/chartFiles/jenkins-x-platform --output-dir /tmp/helm-template-workdir-090897215/jenkins-x/output --debug --values /builder/home/.**/cloud-environments/env-gke/myvalues.yaml --values /workspace/source/myvalues.yaml --values /builder/home/.**/*****Secrets.yaml --values /builder/home/.**/extraValues.yaml --values /builder/home/.**/cloud-environments/env-gke/secrets.yaml'
Applying generated chart jenkins-x/jenkins-x-platform YAML via kubectl in dir: /tmp/helm-template-workdir-090897215/jenkins-x/output
role.rbac.authorization.k8s.io/cleanup created
rolebinding.rbac.authorization.k8s.io/cleanup created
serviceaccount/cleanup created
clusterrole.rbac.authorization.k8s.io/controllerrole-bdd-ghe-**-pr-3908-7 created
clusterrolebinding.rbac.authorization.k8s.io/controllerrole-bdd-ghe-**-pr-3908-7 created
deployment.apps/jenkins-x-controllerrole created
role.rbac.authorization.k8s.io/controllerrole created
rolebinding.rbac.authorization.k8s.io/controllerrole created
serviceaccount/jenkins-x-controllerrole created
clusterrole.rbac.authorization.k8s.io/controllerteam-bdd-ghe-**-pr-3908-7 created
clusterrolebinding.rbac.authorization.k8s.io/controllerteam-bdd-ghe-**-pr-3908-7 created
deployment.apps/jenkins-x-controllerteam created
role.rbac.authorization.k8s.io/controllerteam created
rolebinding.rbac.authorization.k8s.io/controllerteam created
serviceaccount/jenkins-x-controllerteam created
clusterrole.rbac.authorization.k8s.io/controllerworkflow-bdd-ghe-**-pr-3908-7 created
clusterrolebinding.rbac.authorization.k8s.io/controllerworkflow-bdd-ghe-**-pr-3908-7 created
deployment.apps/jenkins-x-controllerworkflow created
role.rbac.authorization.k8s.io/controllerworkflow created
rolebinding.rbac.authorization.k8s.io/controllerworkflow created
serviceaccount/jenkins-x-controllerworkflow created
configmap/jenkins-x-docker-registry-config created
deployment.extensions/jenkins-x-docker-registry created
persistentvolumeclaim/jenkins-x-docker-registry created
secret/jenkins-x-docker-registry-secret created
service/jenkins-x-docker-registry created
configmap/exposecontroller created
role.rbac.authorization.k8s.io/expose created
rolebinding.rbac.authorization.k8s.io/expose created
serviceaccount/expose created
clusterrole.rbac.authorization.k8s.io/gcactivities-bdd-ghe-**-pr-3908-7 created
clusterrolebinding.rbac.authorization.k8s.io/gcactivities-bdd-ghe-**-pr-3908-7 created
cronjob.batch/jenkins-x-gcactivities created
role.rbac.authorization.k8s.io/gcactivities created
rolebinding.rbac.authorization.k8s.io/gcactivities created
serviceaccount/jenkins-x-gcactivities created
cronjob.batch/jenkins-x-gcpods created
role.rbac.authorization.k8s.io/gcpods created
rolebinding.rbac.authorization.k8s.io/gcpods created
serviceaccount/jenkins-x-gcpods created
clusterrole.rbac.authorization.k8s.io/gcpreviews-bdd-ghe-**-pr-3908-7 created
clusterrolebinding.rbac.authorization.k8s.io/gcpreviews-bdd-ghe-**-pr-3908-7 created
cronjob.batch/jenkins-x-gcpreviews created
role.rbac.authorization.k8s.io/gcpreviews created
rolebinding.rbac.authorization.k8s.io/gcpreviews created
serviceaccount/jenkins-x-gcpreviews created
deployment.extensions/jenkins-x-heapster created
clusterrolebinding.rbac.authorization.k8s.io/jenkins-x-heapster created
role.rbac.authorization.k8s.io/jenkins-x-heapster-pod-nanny created
rolebinding.rbac.authorization.k8s.io/jenkins-x-heapster-pod-nanny created
service/heapster created
serviceaccount/jenkins-x-heapster created
configmap/jenkins created
persistentvolumeclaim/jenkins created
service/jenkins-agent created
deployment.extensions/jenkins created
service/jenkins created
configmap/jenkins-x-git-kinds created
configmap/jenkins-pod-xml-dlang created
configmap/jenkins-pod-xml-go created
configmap/jenkins-pod-xml-nodejs10x created
configmap/jenkins-pod-xml-terraform created
configmap/jenkins-pod-xml-maven-nodejs created
configmap/jenkins-pod-xml-rust created
configmap/jenkins-pod-xml-machine-learning created
configmap/jenkins-pod-xml-python2 created
configmap/jenkins-pod-xml-nodejs8x created
configmap/jenkins-pod-xml-aws-cdk created
configmap/jenkins-pod-xml-newman created
configmap/jenkins-pod-xml-scala created
configmap/jenkins-pod-xml-gradle created
configmap/jenkins-pod-xml-maven created
configmap/jenkins-pod-xml-python37 created
configmap/jenkins-pod-xml-promote created
configmap/jenkins-pod-xml-nodejs created
configmap/jenkins-pod-xml-swift created
configmap/jenkins-pod-xml-maven-java11 created
configmap/jenkins-pod-xml-ruby created
configmap/jenkins-pod-xml-**-base created
configmap/jenkins-pod-xml-python created
clusterrolebinding.rbac.authorization.k8s.io/jenkins-bdd-ghe-**-pr-3908-7-role-binding created
secret/jenkins created
serviceaccount/jenkins created
configmap/jenkins-tests created
secret/jenkins-x-chartmuseum created
service/jenkins-x-chartmuseum created
role.rbac.authorization.k8s.io/committer created
clusterrolebinding.rbac.authorization.k8s.io/jenkins-x-team-controller created
configmap/jenkins-x-team-controller created
secret/jenkins-docker-cfg created
configmap/jenkins-x-devpod-config created
configmap/jenkins-x-docker-registry created
configmap/jenkins-x-extensions created
secret/**-basic-auth created
role.rbac.authorization.k8s.io/**-view created
secret/jenkins-maven-settings created
service/nexus created
secret/jenkins-npm-token created
role.rbac.authorization.k8s.io/owner created
configmap/jenkins-x-pod-template-dlang created
configmap/jenkins-x-pod-template-go created
configmap/jenkins-x-pod-template-nodejs10x created
configmap/jenkins-x-pod-template-terraform created
configmap/jenkins-x-pod-template-maven-nodejs created
configmap/jenkins-x-pod-template-rust created
configmap/jenkins-x-pod-template-machine-learning created
configmap/jenkins-x-pod-template-python2 created
configmap/jenkins-x-pod-template-nodejs8x created
configmap/jenkins-x-pod-template-aws-cdk created
configmap/jenkins-x-pod-template-newman created
configmap/jenkins-x-pod-template-scala created
configmap/jenkins-x-pod-template-gradle created
configmap/jenkins-x-pod-template-maven created
configmap/jenkins-x-pod-template-python37 created
configmap/jenkins-x-pod-template-promote created
configmap/jenkins-x-pod-template-nodejs created
configmap/jenkins-x-pod-template-swift created
configmap/jenkins-x-pod-template-maven-java11 created
configmap/jenkins-x-pod-template-ruby created
configmap/jenkins-x-pod-template-**-base created
configmap/jenkins-x-pod-template-python created
secret/jenkins-release-gpg created
secret/jenkins-ssh-config created
role.rbac.authorization.k8s.io/viewer created

Applying Helm hook post-upgrade YAML via kubectl in file: /tmp/helm-template-workdir-090897215/jenkins-x/helmHooks/jenkins-x-platform/charts/expose/templates/job.yaml
job.batch/expose created

Waiting for helm post-upgrade hook Job expose to complete before removing it
Deleting helm hook sources from file: /tmp/helm-template-workdir-090897215/jenkins-x/helmHooks/jenkins-x-platform/charts/expose/templates/job.yaml
job.batch "expose" deleted
Removing Kubernetes resources from older releases using selector: jenkins.io/chart-release=jenkins-x,jenkins.io/version!=2.0.276 from all pvc configmap release sa role rolebinding secret
Removing Kubernetes resources from older releases using selector: jenkins.io/chart-release=jenkins-x,jenkins.io/version!=2.0.276,jenkins.io/namespace=bdd-ghe-**-pr-3908-7 from clusterrole clusterrolebinding
WARNING: waiting for install to be ready, if this is the first time then it will take a while to download images
Jenkins X deployments ready in namespace bdd-ghe-**-pr-3908-7
Configuring the TeamSettings for ImportMode Jenkinsfile


	********************************************************

	     NOTE: Your ***** password is: ************

	********************************************************

	
Configure Jenkins API Token
waiting up to 0s for the Jenkins server to be healty at URL http://jenkins.bdd-ghe-**-pr-3908-7.35.205.242.160.nip.io/login
Generating the API token...
Logged in ***** to Jenkins server at http://jenkins.bdd-ghe-**-pr-3908-7.35.205.242.160.nip.io via legacy security realm
Enable CSRF protection at: http://jenkins.bdd-ghe-**-pr-3908-7.35.205.242.160.nip.io/configureSecurity/
Created user ***** API Token for Jenkins server jenkins.bdd-ghe-**-pr-3908-7.35.205.242.160.nip.io at http://jenkins.bdd-ghe-**-pr-3908-7.35.205.242.160.nip.io
Updating Jenkins with new external URL details http://jenkins.bdd-ghe-**-pr-3908-7.35.205.242.160.nip.io
WARNING: No service called jenkins-x-chartmuseum could be found so couldn't wire up the local auth file to talk to chart museum

Jenkins X installation completed successfully


	********************************************************

	     NOTE: Your ***** password is: ************

	********************************************************

	

Your Kubernetes context is now set to the namespace: bdd-ghe-**-pr-3908-7 
To switch back to your original namespace use: ** namespace **
Or to use this context/namespace in just one terminal use: ** shell
For help on switching contexts see: https://jenkins-x.io/developing/kube-context/

To import existing projects into Jenkins:       ** import
To create a new Spring Boot microservice:       ** create spring -d web -d actuator
To create a new microservice from a quickstart: ** create quickstart
Setting the dev namespace to: bdd-ghe-**-pr-3908-7
Added Git server ghe for URL https://github.beescloud.com
GitService github created in namespace bdd-ghe-**-pr-3908-7 for URL https://github.beescloud.com
Ensured we have a GitService called github for URL https://github.beescloud.com in namespace bdd-ghe-**-pr-3908-7
already has GitService github in namespace bdd-ghe-**-pr-3908-7 for URL https://github.beescloud.com
Ensured we have a GitService called github for URL https://github.beescloud.com in namespace bdd-ghe-**-pr-3908-7
Created user **** API Token for Git server github at https://github.beescloud.com
using environment git owner: ****
using environment git user: ****
Using Git provider github at https://github.beescloud.com


About to create repository environment-bdd-ghe-**-pr-3908-7-staging on server https://github.beescloud.com with user ****


Creating repository ****/environment-bdd-ghe-**-pr-3908-7-staging
Running in batch mode and no domain flag used so defaulting to team domain 35.205.242.160.nip.io
Creating Git repository ****/environment-bdd-ghe-**-pr-3908-7-staging
Pushed Git repository to https://github.beescloud.com/****/environment-bdd-ghe-**-pr-3908-7-staging

Creating staging Environment in namespace bdd-ghe-**-pr-3908-7
Created environment staging
Namespace bdd-ghe-**-pr-3908-7-staging created 
 

Created Jenkins Project: http://jenkins.bdd-ghe-**-pr-3908-7.35.205.242.160.nip.io/job/****/job/environment-bdd-ghe-**-pr-3908-7-staging/
Note that your first pipeline may take a few minutes to start while the necessary images get downloaded!

Creating GitHub webhook for ****/environment-bdd-ghe-**-pr-3908-7-staging for url http://jenkins.bdd-ghe-**-pr-3908-7.35.205.242.160.nip.io/github-webhook/
cloning BDD test repository to: /home/jenkins/go/jenkins-x/bdd-**
Cloning git repository https://github.com/jenkins-x/bdd-**.git to dir /home/jenkins/go/jenkins-x/bdd-**
Checking out repository branch master to dir /home/jenkins/go/jenkins-x/bdd-**
go: finding github.com/alexflint/go-filemutex v0.0.0-20171028004239-d358565f3c3f
go: finding github.com/chromedp/chromedp v0.1.1
go: finding github.com/Pallinder/go-randomdata v0.0.0-20180616180521-15df0648130a
go: finding github.com/Azure/draft v0.15.0
go: finding github.com/acarl005/stripansi v0.0.0-20180116102854-5a71ef0e047d
go: finding github.com/sirupsen/logrus v1.2.0
go: finding github.com/onsi/ginkgo v1.8.0
go: finding github.com/iancoleman/orderedmap v0.0.0-20181121102841-22c6ecc9fe13
go: finding k8s.io/test-infra v0.0.0-20190131093439-a22cef183a8f
go: finding github.com/rodaine/hclencoder v0.0.0-20180926060551-0680c4321930
go: finding github.com/beevik/etree v1.0.1
go: finding gopkg.in/AlecAivazis/survey.v1 v1.6.2
go: finding github.com/knative/pkg v0.0.0-20190125193334-994b801b03ef
go: finding github.com/hashicorp/hcl v0.0.0-20180404174102-ef8a98b0bbce
go: finding github.com/jenkins-x/golang-jenkins v0.0.0-20180919102630-65b83ad42314
go: finding github.com/shurcooL/githubv4 v0.0.0-20180925043049-51d7b505e2e9
go: finding github.com/fatih/structs v1.0.0
go: finding github.com/golang/groupcache v0.0.0-20180513044358-24b0969c4cb7
go: finding github.com/golang/lint v0.0.0-20180702182130-06c8688daad7
go: finding github.com/prometheus/client_golang v0.9.0
go: finding github.com/go-openapi/swag v0.0.0-20171111214437-cf0bdb963811
go: finding github.com/knative/build v0.3.0
go: finding k8s.io/helm v2.7.2+incompatible
go: finding github.com/hashicorp/go-multierror v0.0.0-20171204182908-b7773ae21874
go: finding github.com/ghodss/yaml v1.0.0
go: finding github.com/gogo/protobuf v1.1.1
go: finding github.com/jinzhu/gorm v0.0.0-20170316141641-572d0a0ab1eb
go: finding gopkg.in/src-d/go-git.v4 v4.5.0
go: finding google.golang.org/genproto v0.0.0-20181016170114-94acd270e44e
go: finding github.com/google/go-github v0.0.0-20170604030111-7a51fb928f52
go: finding golang.org/x/oauth2 v0.0.0-20181017192945-9dcd33a902f4
go: finding github.com/satori/go.uuid v1.2.1-0.20180103174451-36e9d2ebbde5
go: finding golang.org/x/oauth2 v0.0.0-20181203162652-d668ce993890
go: finding k8s.io/code-generator v0.0.0-20181017053441-8c97d6ab64da
go: finding github.com/hashicorp/go-version v0.0.0-20180716215031-270f2f71b1ee
go: finding github.com/banzaicloud/bank-vaults v0.0.0-20181129101211-e31657d7c4fe
go: finding golang.org/x/sync v0.0.0-20180314180146-1d60e4601c6f
go: finding github.com/denisenkom/go-mssqldb v0.0.0-20190111225525-2fea367d496d
go: finding github.com/golang/protobuf v1.2.0
go: finding k8s.io/api v0.0.0-20181128191700-6db15a15d2d3
go: finding github.com/hashicorp/vault v0.11.4
go: finding golang.org/x/sys v0.0.0-20181004145325-8469e314837c
go: finding github.com/jetstack/cert-manager v0.5.2
go: finding github.com/chromedp/cdproto v0.0.0-20180703215205-c125a34ea3b3
go: finding github.com/pelletier/go-toml v1.2.0
go: finding github.com/docker/distribution v0.0.0-20170726174610-edc3ab29cdff
go: finding github.com/go-openapi/spec v0.17.1
go: finding github.com/jinzhu/inflection v0.0.0-20151009084129-3272df6c21d0
go: finding github.com/go-openapi/jsonreference v0.0.0-20161105162150-36d33bfe519e
go: finding github.com/sirupsen/logrus v1.1.1
go: finding github.com/nlopes/slack v0.0.0-20180721202243-347a74b1ea30
go: finding github.com/NYTimes/gziphandler v0.0.0-20160419202541-63027b26b87e
go: finding golang.org/x/image v0.0.0-20180628062038-cc896f830ced
go: finding github.com/antham/chyle v1.4.0
go: finding k8s.io/gengo v0.0.0-20180718083919-906d99f89cd6
go: finding golang.org/x/crypto v0.0.0-20181015023909-0c41d7ab0a0e
go: finding github.com/mitchellh/mapstructure v0.0.0-20180715050151-f15292f7a699
go: finding github.com/chromedp/cdproto v0.0.0-20180720050708-57cf4773008d
go: finding github.com/Microsoft/go-winio v0.4.6
go: finding github.com/denormal/go-gitignore v0.0.0-20180713143441-75ce8f3e513c
go: finding golang.org/x/time v0.0.0-20180412165947-fbb02b2291d2
go: finding github.com/knative/pkg v0.0.0-20181205230426-0e41760cea1d
go: finding github.com/sethvargo/go-password v0.1.2
go: finding github.com/go-openapi/jsonpointer v0.0.0-20170102174223-779f45308c19
go: finding github.com/PuerkitoBio/urlesc v0.0.0-20170810143723-de5bf2ad4578
go: finding github.com/gorilla/websocket v1.2.0
go: finding github.com/fatih/color v1.7.0
go: finding github.com/influxdata/influxdb v0.0.0-20161215172503-049f9b42e9a5
go: finding github.com/google/uuid v1.1.0
go: finding github.com/stoewer/go-strcase v1.0.1
go: finding github.com/magiconair/properties v1.8.0
go: finding github.com/pborman/uuid v0.0.0-20170612153648-e790cca94e6c
go: finding golang.org/x/crypto v0.0.0-20180904163835-0709b304e793
go: finding github.com/Azure/azure-sdk-for-go v21.1.0+incompatible
go: finding github.com/xlab/handysort v0.0.0-20150421192137-fb3537ed64a1
go: finding github.com/go-openapi/spec v0.0.0-20171219195406-fa03337d7da5
go: finding github.com/Azure/go-autorest v10.15.5+incompatible
go: finding github.com/Masterminds/semver v1.3.1
go: finding github.com/mattn/go-zglob v0.0.0-20180607075734-49693fbb3fe3
go: finding k8s.io/kube-openapi v0.0.0-20180719232738-d8ea2fe547a4
go: finding github.com/jenkins-x/draft-repo v0.0.0-20180417100212-2f66cc518135
go: finding github.com/wbrefvem/go-bitbucket v0.0.0-20190128183802-fc08fd046abb
go: finding gopkg.in/h2non/gock.v0 v0.0.0-20160419120746-1baf36abac00
go: finding gocloud.dev v0.9.0
go: finding github.com/antham/strumt v0.0.0-20171215230529-6776189777d3
go: finding github.com/petergtz/pegomock v0.0.0-20181206220228-b113d17a7e81
go: finding github.com/bouk/monkey v1.0.0
go: finding github.com/gorilla/securecookie v1.1.1
go: finding github.com/qor/inflection v0.0.0-20180308033659-04140366298a
go: finding github.com/codeship/codeship-go v0.0.0-20180717142545-7793ca823354
go: finding google.golang.org/grpc v1.15.0
go: finding github.com/evanphx/json-patch v4.1.0+incompatible
go: finding github.com/docker/docker v0.0.0-20171206114025-5e5fadb3c020
go: finding github.com/mailru/easyjson v0.0.0-20171120080333-32fa128f234d
go: finding github.com/golang/groupcache v0.0.0-20180924190550-6f2cf27854a4
go: finding github.com/pmezard/go-difflib v1.0.0
go: finding github.com/opencontainers/image-spec v1.0.1
go: finding github.com/google/btree v0.0.0-20180813153112-4030bb1f1f0c
go: finding sigs.k8s.io/yaml v1.1.0
go: finding github.com/tidwall/gjson v1.1.0
go: finding gopkg.in/pipe.v2 v2.0.0-20140414041502-3c2ca4d52544
go: finding github.com/mattbaird/jsonpatch v0.0.0-20171005235357-81af80346b1a
go: finding github.com/spf13/pflag v0.0.0-20170508184408-e57e3eeb33f7
go: finding github.com/coreos/pkg v0.0.0-20180928190104-399ea9e2e55f
go: finding github.com/prometheus/procfs v0.0.0-20181005140218-185b4288413d
go: finding k8s.io/metrics v0.0.0-20181128195641-3954d62a524d
go: finding golang.org/x/net v0.0.0-20180826012351-8a410e7b638d
go: finding go.uber.org/atomic v1.3.2
go: finding github.com/xanzy/go-gitlab v0.0.0-20180814191223-f3bc634ab936
go: finding github.com/kr/pretty v0.1.0
go: finding github.com/coreos/go-systemd v0.0.0-20181012123002-c6f51f82210d
go: finding github.com/hinshun/vt10x v0.0.0-20180809195222-d55458df857c
go: finding github.com/peterbourgon/diskv v0.0.0-20171120014656-2973218375c3
go: finding github.com/googleapis/gax-go v2.0.0+incompatible
go: finding github.com/IBM-Cloud/bluemix-go v0.0.0-20181008063305-d718d474c7c2
go: finding google.golang.org/appengine v1.1.0
go: finding k8s.io/apiextensions-apiserver v0.0.0-20181128195303-1f84094d7e8e
go: finding github.com/satori/go.uuid v0.0.0-20160713180306-0aa62d5ddceb
go: finding github.com/dgrijalva/jwt-go v3.2.0+incompatible
go: finding github.com/google/wire v0.2.0
go: finding github.com/pkg/errors v0.8.0
go: finding github.com/erikstmartin/go-testdb v0.0.0-20160219214506-8d10e4a1bae5
go: finding github.com/djherbis/atime v1.0.0
go: finding github.com/google/go-github v17.0.0+incompatible
go: finding gopkg.in/robfig/cron.v2 v2.0.0-20150107220207-be2e0b0deed5
go: finding github.com/gorilla/mux v1.6.2
go: finding github.com/jmespath/go-jmespath v0.0.0-20180206201540-c2b33e8439af
go: finding github.com/soheilhy/cmux v0.1.4
go: finding github.com/PuerkitoBio/purell v1.1.0
go: finding github.com/smartystreets/goconvey v0.0.0-20180222194500-ef6db91d284a
go: finding github.com/mattn/go-isatty v0.0.2
go: finding github.com/gregjones/httpcache v0.0.0-20160524185540-16db777d8ebe
go: finding github.com/stretchr/testify v1.3.0
go: finding github.com/docker/go-units v0.3.2
go: finding github.com/bazelbuild/buildtools v0.0.0-20180226164855-80c7f0d45d7e
go: finding github.com/coreos/bbolt v1.3.1-coreos.6
go: finding github.com/google/go-cmp v0.2.0
go: finding github.com/golang/mock v1.1.1
go: finding contrib.go.opencensus.io/integrations/ocsql v0.1.2
go: finding github.com/grpc-ecosystem/grpc-gateway v1.5.1
go: finding k8s.io/kube-openapi v0.0.0-20180711000925-0cf8f7e6ed1d
go: finding golang.org/x/lint v0.0.0-20180702182130-06c8688daad7
go: finding github.com/cenkalti/backoff v2.0.0+incompatible
go: finding github.com/Azure/azure-storage-blob-go v0.0.0-20180507052152-66ba96e49ebb
go: finding golang.org/x/tools v0.0.0-20181017214349-06f26fdaaa28
go: finding github.com/stretchr/ob** v0.1.0
go: finding github.com/andygrunwald/go-gerrit v0.0.0-20181026193842-43cfd7a94eb4
go: finding github.com/grpc-ecosystem/go-grpc-prometheus v1.2.0
go: finding go.opencensus.io v0.17.0
go: finding github.com/golang/glog v0.0.0-20160126235308-23def4e6c14b
go: finding github.com/Jeffail/gabs v1.1.1
go: finding github.com/andygrunwald/go-jira v1.5.0
go: finding contrib.go.opencensus.io/exporter/stackdriver v0.6.0
go: finding github.com/stretchr/testify v1.2.2
go: finding github.com/pkg/browser v0.0.0-20170505125900-c90ca0c84f15
go: finding google.golang.org/api v0.0.0-20181017004218-3f6e8463aa1d
go: finding github.com/imdario/mergo v0.3.6
go: finding github.com/Azure/azure-storage-blob-go v0.0.0-20181023070848-cf01652132cc
go: finding github.com/jenkins-x/** v1.3.1037
go: finding gopkg.in/ini.v1 v1.39.0
go: finding github.com/gorilla/websocket v1.4.0
go: finding github.com/onsi/gomega v1.5.0
go: finding github.com/openzipkin/zipkin-go v0.1.1
go: finding gopkg.in/check.v1 v1.0.0-20180628173108-788fd7840127
go: finding github.com/stretchr/ob** v0.1.1
go: finding github.com/gorilla/sessions v1.1.3
go: finding github.com/deckarep/golang-set v0.0.0-20171013212420-1d4478f51bed
go: finding github.com/aws/aws-k8s-tester v0.0.0-20190114231546-b411acf57dfe
go: finding golang.org/x/tools v0.0.0-20180828015842-6cd1fcedba52
go: finding github.com/smartystreets/assertions v0.0.0-20180927180507-b2de0cb4f26d
go: finding google.golang.org/genproto v0.0.0-20190219182410-082222b4a5c5
go: finding github.com/shirou/gopsutil v0.0.0-20180901134234-eb1f1ab16f2e
go: finding github.com/knative/build-pipeline v0.1.0
go: finding github.com/emirpasic/gods v1.9.0
go: finding github.com/konsorten/go-windows-terminal-sequences v1.0.1
go: finding github.com/Netflix/go-expect v0.0.0-20180814212900-124a37274874
go: finding golang.org/x/oauth2 v0.0.0-20180821212333-d2e6202438be
go: finding github.com/armon/go-radix v1.0.0
go: finding github.com/lib/pq v1.0.0
go: finding github.com/hashicorp/serf v0.8.2
go: finding golang.org/x/exp v0.0.0-20190121172915-509febef88a4
go: finding gopkg.in/inf.v0 v0.9.1
go: finding github.com/ulikunitz/xz v0.5.6
go: finding github.com/mitchellh/ioprogress v0.0.0-20180201004757-6a23b12fa88e
go: finding github.com/Azure/azure-pipeline-go v0.0.0-20180507050906-098e490af5dc
go: finding golang.org/x/crypto v0.0.0-20181203042331-505ab145d0a9
go: finding github.com/opencontainers/runc v0.1.1
go: finding github.com/kisielk/gotool v1.0.0
go: finding github.com/jbrukh/bayesian v0.0.0-20161210175230-bf3f261f9a9c
go: finding github.com/MakeNowJust/heredoc v0.0.0-20171113091838-e9091a26100e
go: finding github.com/knq/snaker v0.0.0-20180306023312-d9ad1e7f342a
go: finding github.com/kballard/go-shellquote v0.0.0-20180428030007-95032a82bc51
go: finding github.com/kr/pty v1.1.2
go: finding github.com/prometheus/client_golang v0.8.0
go: finding github.com/mailru/easyjson v0.0.0-20180606163543-3fdea8d05856
go: finding github.com/elazarl/go-bindata-assetfs v1.0.0
go: finding github.com/gopherjs/gopherjs v0.0.0-20181017120253-0766667cb4d1
go: finding google.golang.org/genproto v0.0.0-20180817151627-c66870c02cf8
go: finding github.com/Masterminds/semver v1.4.2
go: finding github.com/grpc-ecosystem/go-grpc-middleware v1.0.0
go: finding github.com/xiang90/probing v0.0.0-20160813154853-07dd2e8dfe18
go: finding github.com/fatih/color v1.5.0
go: finding github.com/alcortesm/tgz v0.0.0-20161220082320-9c5fe88206d7
go: finding github.com/mitchellh/cli v1.0.0
go: finding github.com/Azure/azure-pipeline-go v0.1.8
go: finding google.golang.org/grpc v1.14.0
go: finding github.com/hashicorp/vault-plugin-secrets-kv v0.0.0-20190115203747-edbfe287c5d9
go: finding golang.org/x/sys v0.0.0-20180830151530-49385e6e1522
go: finding github.com/hashicorp/mdns v1.0.0
go: finding github.com/mitchellh/mapstructure v0.0.0-20160808181253-ca63d7c062ee
go: finding github.com/danwakefield/fnmatch v0.0.0-20160403171240-cbb64ac3d964
go: finding golang.org/x/sys v0.0.0-20181011152604-fa43e7bc11ba
go: finding github.com/fsnotify/fsnotify v1.4.7
go: finding github.com/prometheus/common v0.0.0-20181015124227-bcb74de08d37
go: finding k8s.io/test-infra v0.0.0-20181019233642-2e10a0bbe9b3
go: finding github.com/bitly/go-hostpool v0.0.0-20171023180738-a3a6125de932
go: finding github.com/tmc/grpc-websocket-proxy v0.0.0-20171017195756-830351dc03c6
go: finding golang.org/x/text v0.3.0
go: finding k8s.io/client-go v2.0.0-alpha.0.0.20190115164855-701b91367003+incompatible
go: finding github.com/coreos/etcd v3.3.10+incompatible
go: finding github.com/pelletier/go-buffruneio v0.2.0
go: finding github.com/hashicorp/go.net v0.0.1
go: finding github.com/tidwall/match v0.0.0-20171002075945-1731857f09b1
go: finding github.com/aws/aws-sdk-go v1.15.57
go: finding github.com/go-sql-driver/mysql v0.0.0-20160411075031-7ebe0a500653
go: finding github.com/mailru/easyjson v0.0.0-20180823135443-60711f1a8329
go: finding github.com/trivago/tgo v1.0.1
go: finding github.com/ryanuber/go-glob v0.0.0-20170128012129-256dc444b735
go: finding cloud.google.com/go v0.34.0
go: finding github.com/go-openapi/swag v0.17.0
go: finding github.com/mitchellh/go-testing-interface v1.0.0
go: finding github.com/onsi/ginkgo v1.6.0
go: finding github.com/opencontainers/go-digest v1.0.0-rc1
go: finding github.com/kr/text v0.1.0
go: finding google.golang.org/api v0.0.0-20180910000450-7ca32eb868bf
go: finding github.com/containerd/continuity v0.0.0-20181203112020-004b46473808
go: finding github.com/hashicorp/golang-lru v0.0.0-20180201235237-0fb14efe8c47
go: finding github.com/prometheus/common v0.2.0
go: finding gopkg.in/tomb.v1 v1.0.0-20141024135613-dd632973f1e7
go: finding github.com/SermoDigital/jose v0.9.1
go: finding github.com/ugorji/go/codec v0.0.0-20181012064053-8333dd449516
go: finding github.com/google/gofuzz v0.0.0-20170612174753-24818f796faf
go: finding github.com/go-test/deep v1.0.1
go: finding github.com/Masterminds/sprig v0.0.0-20180403013413-6b2a58267f6a
go: finding github.com/operator-framework/operator-sdk v0.0.0-20181011175812-913cbf711929
go: finding github.com/mattn/go-sqlite3 v0.0.0-20160514122348-38ee283dabf1
go: finding github.com/nwaples/rardecode v1.0.0
go: finding github.com/duosecurity/duo_api_golang v0.0.0-20190107154727-539434bf0d45
go: finding github.com/matttproud/golang_protobuf_extensions v1.0.1
go: finding github.com/kr/logfmt v0.0.0-20140226030751-b84e30acd515
go: finding go.uber.org/zap v1.9.1
go: finding golang.org/x/net v0.0.0-20181017193950-04a2e542c03f
go: finding github.com/hashicorp/go-plugin v0.0.0-20190129155509-362c99b11937
go: finding github.com/anmitsu/go-shlex v0.0.0-20161002113705-648efa622239
go: finding github.com/andygrunwald/go-gerrit v0.0.0-20171029143327-95b11af228a1
go: finding github.com/fsouza/fake-gcs-server v0.0.0-20180612165233-e85be23bdaa8
go: finding github.com/posener/complete v1.1.1
go: finding github.com/hashicorp/go-cleanhttp v0.5.0
go: finding github.com/miekg/dns v1.0.14
go: finding code.gitea.io/sdk v0.0.0-20180702024448-79a281c4e34a
go: finding github.com/jenkins-x/sonobuoy v0.11.7-0.20190318120422-253758214767
go: finding github.com/pierrec/lz4 v2.0.5+incompatible
go: finding github.com/prometheus/client_model v0.0.0-20180712105110-5c3871d89910
go: finding github.com/elazarl/goproxy v0.0.0-20181111060418-2ce16c963a8a
go: finding github.com/go-ini/ini v1.25.4
go: finding github.com/StackExchange/wmi v0.0.0-20180116203802-5d049714c4a6
go: finding github.com/disintegration/imaging v1.4.2
go: finding github.com/konsorten/go-windows-terminal-sequences v0.0.0-20180402223658-b729f2633dfe
go: finding github.com/modern-go/reflect2 v1.0.1
go: finding github.com/gobwas/glob v0.2.3
go: finding github.com/markbates/inflect v1.0.4
go: finding gopkg.in/fsnotify.v1 v1.4.7
go: finding github.com/golang/protobuf v1.1.0
go: finding github.com/streadway/amqp v0.0.0-20181107104731-27835f1a64e9
go: finding github.com/flynn/go-shlex v0.0.0-20150515145356-3f9db97f8568
go: finding github.com/hashicorp/go-hclog v0.0.0-20180709165350-ff2cf002a8dd
go: finding github.com/json-iterator/go v0.0.0-20180701071628-ab8a2e0c74be
go: finding github.com/gophercloud/gophercloud v0.0.0-20180629215909-9e34f4686044
go: finding github.com/mitchellh/mapstructure v0.0.0-20180511142126-bb74f1db0675
go: finding github.com/client9/misspell v0.3.4
go: finding github.com/dsnet/compress v0.0.0-20171208185109-cc9eb1d7ad76
go: finding github.com/go-kit/kit v0.8.0
go: finding github.com/modern-go/reflect2 v0.0.0-20180701023420-4b7aa43c6742
go: finding k8s.io/apimachinery v0.0.0-20190122181752-bebe27e40fb7
go: finding github.com/kevinburke/ssh_config v0.0.0-20180317175531-9fc7bb800b55
go: finding github.com/spf13/jwalterweatherman v0.0.0-20180109140146-7c0cea34c8ec
go: finding github.com/rifflock/lfshook v0.0.0-20180227222202-bf539943797a
go: finding github.com/bwmarrin/snowflake v0.0.0-20180412010544-68117e6bbede
go: finding github.com/go-yaml/yaml v2.1.0+incompatible
go: finding golang.org/x/net v0.0.0-20180906233101-161cd47e91fd
go: finding golang.org/x/sys v0.0.0-20180909124046-d0be0721c37e
go: finding github.com/gliderlabs/ssh v0.1.1
go: finding github.com/google/btree v0.0.0-20180124185431-e89373fe6b4a
go: finding github.com/lusis/slack-test v0.0.0-20180109053238-3c758769bfa6
go: finding github.com/gogo/protobuf v1.0.0
go: finding cloud.google.com/go v0.30.0
go: finding github.com/google/uuid v1.0.0
go: finding github.com/hashicorp/go-rootcerts v0.0.0-20160503143440-6bb64b370b90
go: finding golang.org/x/sys v0.0.0-20190130150945-aca44879d564
go: finding github.com/gophercloud/gophercloud v0.0.0-20181215224939-bdd8b1ecd793
go: finding github.com/russross/blackfriday v1.5.1
go: finding github.com/google/go-querystring v0.0.0-20170111101155-53e6ce116135
go: finding github.com/dnaeon/go-vcr v1.0.1
go: finding github.com/shurcooL/go v0.0.0-20180423040247-9e1955d9fb6e
go: finding github.com/prometheus/common v0.0.0-20180801064454-c7de2306084e
go: finding github.com/google/go-containerregistry v0.0.0-20190317040536-ebbba8469d06
go: finding github.com/mitchellh/iochan v1.0.0
go: finding github.com/shurcooL/graphql v0.0.0-20181231061246-d48a9a75455f
go: finding github.com/knative/build v0.1.2
go: finding github.com/go-ole/go-ole v1.2.1
go: finding github.com/docker/go-connections v0.3.0
go: finding github.com/mattn/go-isatty v0.0.3
go: finding github.com/jinzhu/now v0.0.0-20181116074157-8ec929ed50c3
go: finding github.com/go-logfmt/logfmt v0.3.0
go: finding github.com/oklog/run v1.0.0
go: finding github.com/gfleury/go-bitbucket-v1 v0.0.0-20190216152406-3a732135aa4d
go: finding github.com/onsi/gomega v1.4.2
go: finding golang.org/x/oauth2 v0.0.0-20180620175406-ef147856a6dd
go: finding golang.org/x/net v0.0.0-20181005035420-146acd28ed58
go: finding github.com/mwitkow/go-conntrack v0.0.0-20161129095857-cc309e4a2223
go: finding gotest.tools v2.2.0+incompatible
go: finding gopkg.in/mgo.v2 v2.0.0-20180705113604-9856a29383ce
go: finding github.com/mattn/go-colorable v0.0.9
go: finding github.com/spf13/afero v1.1.1
go: finding github.com/hashicorp/logutils v1.0.0
go: finding honnef.co/go/tools v0.0.0-20180728063816-88497007e858
go: finding github.com/gobuffalo/envy v1.6.5
go: finding github.com/kr/pty v1.1.1
go: finding cloud.google.com/go v0.24.0
go: finding k8s.io/utils v0.0.0-20181019225348-5e321f9a457c
go: finding github.com/spf13/pflag v1.0.3
go: finding github.com/hashicorp/go-syslog v1.0.0
go: finding github.com/go-openapi/jsonpointer v0.17.0
go: finding github.com/jtolds/gls v4.2.1+incompatible
go: finding github.com/petar/GoLLRB v0.0.0-20130427215148-53be0d36a84c
go: finding golang.org/x/sys v0.0.0-20181026203630-95b1ffbd15a5
go: finding github.com/go-ini/ini v1.39.0
go: finding github.com/hpcloud/tail v1.0.0
go: finding github.com/armon/circbuf v0.0.0-20150827004946-bbbad097214e
go: finding github.com/davecgh/go-spew v1.1.0
go: finding github.com/aws/aws-sdk-go v1.17.10
go: finding github.com/ryanuber/columnize v0.0.0-20160712163229-9b3edd62028f
go: finding golang.org/x/crypto v0.0.0-20181029021203-45a5f77698d3
go: finding github.com/inconshreveable/mousetrap v1.0.0
go: finding github.com/sergi/go-diff v1.0.0
go: finding github.com/lusis/go-slackbot v0.0.0-20180109053408-401027ccfef5
go: finding github.com/go-sql-driver/mysql v1.4.0
go: finding github.com/prometheus/client_golang v0.9.1
go: finding github.com/peterbourgon/diskv v2.0.1+incompatible
go: finding github.com/xanzy/ssh-agent v0.2.0
go: finding github.com/spf13/pflag v1.0.1
go: finding gopkg.in/check.v1 v1.0.0-20161208181325-20d25e280405
go: finding github.com/gregjones/httpcache v0.0.0-20180305231024-9cad4c3443a7
go: finding github.com/hashicorp/go-memdb v0.0.0-20181108192425-032f93b25bec
go: finding github.com/Azure/go-ansiterm v0.0.0-20170929234023-d6e3b3328b78
go: finding github.com/docker/spdystream v0.0.0-20170912183627-bc6354cbbc29
go: finding github.com/joho/godotenv v1.3.0
go: finding gopkg.in/yaml.v2 v2.2.1
go: finding gopkg.in/asn1-ber.v1 v1.0.0-20181015200546-f715ec2f112d
go: finding github.com/huandu/xstrings v1.0.0
go: finding github.com/mholt/archiver v3.1.1+incompatible
go: finding cloud.google.com/go v0.26.0
go: finding github.com/dustin/go-humanize v1.0.0
go: finding golang.org/x/sync v0.0.0-20181108010431-42b317875d0f
go: finding vbom.ml/util v0.0.0-20170409195630-256737ac55c4
go: finding github.com/knative/build v0.2.0
go: finding google.golang.org/genproto v0.0.0-20180831171423-11092d34479b
go: finding github.com/hashicorp/consul v1.4.2
go: finding github.com/google/go-querystring v0.0.0-20150414214848-547ef5ac9797
go: finding github.com/go-stack/stack v1.8.0
go: finding contrib.go.opencensus.io/exporter/aws v0.0.0-20180906190126-dd54a7ef511e
go: finding google.golang.org/appengine v1.2.0
go: finding go.uber.org/multierr v1.1.0
go: finding gopkg.in/check.v1 v0.0.0-20161208181325-20d25e280405
go: finding github.com/coreos/go-semver v0.2.0
go: finding github.com/spf13/viper v1.0.2
go: finding github.com/SAP/go-hdb v0.13.2
go: finding github.com/tektoncd/pipeline v0.1.1-0.20190315182348-1861bddc364c
go: finding github.com/go-openapi/jsonreference v0.17.0
go: finding github.com/nbio/st v0.0.0-20140626010706-e9e8d9816f32
go: finding gopkg.in/alecthomas/kingpin.v2 v2.2.6
go: finding github.com/hashicorp/go-retryablehttp v0.0.0-20180718195005-e651d75abec6
go: finding github.com/alecthomas/units v0.0.0-20151022065526-2efee857e7cf
go: finding github.com/go-ldap/ldap v3.0.1+incompatible
go: finding golang.org/x/sys v0.0.0-20190129075346-302c3dd5f1cc
go: finding gopkg.in/src-d/go-git.v4 v4.1.1
go: finding github.com/imdario/mergo v0.3.5
go: finding golang.org/x/net v0.0.0-20181201002055-351d144fa1fc
go: finding github.com/beorn7/perks v0.0.0-20180321164747-3a771d992973
go: finding golang.org/x/image v0.0.0-20180708004352-c73c2afc3b81
go: finding github.com/gorilla/context v1.1.1
go: finding golang.org/x/crypto v0.0.0-20180621125126-a49355c7e3f8
go: finding github.com/mitchellh/go-homedir v0.0.0-20180523094522-3864e76763d9
go: finding github.com/mitchellh/gox v0.4.0
go: finding golang.org/x/net v0.0.0-20180724234803-3673e40ba225
go: finding google.golang.org/api v0.1.0
go: finding k8s.io/kubernetes v1.11.3
go: finding github.com/aokoli/goutils v1.0.1
go: finding github.com/Nvveen/Gotty v0.0.0-20120604004816-cd527374f1e5
go: finding github.com/jbenet/go-context v0.0.0-20150711004518-d14ea06fba99
go: finding github.com/cpuguy83/go-md2man v1.0.8
go: finding github.com/spf13/cobra v0.0.3
go: finding github.com/spf13/cast v1.2.0
go: finding gopkg.in/src-d/go-billy.v4 v4.2.0
go: finding github.com/mitchellh/go-testing-interface v0.0.0-20171004221916-a61a99592b77
go: finding github.com/gotestyourself/gotestyourself v2.2.0+incompatible
go: finding github.com/Azure/go-autorest v10.12.0+incompatible
go: finding github.com/bwmarrin/snowflake v0.0.0-20170221160716-02cc386c183a
go: finding github.com/mitchellh/copystructure v1.0.0
go: finding github.com/hashicorp/memberlist v0.1.3
go: finding google.golang.org/grpc v1.17.0
go: finding github.com/inconshreveable/mousetrap v0.0.0-20141017200713-76626ae9c91c
go: finding github.com/json-iterator/go v1.1.5
go: finding github.com/hashicorp/go-msgpack v0.5.3
go: finding github.com/asaskevich/govalidator v0.0.0-20180720115003-f9ffefc3facf
go: finding go.opencensus.io v0.18.0
go: finding google.golang.org/appengine v1.3.0
go: finding github.com/jmespath/go-jmespath v0.0.0-20160202185014-0b12d6b521d8
go: finding github.com/imdario/mergo v0.0.0-20180119215619-163f41321a19
go: finding golang.org/x/sys v0.0.0-20181116152217-5ac8a444bdc5
go: finding github.com/shirou/w32 v0.0.0-20160930032740-bb4de0191aa4
go: finding github.com/hashicorp/errwrap v0.0.0-20141028054710-7554cd9344ce
go: finding github.com/hashicorp/go-immutable-radix v1.0.0
go: finding github.com/hashicorp/go-uuid v1.0.1
go: finding github.com/hashicorp/go-sockaddr v1.0.0
go: finding github.com/davecgh/go-spew v1.1.1
go: finding github.com/modern-go/concurrent v0.0.0-20180306012644-bacd9c7ef1dd
go: finding github.com/mattn/go-colorable v0.0.8
go: finding golang.org/x/net v0.0.0-20181106065722-10aee1819953
go: finding github.com/mitchellh/reflectwalk v1.0.0
go: finding github.com/prometheus/common v0.0.0-20181020173914-7e9e6cabbd39
go: finding golang.org/x/net v0.0.0-20180702212446-ed29d75add3d
go: finding github.com/googleapis/gnostic v0.1.0
go: finding github.com/xi2/xz v0.0.0-20171230120015-48954b6210f8
go: finding github.com/pascaldekloe/goe v0.0.0-20180627143212-57f6aae5913c
go: finding go.opencensus.io v0.15.0
go: finding github.com/alecthomas/template v0.0.0-20160405071501-a0175ee3bccc
go: finding google.golang.org/api v0.0.0-20181021000519-a2651947f503
go: finding github.com/ory/dockertest v3.3.4+incompatible
go: finding golang.org/x/lint v0.0.0-20181026193005-c67002cb31c3
go: finding github.com/hashicorp/go-multierror v1.0.0
go: finding github.com/gocql/gocql v0.0.0-20190126123547-8516aabb0f99
go: finding github.com/armon/go-radix v0.0.0-20180808171621-7fddfc383310
go: finding github.com/c2h5oh/datasize v0.0.0-20171227191756-4eba002a5eae
go: finding github.com/googleapis/gnostic v0.2.0
go: finding github.com/spf13/cobra v0.0.0-00000000000000-c46add8a6528
go: finding github.com/hashicorp/go-hclog v0.0.0-20190109152822-4783caec6f2e
go: finding github.com/emicklei/go-restful v2.8.0+incompatible
go: finding golang.org/x/sync v0.0.0-20181221193216-37e7f081c4d4
go: finding github.com/google/martian v2.1.0+incompatible
go: finding github.com/keybase/go-crypto v0.0.0-20181127160227-255a5089e85a
go: finding github.com/chai2010/gettext-go v0.0.0-20170215093142-bf70f2a70fb1
go: finding github.com/hashicorp/yamux v0.0.0-20180604194846-3520598351bb
go: finding github.com/viniciuschiele/tarx v0.0.0-20151205142357-6e3da540444d
go: finding github.com/golang/snappy v0.0.0-20180518054509-2e65f85255db
go: finding google.golang.org/genproto v0.0.0-20181202183823-bd91e49a0898
go: finding github.com/BurntSushi/toml v0.3.0
go: finding github.com/grpc-ecosystem/grpc-gateway v1.5.0
go: finding github.com/hashicorp/go-version v0.0.0-20180322230233-23480c066577
go: finding github.com/DataDog/datadog-go v0.0.0-20180822151419-281ae9f2d895
go: finding github.com/blang/semver v3.5.1+incompatible
go: finding github.com/prometheus/procfs v0.0.0-20180725123919-05ee40e3a273
go: finding github.com/sethgrid/pester v0.0.0-20180430140037-03e26c9abbbf
go: finding github.com/onsi/ginkgo v1.5.0
go: finding github.com/src-d/gcfg v1.3.0
go: finding golang.org/x/net v0.0.0-20181023162649-9b4f9f5ad519
go: finding k8s.io/apiextensions-apiserver v0.0.0-20180621085152-bbc52469f98b
go: finding golang.org/x/net v0.0.0-20181114220301-adae6a3d119a
go: finding github.com/aws/aws-sdk-go v1.16.18
go: finding github.com/hashicorp/golang-lru v0.5.0
go: finding github.com/apache/thrift v0.0.0-20180902110319-2566ecd5d999
go: finding github.com/hashicorp/go-uuid v1.0.0
go: finding golang.org/x/sys v0.0.0-20180823144017-11551d06cbcc
go: finding github.com/GoogleCloudPlatform/cloudsql-proxy v0.0.0-20181009230506-ac834ce67862
go: finding gopkg.in/src-d/go-git-fixtures.v3 v3.3.0
go: finding github.com/golang/snappy v0.0.0-20170215233205-553a64147049
go: finding github.com/knq/sysutil v0.0.0-20180306023629-0218e141a794
go: finding github.com/sean-/seed v0.0.0-20170313163322-e2103e2c3529
go: finding github.com/google/subcommands v0.0.0-20181012225330-46f0354f6315
go: finding github.com/armon/go-metrics v0.0.0-20180917152333-f0300d1749da
go: finding gopkg.in/warnings.v0 v0.1.2
go: finding github.com/mgutz/ansi v0.0.0-20170206155736-9520e82c474b
go: finding google.golang.org/grpc v1.16.0
go: finding golang.org/x/sys v0.0.0-20180627142611-7138fd3d9dc8
go: finding github.com/julienschmidt/httprouter v1.2.0
go: finding github.com/antham/envh v1.2.0
go: finding github.com/patrickmn/go-cache v2.1.0+incompatible
go: finding k8s.io/cli-runtime v0.0.0-20181026155151-1ee5ba10d7e3
go: finding github.com/hashicorp/errwrap v1.0.0
go: finding github.com/bmizerany/assert v0.0.0-20160611221934-b7ed37b82869
go: finding golang.org/x/sys v0.0.0-20180905080454-ebe1bf3edb33
go: finding github.com/jonboulle/clockwork v0.1.0
go: finding go.etcd.io/etcd v0.0.0-20181031231232-83304cfc808c
go: finding github.com/circonus-labs/circonus-gometrics v2.2.6+incompatible
go: finding github.com/aws/aws-sdk-go v1.15.27
go: finding github.com/hailocab/go-hostpool v0.0.0-20160125115350-e80d13ce29ed
go: finding github.com/sirupsen/logrus v1.0.5
go: finding github.com/jefferai/jsonx v1.0.0
go: finding github.com/bgentry/speakeasy v0.1.0
go: finding github.com/mattn/go-isatty v0.0.4
go: finding go.etcd.io/bbolt v1.3.1-etcd.7
go: finding github.com/kr/pty v1.0.0
go: finding google.golang.org/genproto v0.0.0-20180608181217-32ee49c4dd80
go: finding github.com/coreos/pkg v0.0.0-20160727233714-3ac0863d7acf
go: finding github.com/olekukonko/tablewriter v0.0.0-20170122224234-a0225b3f23b5
go: finding github.com/grpc-ecosystem/grpc-gateway v1.4.1
go: finding github.com/golang/groupcache v0.0.0-20160516000752-02826c3e7903
go: finding gopkg.in/gemnasium/logrus-airbrake-hook.v2 v2.1.2
go: finding github.com/mattn/go-runewidth v0.0.2
go: finding gopkg.in/cheggaaa/pb.v1 v1.0.25
go: finding github.com/prometheus/procfs v0.0.0-20180612222113-7d6f385de8be
go: finding github.com/prometheus/client_model v0.0.0-20170216185247-6f3806018612
go: finding github.com/urfave/cli v1.18.0
go: finding github.com/dustin/go-humanize v0.0.0-20171111073723-bb3d318650d4
go: finding github.com/tmc/grpc-websocket-proxy v0.0.0-20170815181823-89b8d40f7ca8
go: finding github.com/coreos/go-systemd v0.0.0-20180511133405-39ca1b05acc7
go: finding gopkg.in/airbrake/gobrake.v2 v2.0.9
go: finding github.com/matttproud/golang_protobuf_extensions v1.0.0
go: finding github.com/gorilla/websocket v0.0.0-20170926233335-4201258b820c
go: finding github.com/prometheus/common v0.0.0-20180518154759-7600349dcfe1
go: finding golang.org/x/crypto v0.0.0-20180608092829-8ac0e0d97ce4
go: finding github.com/ugorji/go v1.1.1
go: downloading k8s.io/apimachinery v0.0.0-20190122181752-bebe27e40fb7
go: downloading github.com/jenkins-x/** v1.3.1037
go: downloading github.com/cenkalti/backoff v2.0.0+incompatible
go: downloading github.com/onsi/gomega v1.5.0
go: downloading gopkg.in/src-d/go-git.v4 v4.5.0
go: downloading github.com/onsi/ginkgo v1.8.0
go: downloading github.com/pkg/errors v0.8.0
go: downloading k8s.io/api v0.0.0-20181128191700-6db15a15d2d3
go: downloading k8s.io/client-go v2.0.0-alpha.0.0.20190115164855-701b91367003+incompatible
go: downloading github.com/google/gofuzz v0.0.0-20170612174753-24818f796faf
go: downloading github.com/sergi/go-diff v1.0.0
go: downloading github.com/gogo/protobuf v1.1.1
go: downloading golang.org/x/net v0.0.0-20181201002055-351d144fa1fc
go: downloading github.com/golang/glog v0.0.0-20160126235308-23def4e6c14b
go: downloading github.com/jbenet/go-context v0.0.0-20150711004518-d14ea06fba99
go: downloading golang.org/x/crypto v0.0.0-20181203042331-505ab145d0a9
go: downloading github.com/sirupsen/logrus v1.2.0
go: downloading golang.org/x/text v0.3.0
go: downloading github.com/banzaicloud/bank-vaults v0.0.0-20181129101211-e31657d7c4fe
go: downloading k8s.io/apiextensions-apiserver v0.0.0-20181128195303-1f84094d7e8e
go: downloading github.com/tektoncd/pipeline v0.1.1-0.20190315182348-1861bddc364c
go: downloading github.com/hpcloud/tail v1.0.0
go: downloading gopkg.in/src-d/go-billy.v4 v4.2.0
go: downloading gopkg.in/AlecAivazis/survey.v1 v1.6.2
go: downloading github.com/antham/chyle v1.4.0
go: downloading github.com/sethvargo/go-password v0.1.2
go: downloading github.com/go-openapi/jsonreference v0.17.0
go: downloading github.com/fatih/color v1.7.0
go: downloading github.com/mholt/archiver v3.1.1+incompatible
go: downloading gopkg.in/inf.v0 v0.9.1
go: downloading github.com/go-openapi/spec v0.17.1
go: downloading gopkg.in/yaml.v2 v2.2.1
go: downloading github.com/jenkins-x/sonobuoy v0.11.7-0.20190318120422-253758214767
go: downloading github.com/knative/pkg v0.0.0-20190125193334-994b801b03ef
go: downloading k8s.io/metrics v0.0.0-20181128195641-3954d62a524d
go: downloading github.com/IBM-Cloud/bluemix-go v0.0.0-20181008063305-d718d474c7c2
go: downloading golang.org/x/sync v0.0.0-20181221193216-37e7f081c4d4
go: downloading github.com/hashicorp/vault v0.11.4
go: downloading github.com/kballard/go-shellquote v0.0.0-20180428030007-95032a82bc51
go: downloading github.com/pierrec/lz4 v2.0.5+incompatible
go: downloading github.com/xanzy/ssh-agent v0.2.0
go: downloading github.com/Azure/go-autorest v10.15.5+incompatible
go: downloading k8s.io/helm v2.7.2+incompatible
go: downloading github.com/Pallinder/go-randomdata v0.0.0-20180616180521-15df0648130a
go: downloading github.com/modern-go/reflect2 v1.0.1
go: downloading github.com/stoewer/go-strcase v1.0.1
go: downloading github.com/spf13/cobra v0.0.3
go: downloading golang.org/x/time v0.0.0-20180412165947-fbb02b2291d2
go: downloading sigs.k8s.io/yaml v1.1.0
go: downloading github.com/go-openapi/swag v0.17.0
go: downloading github.com/mitchellh/go-homedir v0.0.0-20180523094522-3864e76763d9
go: downloading github.com/kevinburke/ssh_config v0.0.0-20180317175531-9fc7bb800b55
go: downloading gocloud.dev v0.9.0
go: downloading gopkg.in/tomb.v1 v1.0.0-20141024135613-dd632973f1e7
go: downloading github.com/aws/aws-sdk-go v1.17.10
go: downloading golang.org/x/sys v0.0.0-20190130150945-aca44879d564
go: downloading github.com/google/uuid v1.1.0
go: downloading github.com/wbrefvem/go-bitbucket v0.0.0-20190128183802-fc08fd046abb
go: downloading github.com/andygrunwald/go-jira v1.5.0
go: downloading github.com/jenkins-x/golang-jenkins v0.0.0-20180919102630-65b83ad42314
go: downloading github.com/go-openapi/jsonpointer v0.17.0
go: downloading github.com/shirou/gopsutil v0.0.0-20180901134234-eb1f1ab16f2e
go: downloading github.com/jetstack/cert-manager v0.5.2
go: downloading github.com/ulikunitz/xz v0.5.6
go: downloading github.com/codeship/codeship-go v0.0.0-20180717142545-7793ca823354
go: downloading github.com/rodaine/hclencoder v0.0.0-20180926060551-0680c4321930
go: downloading github.com/russross/blackfriday v1.5.1
go: downloading github.com/src-d/gcfg v1.3.0
go: downloading github.com/nlopes/slack v0.0.0-20180721202243-347a74b1ea30
go: downloading github.com/stretchr/testify v1.3.0
go: downloading github.com/google/wire v0.2.0
go: downloading github.com/PuerkitoBio/purell v1.1.0
go: downloading github.com/Jeffail/gabs v1.1.1
go: downloading github.com/mattn/go-isatty v0.0.4
go: downloading github.com/satori/go.uuid v1.2.1-0.20180103174451-36e9d2ebbde5
go: downloading github.com/chromedp/cdproto v0.0.0-20180720050708-57cf4773008d
go: downloading golang.org/x/oauth2 v0.0.0-20181203162652-d668ce993890
go: downloading github.com/PuerkitoBio/urlesc v0.0.0-20170810143723-de5bf2ad4578
go: downloading github.com/golang/snappy v0.0.0-20180518054509-2e65f85255db
go: downloading github.com/Azure/azure-pipeline-go v0.1.8
go: downloading github.com/hashicorp/hcl v0.0.0-20180404174102-ef8a98b0bbce
go: downloading github.com/jenkins-x/draft-repo v0.0.0-20180417100212-2f66cc518135
go: downloading github.com/pmezard/go-difflib v1.0.0
go: downloading github.com/alexflint/go-filemutex v0.0.0-20171028004239-d358565f3c3f
go: downloading github.com/denormal/go-gitignore v0.0.0-20180713143441-75ce8f3e513c
go: downloading github.com/blang/semver v3.5.1+incompatible
go: downloading github.com/chromedp/chromedp v0.1.1
go: downloading github.com/mattn/go-colorable v0.0.9
go: downloading github.com/trivago/tgo v1.0.1
go: downloading github.com/gorilla/mux v1.6.2
go: downloading cloud.google.com/go v0.34.0
go: downloading github.com/golang/protobuf v1.2.0
go: downloading github.com/fatih/structs v1.0.0
go: downloading github.com/xanzy/go-gitlab v0.0.0-20180814191223-f3bc634ab936
go: downloading github.com/gorilla/websocket v1.4.0
go: downloading k8s.io/kube-openapi v0.0.0-20180719232738-d8ea2fe547a4
go: downloading github.com/andygrunwald/go-gerrit v0.0.0-20181026193842-43cfd7a94eb4
go: downloading github.com/pkg/browser v0.0.0-20170505125900-c90ca0c84f15
go: downloading github.com/mailru/easyjson v0.0.0-20180823135443-60711f1a8329
go: downloading github.com/mgutz/ansi v0.0.0-20170206155736-9520e82c474b
go: downloading github.com/google/go-querystring v0.0.0-20170111101155-53e6ce116135
go: downloading k8s.io/test-infra v0.0.0-20190131093439-a22cef183a8f
go: downloading github.com/beevik/etree v1.0.1
go: downloading github.com/pborman/uuid v0.0.0-20170612153648-e790cca94e6c
go: downloading github.com/hashicorp/go-version v0.0.0-20180716215031-270f2f71b1ee
go: downloading github.com/xi2/xz v0.0.0-20171230120015-48954b6210f8
go: downloading github.com/spf13/cast v1.2.0
go: downloading github.com/cpuguy83/go-md2man v1.0.8
go: downloading github.com/Azure/draft v0.15.0
go: downloading github.com/knq/sysutil v0.0.0-20180306023629-0218e141a794
go: downloading github.com/gfleury/go-bitbucket-v1 v0.0.0-20190216152406-3a732135aa4d
go: downloading github.com/knative/build v0.3.0
go: downloading github.com/danwakefield/fnmatch v0.0.0-20160403171240-cbb64ac3d964
go: downloading github.com/google/go-github v17.0.0+incompatible
go: downloading github.com/hashicorp/go-retryablehttp v0.0.0-20180718195005-e651d75abec6
go: downloading github.com/mitchellh/mapstructure v0.0.0-20180715050151-f15292f7a699
go: downloading github.com/Azure/azure-storage-blob-go v0.0.0-20181023070848-cf01652132cc
go: downloading github.com/hashicorp/go-rootcerts v0.0.0-20160503143440-6bb64b370b90
go: downloading github.com/hashicorp/go-sockaddr v1.0.0
go: downloading github.com/ghodss/yaml v1.0.0
go: downloading github.com/davecgh/go-spew v1.1.1
go: downloading github.com/emicklei/go-restful v2.8.0+incompatible
go: downloading google.golang.org/api v0.1.0
go: downloading github.com/mattbaird/jsonpatch v0.0.0-20171005235357-81af80346b1a
go: downloading github.com/nwaples/rardecode v1.0.0
go: downloading gopkg.in/warnings.v0 v0.1.2
go: downloading github.com/peterbourgon/diskv v2.0.1+incompatible
go: downloading github.com/pelletier/go-buffruneio v0.2.0
go: downloading github.com/gophercloud/gophercloud v0.0.0-20181215224939-bdd8b1ecd793
go: downloading code.gitea.io/sdk v0.0.0-20180702024448-79a281c4e34a
go: downloading github.com/spf13/pflag v1.0.3
go: downloading github.com/dgrijalva/jwt-go v3.2.0+incompatible
go: downloading github.com/modern-go/concurrent v0.0.0-20180306012644-bacd9c7ef1dd
go: downloading google.golang.org/grpc v1.17.0
go: downloading github.com/shurcooL/githubv4 v0.0.0-20180925043049-51d7b505e2e9
go: downloading github.com/google/btree v0.0.0-20180813153112-4030bb1f1f0c
go: downloading github.com/dsnet/compress v0.0.0-20171208185109-cc9eb1d7ad76
go: downloading github.com/hashicorp/go-multierror v1.0.0
go: downloading github.com/googleapis/gnostic v0.2.0
go: downloading github.com/BurntSushi/toml v0.3.0
go: downloading github.com/shurcooL/graphql v0.0.0-20181231061246-d48a9a75455f
go: downloading github.com/gregjones/httpcache v0.0.0-20180305231024-9cad4c3443a7
go: downloading gopkg.in/robfig/cron.v2 v2.0.0-20150107220207-be2e0b0deed5
go: downloading github.com/hashicorp/go-cleanhttp v0.5.0
go: downloading github.com/gorilla/sessions v1.1.3
go: downloading github.com/spf13/viper v1.0.2
go: downloading github.com/c2h5oh/datasize v0.0.0-20171227191756-4eba002a5eae
go: downloading gopkg.in/fsnotify.v1 v1.4.7
go: downloading github.com/disintegration/imaging v1.4.2
go: downloading github.com/gorilla/context v1.1.1
go: downloading github.com/imdario/mergo v0.3.6
go: downloading github.com/magiconair/properties v1.8.0
go: downloading github.com/emirpasic/gods v1.9.0
go: downloading github.com/hashicorp/golang-lru v0.5.0
go: downloading github.com/fsnotify/fsnotify v1.4.7
go: downloading github.com/Masterminds/semver v1.4.2
go: downloading github.com/iancoleman/orderedmap v0.0.0-20181121102841-22c6ecc9fe13
go: downloading google.golang.org/genproto v0.0.0-20190219182410-082222b4a5c5
go: downloading github.com/json-iterator/go v1.1.5
go: downloading github.com/gobwas/glob v0.2.3
go: downloading github.com/pelletier/go-toml v1.2.0
go: downloading golang.org/x/image v0.0.0-20180708004352-c73c2afc3b81
go: downloading github.com/gorilla/securecookie v1.1.1
go: downloading github.com/spf13/afero v1.1.1
go: downloading github.com/hashicorp/errwrap v1.0.0
go: downloading github.com/operator-framework/operator-sdk v0.0.0-20181011175812-913cbf711929
go: downloading github.com/MakeNowJust/heredoc v0.0.0-20171113091838-e9091a26100e
go: downloading github.com/viniciuschiele/tarx v0.0.0-20151205142357-6e3da540444d
go: downloading github.com/evanphx/json-patch v4.1.0+incompatible
go: downloading github.com/googleapis/gax-go v2.0.0+incompatible
go: downloading go.opencensus.io v0.18.0
go: downloading github.com/jmespath/go-jmespath v0.0.0-20180206201540-c2b33e8439af
go: downloading github.com/rifflock/lfshook v0.0.0-20180227222202-bf539943797a
go: downloading github.com/ryanuber/go-glob v0.0.0-20170128012129-256dc444b735
go: downloading github.com/jbrukh/bayesian v0.0.0-20161210175230-bf3f261f9a9c
go: downloading github.com/spf13/jwalterweatherman v0.0.0-20180109140146-7c0cea34c8ec
go: downloading github.com/google/go-cmp v0.2.0
go: downloading github.com/docker/spdystream v0.0.0-20170912183627-bc6354cbbc29
go: downloading github.com/prometheus/client_golang v0.9.1
go: downloading github.com/prometheus/client_model v0.0.0-20180712105110-5c3871d89910
go: downloading github.com/beorn7/perks v0.0.0-20180321164747-3a771d992973
go: downloading github.com/prometheus/common v0.2.0
go: downloading github.com/prometheus/procfs v0.0.0-20181005140218-185b4288413d
go: downloading github.com/matttproud/golang_protobuf_extensions v1.0.1
go: finding k8s.io/api v0.0.0-20190126160303-ccdd560a045f
go: finding k8s.io/client-go v9.0.0+incompatible
go: finding github.com/heptio/sonobuoy v0.12.0
go: finding k8s.io/metrics v0.0.0-20180620010437-b11cf31b380b
go: finding github.com/shurcooL/graphql v0.0.0-20180924043259-e4a3a37e6d42
error: EOF
GO111MODULE=on go build -ldflags " -X github.com/jenkins-x/bdd-**/version.Version=0.0.0-SNAPSHOT-PR-3908-7 -X github.com/jenkins-x/bdd-**/version.Revision='e914c82' -X github.com/jenkins-x/bdd-**/version.Branch='master' -X github.com/jenkins-x/bdd-**/version.BuildDate='20190515-14:23:20' -X github.com/jenkins-x/bdd-**/version.GoVersion='1.11.5'" -o build/bdd-** *.go
GO111MODULE=on go get github.com/onsi/ginkgo/ginkgo
GO111MODULE=on go get github.com/onsi/gomega/...
JX VERISON INFORMATION

NAME               VERSION
**                 0.0.0-SNAPSHOT-PR-3908-7
jenkins x platform 0.0.3832
Kubernetes cluster v1.11.8-gke.6
kubectl            v1.13.4
helm client        Client: v2.12.2+g7d2b0c7
git                git version 2.8.4
Operating System   "CentOS Linux release 7.6.1810 (Core) "

GIT_ORGANISATION set to jenkins-x-tests
GIT_PROVIDER_URL set to https://github.beescloud.com
JX_DISABLE_DELETE_APP is set. Apps created in the test run will NOT be deleted
JX_DISABLE_DELETE_REPO is set. Repos created in the test run will NOT be deleted
JX_DISABLE_WAIT_FOR_FIRST_RELEASE is not set.  If you would like to disable waiting for the build to be promoted to staging set this variable to TRUE
JX_BDD_INCLUDE_APPS is set to **-app-jacoco:0.0.100
BDD_TIMEOUT_BUILD_COMPLETES timeout value is 20
BDD_TIMEOUT_BUILD_RUNNING_IN_STAGING timeout value is 10
BDD_TIMEOUT_URL_RETURNS timeout value is 5
BDD_TIMEOUT_CMD_LINE timeout value is 1
BDD_TIMEOUT_APP_TESTS timeout value is 60
BDD_TIMEOUT_SESSION_WAIT timeout value is 60
BDD_TIMEOUT_JX_RUNNER timeout value is 
JX_BDD_INCLUDE_APPS is set to **-app-jacoco:0.0.100
GO111MODULE=on ginkgo -v --slowSpecThreshold=50000 --focus="create spring"
      About to verify pods      Pods verifiedRunning Suite: BddJx Suite
==========================
Random Seed: [1m1557930322[0m
Will run [1m1[0m of [1m39[0m specs

[36mS[0m[36mS[0m[36mS[0m[36mS[0m[36mS[0m[36mS[0m[36mS[0m[36mS[0m[36mS[0m[36mS[0m[36mS[0m[36mS[0m[36mS[0m[36mS[0m[36mS[0m[36mS[0m[36mS[0m[36mS[0m[36mS[0m
[90m------------------------------[0m
[0mcreate spring
[0m [90mGiven valid parameters[0m [0mwhen running ** create spring[0m 
  [1mcreates a spring application and promotes it to staging
  [0m
  [37m/home/jenkins/go/jenkins-x/bdd-**/**_create_spring.go:30[0m
      Using Git provider URL https://github.beescloud.com
      about to run command: ** create spring -b --org jenkins-x-tests --artifact bdd-spring-1557930322 --name bdd-spring-1557930322 -d web -d actuator --git-provider-url https://github.beescloud.com
Created Spring Boot project at /tmp/bdd-337386387/bdd-spring-1557930322

Git repository created
selected pack: /builder/home/.**/draft/packs/github.com/jenkins-x-buildpacks/jenkins-x-kubernetes/packs/maven
replacing placeholders in directory /tmp/bdd-337386387/bdd-spring-1557930322
app name: bdd-spring-1557930322, git server: github.beescloud.com, org: jenkins-x-tests, Docker registry org: jenkins-x-tests
skipping directory "/tmp/bdd-337386387/bdd-spring-1557930322/.git"
skipping ignored file "/tmp/bdd-337386387/bdd-spring-1557930322/HELP.md"
Apache Maven is not installed so lets download: http://central.maven.org/maven2/org/apache/maven/apache-maven/3.5.4/apache-maven-3.5.4-bin.zip

downloadFile
Downloading http://central.maven.org/maven2/org/apache/maven/apache-maven/3.5.4/apache-maven-3.5.4-bin.zip to /builder/home/.**/mvn.zip...
Downloaded /builder/home/.**/mvn.zip

util.Unzip

ReadDir
Apache Maven is installed at: /builder/home/.**/maven
Using Git provider github at https://github.beescloud.com


About to create repository bdd-spring-1557930322 on server https://github.beescloud.com with user ****


Creating repository jenkins-x-tests/bdd-spring-1557930322
Pushed Git repository to https://github.beescloud.com/jenkins-x-tests/bdd-spring-1557930322




Created Jenkins Project: http://jenkins.bdd-ghe-**-pr-3908-7.35.205.242.160.nip.io/job/jenkins-x-tests/job/bdd-spring-1557930322/
Watch pipeline activity via:    ** get activity -f bdd-spring-1557930322 -w
Browse the pipeline log via:    ** get build logs jenkins-x-tests/bdd-spring-1557930322/master
Open the Jenkins console via    ** console
You can list the pipelines via: ** get pipelines
When the pipeline is complete:  ** get applications
For more help on available commands see: https://jenkins-x.io/developing/browsing/
Note that your first pipeline may take a few minutes to start while the necessary images get downloaded!

Creating GitHub webhook for jenkins-x-tests/bdd-spring-1557930322 for url http://jenkins.bdd-ghe-**-pr-3908-7.35.205.242.160.nip.io/github-webhook/
      Checking that there is a job built successfully for jenkins-x-tests/bdd-spring-1557930322/master
WARNING: 
retrying after error:No Job exists yet called jenkins-x-tests/bdd-spring-1557930322/master

view the log at: http://jenkins.bdd-ghe-**-pr-3908-7.35.205.242.160.nip.io/job/jenkins-x-tests/job/bdd-spring-1557930322/job/master/1/console
tailing the log of jenkins-x-tests/bdd-spring-1557930322/master #1
Branch indexing
Connecting to https://github.beescloud.com/api/v3 using ****/****** (API Token for acccessing https://github.beescloud.com Git service inside pipelines)
Obtained Jenkinsfile from b049bd0010214ffb706658ff5089c9fb81acbc61
Running in Durability level: MAX_SURVIVABILITY
[Pipeline] node
Still waiting to schedule task
Waiting for next available executor
Agent maven-nwdf7 is provisioned from template Kubernetes Pod Template
Agent specification [Kubernetes Pod Template] (jenkins-maven): 
* [jnlp] jenkinsci/jnlp-slave:3.26-1-alpine(resourceRequestCpu: 100m, resourceRequestMemory: 128Mi)
* [maven] jenkinsxio/builder-maven:0.0.0-SNAPSHOT-PR-3908-7(resourceRequestCpu: 400m, resourceRequestMemory: 512Mi, resourceLimitCpu: 1, resourceLimitMemory: 1024Mi)

Running on maven-nwdf7 in /home/jenkins/workspace/sts_bdd-spring-1557930322_master
[Pipeline] {
[Pipeline] stage
[Pipeline] { (Declarative: Checkout SCM)
[Pipeline] checkout
Cloning the remote Git repository
Cloning with configured refspecs honoured and without tags
Cloning repository https://github.beescloud.com/jenkins-x-tests/bdd-spring-1557930322.git
 > git init /home/jenkins/workspace/sts_bdd-spring-1557930322_master # timeout=10
Fetching upstream changes from https://github.beescloud.com/jenkins-x-tests/bdd-spring-1557930322.git
 > git --version # timeout=10
using GIT_ASKPASS to set credentials API Token for acccessing https://github.beescloud.com Git service inside pipelines
 > git fetch --no-tags --progress https://github.beescloud.com/jenkins-x-tests/bdd-spring-1557930322.git +refs/heads/master:refs/remotes/origin/master
Fetching without tags
Checking out Revision b049bd0010214ffb706658ff5089c9fb81acbc61 (master)
 > git config remote.origin.url https://github.beescloud.com/jenkins-x-tests/bdd-spring-1557930322.git # timeout=10
 > git config --add remote.origin.fetch +refs/heads/master:refs/remotes/origin/master # timeout=10
 > git config remote.origin.url https://github.beescloud.com/jenkins-x-tests/bdd-spring-1557930322.git # timeout=10
Fetching upstream changes from https://github.beescloud.com/jenkins-x-tests/bdd-spring-1557930322.git
using GIT_ASKPASS to set credentials API Token for acccessing https://github.beescloud.com Git service inside pipelines
 > git fetch --no-tags --progress https://github.beescloud.com/jenkins-x-tests/bdd-spring-1557930322.git +refs/heads/master:refs/remotes/origin/master
 > git config core.sparsecheckout # timeout=10
 > git checkout -f b049bd0010214ffb706658ff5089c9fb81acbc61
Commit message: "fix:(plugins) use a better version of maven plugins"
First time build. Skipping changelog.
[Pipeline] }
[Pipeline] // stage
[Pipeline] withEnv
[Pipeline] {
[Pipeline] withCredentials
[Pipeline] {
[Pipeline] withEnv
[Pipeline] {
[Pipeline] stage
[Pipeline] { (CI Build and push snapshot)
Stage "CI Build and push snapshot" skipped due to when conditional
[Pipeline] }
[Pipeline] // stage
[Pipeline] stage
[Pipeline] { (Build Release)
[Pipeline] container
[Pipeline] {
[Pipeline] sh
+ git checkout master
Switched to a new branch 'master'
Branch 'master' set up to track remote branch 'master' from 'origin'.
[Pipeline] sh
+ git config --global credential.helper store
[Pipeline] sh
+ ** step git credentials
Generated Git credentials file /home/jenkins/git/credentials
[Pipeline] sh
++ **-release-version
+ echo 0.0.1
[Pipeline] sh
++ cat VERSION
+ mvn versions:set -DnewVersion=0.0.1
Picked up _JAVA_OPTIONS: -XX:+UnlockExperimentalVMOptions -XX:+UseCGroupMemoryLimitForHeap -Dsun.zip.disableMemoryMapping=true -XX:+UseParallelGC -XX:MinHeapFreeRatio=5 -XX:MaxHeapFreeRatio=10 -XX:GCTimeRatio=4 -XX:AdaptiveSizePolicyWeight=90 -Xms10m -Xmx192m
OpenJDK 64-Bit Server VM warning: If the number of processors is expected to increase from one, then you should configure the number of parallel GC threads appropriately using -XX:ParallelGCThreads=N
[INFO] Scanning for projects...
[INFO] 
[INFO] -----------------< com.example:bdd-spring-1557930322 >------------------
[INFO] Building **** 0.0.1-SNAPSHOT
[INFO] --------------------------------[ jar ]---------------------------------
[INFO] 
[INFO] --- versions-maven-plugin:2.7:set (default-cli) @ bdd-spring-1557930322 ---
[INFO] Searching for local aggregator root...
[INFO] Local aggregation root: /home/jenkins/workspace/sts_bdd-spring-1557930322_master
[INFO] Processing change of com.example:bdd-spring-1557930322:0.0.1-SNAPSHOT -> 0.0.1
[INFO] Processing com.example:bdd-spring-1557930322
[INFO]     Updating project com.example:bdd-spring-1557930322
[INFO]         from version 0.0.1-SNAPSHOT to 0.0.1
[INFO] 
[INFO] ------------------------------------------------------------------------
[INFO] BUILD SUCCESS
[INFO] ------------------------------------------------------------------------
[INFO] Total time: 19.361 s
[INFO] Finished at: 2019-05-15T14:29:21Z
[INFO] ------------------------------------------------------------------------
[Pipeline] sh
++ cat VERSION
+ ** step tag --version 0.0.1
Updating chart version in charts/bdd-spring-1557930322/Chart.yaml to 0.0.1
Updating repository in charts/bdd-spring-1557930322/values.yaml to 10.31.244.158:5000/jenkins-x-tests/bdd-spring-1557930322
Updating tag in charts/bdd-spring-1557930322/values.yaml to 0.0.1
Tag v0.0.1 created and pushed to remote origin
[Pipeline] sh
+ mvn clean deploy
Picked up _JAVA_OPTIONS: -XX:+UnlockExperimentalVMOptions -XX:+UseCGroupMemoryLimitForHeap -Dsun.zip.disableMemoryMapping=true -XX:+UseParallelGC -XX:MinHeapFreeRatio=5 -XX:MaxHeapFreeRatio=10 -XX:GCTimeRatio=4 -XX:AdaptiveSizePolicyWeight=90 -Xms10m -Xmx192m
OpenJDK 64-Bit Server VM warning: If the number of processors is expected to increase from one, then you should configure the number of parallel GC threads appropriately using -XX:ParallelGCThreads=N
[INFO] Scanning for projects...
[INFO] 
[INFO] -----------------< com.example:bdd-spring-1557930322 >------------------
[INFO] Building **** 0.0.1
[INFO] --------------------------------[ jar ]---------------------------------
[INFO] 
[INFO] --- maven-clean-plugin:3.1.0:clean (default-clean) @ bdd-spring-1557930322 ---
[INFO] 
[INFO] --- maven-resources-plugin:3.1.0:resources (default-resources) @ bdd-spring-1557930322 ---
[INFO] Using 'UTF-8' encoding to copy filtered resources.
[INFO] Copying 1 resource
[INFO] Copying 0 resource
[INFO] 
[INFO] --- maven-compiler-plugin:3.8.1:compile (default-compile) @ bdd-spring-1557930322 ---
[INFO] Changes detected - recompiling the module!
[INFO] Compiling 1 source file to /home/jenkins/workspace/sts_bdd-spring-1557930322_master/target/classes
[INFO] 
[INFO] --- maven-resources-plugin:3.1.0:testResources (default-testResources) @ bdd-spring-1557930322 ---
[INFO] Using 'UTF-8' encoding to copy filtered resources.
[INFO] skip non existing resourceDirectory /home/jenkins/workspace/sts_bdd-spring-1557930322_master/src/test/resources
[INFO] 
[INFO] --- maven-compiler-plugin:3.8.1:testCompile (default-testCompile) @ bdd-spring-1557930322 ---
[INFO] Changes detected - recompiling the module!
[INFO] Compiling 1 source file to /home/jenkins/workspace/sts_bdd-spring-1557930322_master/target/test-classes
[INFO] 
[INFO] --- maven-surefire-plugin:3.0.0-M1:test (default-test) @ bdd-spring-1557930322 ---
[INFO] 
[INFO] -------------------------------------------------------
[INFO]  T E S T S
[INFO] -------------------------------------------------------
[WARNING] Corrupted STDOUT by directly writing to native stream in forked JVM 1. See FAQ web page and the dump file /home/jenkins/workspace/sts_bdd-spring-1557930322_master/target/surefire-reports/2019-05-15T14-29-52_135-jvmRun1.dumpstream
14:29:56.559 [main] DEBUG org.springframework.test.context.junit4.SpringJUnit4ClassRunner - SpringJUnit4ClassRunner constructor called with [class com.example.bddspring1557930322.DemoApplicationTests]
14:29:56.560 [main] DEBUG org.springframework.test.context.BootstrapUtils - Instantiating CacheAwareContextLoaderDelegate from class [org.springframework.test.context.cache.DefaultCacheAwareContextLoaderDelegate]
14:29:56.561 [main] DEBUG org.springframework.test.context.BootstrapUtils - Instantiating BootstrapContext using constructor [public org.springframework.test.context.support.DefaultBootstrapContext(java.lang.Class,org.springframework.test.context.CacheAwareContextLoaderDelegate)]
14:29:56.561 [main] DEBUG org.springframework.test.context.BootstrapUtils - Instantiating TestContextBootstrapper for test class [com.example.bddspring1557930322.DemoApplicationTests] from class [org.springframework.boot.test.context.SpringBootTestContextBootstrapper]
14:29:56.562 [main] INFO org.springframework.boot.test.context.SpringBootTestContextBootstrapper - Neither @ContextConfiguration nor @ContextHierarchy found for test class [com.example.bddspring1557930322.DemoApplicationTests], using SpringBootContextLoader
14:29:56.563 [main] DEBUG org.springframework.test.context.support.AbstractContextLoader - Did not detect default resource location for test class [com.example.bddspring1557930322.DemoApplicationTests]: class path resource [com/example/bddspring1557930322/DemoApplicationTests-context.xml] does not exist
14:29:56.565 [main] DEBUG org.springframework.test.context.support.AbstractContextLoader - Did not detect default resource location for test class [com.example.bddspring1557930322.DemoApplicationTests]: class path resource [com/example/bddspring1557930322/DemoApplicationTestsContext.groovy] does not exist
14:29:56.565 [main] INFO org.springframework.test.context.support.AbstractContextLoader - Could not detect default resource locations for test class [com.example.bddspring1557930322.DemoApplicationTests]: no resource found for suffixes {-context.xml, Context.groovy}.
14:29:56.565 [main] INFO org.springframework.test.context.support.AnnotationConfigContextLoaderUtils - Could not detect default configuration classes for test class [com.example.bddspring1557930322.DemoApplicationTests]: DemoApplicationTests does not declare any static, non-private, non-final, nested classes annotated with @Configuration.
14:29:56.569 [main] DEBUG org.springframework.test.context.support.ActiveProfilesUtils - Could not find an 'annotation declaring class' for annotation type [org.springframework.test.context.ActiveProfiles] and class [com.example.bddspring1557930322.DemoApplicationTests]
14:29:56.570 [main] INFO org.springframework.boot.test.context.SpringBootTestContextBootstrapper - Found @SpringBootConfiguration com.example.bddspring1557930322.DemoApplication for test class com.example.bddspring1557930322.DemoApplicationTests
14:29:56.574 [main] DEBUG org.springframework.boot.test.context.SpringBootTestContextBootstrapper - @TestExecutionListeners is not present for class [com.example.bddspring1557930322.DemoApplicationTests]: using defaults.
14:29:56.574 [main] INFO org.springframework.boot.test.context.SpringBootTestContextBootstrapper - Loaded default TestExecutionListener class names from location [META-INF/spring.factories]: [org.springframework.boot.test.mock.mockito.MockitoTestExecutionListener, org.springframework.boot.test.mock.mockito.ResetMocksTestExecutionListener, org.springframework.boot.test.autoconfigure.restdocs.RestDocsTestExecutionListener, org.springframework.boot.test.autoconfigure.web.client.MockRestServiceServerResetTestExecutionListener, org.springframework.boot.test.autoconfigure.web.servlet.MockMvcPrintOnlyOnFailureTestExecutionListener, org.springframework.boot.test.autoconfigure.web.servlet.WebDriverTestExecutionListener, org.springframework.test.context.web.ServletTestExecutionListener, org.springframework.test.context.support.DirtiesContextBeforeModesTestExecutionListener, org.springframework.test.context.support.DependencyInjectionTestExecutionListener, org.springframework.test.context.support.DirtiesContextTestExecutionListener, org.springframework.test.context.transaction.TransactionalTestExecutionListener, org.springframework.test.context.jdbc.SqlScriptsTestExecutionListener, org.springframework.test.context.event.EventPublishingTestExecutionListener]
14:29:56.576 [main] DEBUG org.springframework.boot.test.context.SpringBootTestContextBootstrapper - Skipping candidate TestExecutionListener [org.springframework.test.context.transaction.TransactionalTestExecutionListener] due to a missing dependency. Specify custom listener classes or make the default listener classes and their required dependencies available. Offending class: [org/springframework/transaction/TransactionDefinition]
14:29:56.576 [main] DEBUG org.springframework.boot.test.context.SpringBootTestContextBootstrapper - Skipping candidate TestExecutionListener [org.springframework.test.context.jdbc.SqlScriptsTestExecutionListener] due to a missing dependency. Specify custom listener classes or make the default listener classes and their required dependencies available. Offending class: [org/springframework/transaction/interceptor/TransactionAttribute]
14:29:56.577 [main] INFO org.springframework.boot.test.context.SpringBootTestContextBootstrapper - Using TestExecutionListeners: [org.springframework.test.context.web.ServletTestExecutionListener@14555e0a, org.springframework.test.context.support.DirtiesContextBeforeModesTestExecutionListener@4bb33f74, org.springframework.boot.test.mock.mockito.MockitoTestExecutionListener@759d26fb, org.springframework.boot.test.autoconfigure.SpringBootDependencyInjectionTestExecutionListener@3c73951, org.springframework.test.context.support.DirtiesContextTestExecutionListener@3d5c822d, org.springframework.test.context.event.EventPublishingTestExecutionListener@6f46426d, org.springframework.boot.test.mock.mockito.ResetMocksTestExecutionListener@73700b80, org.springframework.boot.test.autoconfigure.restdocs.RestDocsTestExecutionListener@49c7b90e, org.springframework.boot.test.autoconfigure.web.client.MockRestServiceServerResetTestExecutionListener@10d307f1, org.springframework.boot.test.autoconfigure.web.servlet.MockMvcPrintOnlyOnFailureTestExecutionListener@4d5b6aac, org.springframework.boot.test.autoconfigure.web.servlet.WebDriverTestExecutionListener@3e84448c]
14:29:56.577 [main] DEBUG org.springframework.test.annotation.ProfileValueUtils - Retrieved @ProfileValueSourceConfiguration [null] for test class [com.example.bddspring1557930322.DemoApplicationTests]
14:29:56.577 [main] DEBUG org.springframework.test.annotation.ProfileValueUtils - Retrieved ProfileValueSource type [class org.springframework.test.annotation.SystemProfileValueSource] for class [com.example.bddspring1557930322.DemoApplicationTests]
14:29:56.884 [main] DEBUG org.springframework.test.annotation.ProfileValueUtils - Retrieved @ProfileValueSourceConfiguration [null] for test class [com.example.bddspring1557930322.DemoApplicationTests]
14:29:56.885 [main] DEBUG org.springframework.test.annotation.ProfileValueUtils - Retrieved ProfileValueSource type [class org.springframework.test.annotation.SystemProfileValueSource] for class [com.example.bddspring1557930322.DemoApplicationTests]
[INFO] Running com.example.bddspring1557930322.DemoApplicationTests
14:29:56.899 [main] DEBUG org.springframework.test.annotation.ProfileValueUtils - Retrieved @ProfileValueSourceConfiguration [null] for test class [com.example.bddspring1557930322.DemoApplicationTests]
14:29:56.899 [main] DEBUG org.springframework.test.annotation.ProfileValueUtils - Retrieved ProfileValueSource type [class org.springframework.test.annotation.SystemProfileValueSource] for class [com.example.bddspring1557930322.DemoApplicationTests]
14:29:56.943 [main] DEBUG org.springframework.test.annotation.ProfileValueUtils - Retrieved @ProfileValueSourceConfiguration [null] for test class [com.example.bddspring1557930322.DemoApplicationTests]
14:29:56.944 [main] DEBUG org.springframework.test.annotation.ProfileValueUtils - Retrieved ProfileValueSource type [class org.springframework.test.annotation.SystemProfileValueSource] for class [com.example.bddspring1557930322.DemoApplicationTests]
14:29:56.956 [main] DEBUG org.springframework.test.context.support.AbstractDirtiesContextTestExecutionListener - Before test class: context [DefaultTestContext@1530c739 testClass = DemoApplicationTests, testInstance = [null], testMethod = [null], testException = [null], mergedContextConfiguration = [WebMergedContextConfiguration@5b1669c0 testClass = DemoApplicationTests, locations = '{}', classes = '{class com.example.bddspring1557930322.DemoApplication}', contextInitializerClasses = '[]', activeProfiles = '{}', propertySourceLocations = '{}', propertySourceProperties = '{org.springframework.boot.test.context.SpringBootTestContextBootstrapper=true}', contextCustomizers = set[org.springframework.boot.test.context.filter.ExcludeFilterContextCustomizer@21507a04, org.springframework.boot.test.json.DuplicateJsonObjectContextCustomizerFactory$DuplicateJsonObjectContextCustomizer@475e586c, org.springframework.boot.test.mock.mockito.MockitoContextCustomizer@0, org.springframework.boot.test.web.client.TestRestTemplateContextCustomizer@a4102b8, org.springframework.boot.test.autoconfigure.properties.PropertyMappingContextCustomizer@0, org.springframework.boot.test.autoconfigure.web.servlet.WebDriverContextCustomizerFactory$Customizer@5a955565], resourceBasePath = 'src/main/webapp', contextLoader = 'org.springframework.boot.test.context.SpringBootContextLoader', parent = [null]], attributes = map['org.springframework.test.context.web.ServletTestExecutionListener.activateListener' -> true]], class annotated with @DirtiesContext [false] with mode [null].
14:29:56.969 [main] DEBUG org.springframework.test.annotation.ProfileValueUtils - Retrieved @ProfileValueSourceConfiguration [null] for test class [com.example.bddspring1557930322.DemoApplicationTests]
14:29:56.969 [main] DEBUG org.springframework.test.annotation.ProfileValueUtils - Retrieved ProfileValueSource type [class org.springframework.test.annotation.SystemProfileValueSource] for class [com.example.bddspring1557930322.DemoApplicationTests]
14:29:57.067 [main] DEBUG org.springframework.test.context.support.TestPropertySourceUtils - Adding inlined properties to environment: {spring.jmx.enabled=false, org.springframework.boot.test.context.SpringBootTestContextBootstrapper=true, server.port=-1}

  .   ____          _            __ _ _
 /\\ / ___'_ __ _ _(_)_ __  __ _ \ \ \ \
( ( )\___ | '_ | '_| | '_ \/ _` | \ \ \ \
 \\/  ___)| |_)| | | | | || (_| |  ) ) ) )
  '  |____| .__|_| |_|_| |_\__, | / / / /
 =========|_|==============|___/=/_/_/_/
 :: Spring Boot ::             (v2.2.0.M3)

2019-05-15 14:29:57.890  INFO 259 --- [           main] c.e.b.DemoApplicationTests               : Starting DemoApplicationTests on maven-nwdf7 with PID 259 (started by root in /home/jenkins/workspace/sts_bdd-spring-1557930322_master)
2019-05-15 14:29:57.944  INFO 259 --- [           main] c.e.b.DemoApplicationTests               : No active profile set, falling back to default profiles: default
2019-05-15 14:30:06.861  INFO 259 --- [           main] o.s.s.concurrent.ThreadPoolTaskExecutor  : Initializing ExecutorService 'applicationTaskExecutor'
2019-05-15 14:30:08.976  INFO 259 --- [           main] o.s.b.a.e.web.EndpointLinksResolver      : Exposing 2 endpoint(s) beneath base path '/actuator'
2019-05-15 14:30:09.247  INFO 259 --- [           main] c.e.b.DemoApplicationTests               : Started DemoApplicationTests in 12.159 seconds (JVM running for 15.479)
[INFO] Tests run: 1, Failures: 0, Errors: 0, Skipped: 0, Time elapsed: 13.183 s - in com.example.bddspring1557930322.DemoApplicationTests
2019-05-15 14:30:10.252  INFO 259 --- [       Thread-1] o.s.s.concurrent.ThreadPoolTaskExecutor  : Shutting down ExecutorService 'applicationTaskExecutor'
[WARNING] ForkStarter IOException: org.springframework.test.context.CacheAwareContextLoaderDelegate)]
 using SpringBootContextLoader
 Context.groovy}.
 non-private, non-final, nested classes annotated with @Configuration.
 org.springframework.boot.test.mock.mockito.ResetMocksTestExecutionListener, org.springframework.boot.test.autoconfigure.restdocs.RestDocsTestExecutionListener, org.springframework.boot.test.autoconfigure.web.client.MockRestServiceServerResetTestExecutionListener, org.springframework.boot.test.autoconfigure.web.servlet.MockMvcPrintOnlyOnFailureTestExecutionListener, org.springframework.boot.test.autoconfigure.web.servlet.WebDriverTestExecutionListener, org.springframework.test.context.web.ServletTestExecutionListener, org.springframework.test.context.support.DirtiesContextBeforeModesTestExecutionListener, org.springframework.test.context.support.DependencyInjectionTestExecutionListener, org.springframework.test.context.support.DirtiesContextTestExecutionListener, org.springframework.test.context.transaction.TransactionalTestExecutionListener, org.springframework.test.context.jdbc.SqlScriptsTestExecutionListener, org.springframework.test.context.event.EventPublishingTestExecutionListener]
 org.springframework.test.context.support.DirtiesContextBeforeModesTestExecutionListener@55b53d44, org.springframework.boot.test.mock.mockito.MockitoTestExecutionListener@482bce4f, org.springframework.boot.test.autoconfigure.SpringBootDependencyInjectionTestExecutionListener@366647c2, org.springframework.test.context.support.DirtiesContextTestExecutionListener@6a6afff2, org.springframework.test.context.event.EventPublishingTestExecutionListener@1649b0e6, org.springframework.boot.test.mock.mockito.ResetMocksTestExecutionListener@865dd6, org.springframework.boot.test.autoconfigure.restdocs.RestDocsTestExecutionListener@4da4253, org.springframework.boot.test.autoconfigure.web.client.MockRestServiceServerResetTestExecutionListener@3972a855, org.springframework.boot.test.autoconfigure.web.servlet.MockMvcPrintOnlyOnFailureTestExecutionListener@62e7f11d, org.springframework.boot.test.autoconfigure.web.servlet.WebDriverTestExecutionListener@503d687a]. See the dump file /home/jenkins/workspace/sts_bdd-spring-1557930322_master/target/surefire-reports/2019-05-15T14-29-52_135-jvmRun1.dumpstream
[INFO] 
[INFO] Results:
[INFO] 
[INFO] Tests run: 1, Failures: 0, Errors: 0, Skipped: 0
[INFO] 
[INFO] 
[INFO] --- maven-jar-plugin:3.1.2:jar (default-jar) @ bdd-spring-1557930322 ---
[INFO] Building jar: /home/jenkins/workspace/sts_bdd-spring-1557930322_master/target/bdd-spring-1557930322-0.0.1.jar
[INFO] 
[INFO] --- spring-boot-maven-plugin:2.2.0.M3:repackage (repackage) @ bdd-spring-1557930322 ---
[INFO] Replacing main artifact with repackaged archive
[INFO] 
[INFO] --- maven-install-plugin:2.5.2:install (default-install) @ bdd-spring-1557930322 ---
[INFO] Installing /home/jenkins/workspace/sts_bdd-spring-1557930322_master/target/bdd-spring-1557930322-0.0.1.jar to /root/.mvnrepository/com/example/bdd-spring-1557930322/0.0.1/bdd-spring-1557930322-0.0.1.jar
[INFO] Installing /home/jenkins/workspace/sts_bdd-spring-1557930322_master/pom.xml to /root/.mvnrepository/com/example/bdd-spring-1557930322/0.0.1/bdd-spring-1557930322-0.0.1.pom
[INFO] 
[INFO] --- maven-deploy-plugin:2.8.2:deploy (default-deploy) @ bdd-spring-1557930322 ---
[INFO] Using alternate deployment repository nexus::default::http://nexus/repository/maven-releases/
[INFO] ------------------------------------------------------------------------
[INFO] BUILD SUCCESS
[INFO] ------------------------------------------------------------------------
[INFO] Total time: 41.991 s
[INFO] Finished at: 2019-05-15T14:30:17Z
[INFO] ------------------------------------------------------------------------
[Pipeline] sh
+ skaffold version
v0.26.0
[Pipeline] sh
++ cat VERSION
+ export VERSION=0.0.1
+ VERSION=0.0.1
+ skaffold build -f skaffold.yaml
time="2019-05-15T14:30:25Z" level=warning msg="config version (skaffold/v1beta2) out of date: upgrading to latest (skaffold/v1beta7)"
Generating tags...
 - changeme -> 10.31.244.158:5000/jenkins-x-tests/bdd-spring-1557930322:0.0.1
Tags generated in 1.417778ms
Starting build...
Building [changeme]...
Sending build context to Docker daemon  529.4kBSending build context to Docker daemon  15.01MBSending build context to Docker daemon  18.78MB
Step 1/8 : FROM openjdk:8-jdk-slim
 ---> 53d0e22a19f1
Step 2/8 : ENV PORT 8080
 ---> Using cache
 ---> 2acec84ff44f
Step 3/8 : ENV CLASSPATH /opt/lib
 ---> Using cache
 ---> b2a74e156cab
Step 4/8 : EXPOSE 8080
 ---> Using cache
 ---> 3c6e93388aa6
Step 5/8 : COPY pom.xml target/lib* /opt/lib/
 ---> d2bbafedae17
Step 6/8 : COPY target/*.jar /opt/app.jar
 ---> 10c6b33ca4da
Step 7/8 : WORKDIR /opt
 ---> e7bdbef40bb1
Step 8/8 : CMD java -XX:+UnlockExperimentalVMOptions -XX:+UseCGroupMemoryLimitForHeap -jar app.jar
 ---> Running in 82c447e8acb1
 ---> 15797c943a71
Successfully built 15797c943a71
The push refers to a repository [10.31.244.158:5000/jenkins-x-tests/bdd-spring-1557930322]
14a880c07cd1: Preparing
d2146faa07a9: Preparing
813579019046: Preparing
9cb4455f3c79: Preparing
8eda56201d25: Preparing
270b3f9af07e: Preparing
6270adb5794c: Preparing
270b3f9af07e: Waiting
6270adb5794c: Waiting
9cb4455f3c79: Pushed
d2146faa07a9: Pushed
8eda56201d25: Pushed
270b3f9af07e: Pushed
14a880c07cd1: Pushed
6270adb5794c: Pushed
813579019046: Pushed
0.0.1: digest: sha256:ed783d9f8f43b26661d58e06e4daf3d20b869da816c7f5622e8c95fb61bd2742 size: 1784
Build complete in 15.250074847s
Starting test...
Test complete in 6.208s
Complete in 15.361965807s
There is a new version (0.29.0) of Skaffold available. Download it at https://storage.googleapis.com/skaffold/releases/latest/skaffold-linux-amd64

[Pipeline] sh
++ cat VERSION
+ ** step post build --image 10.31.244.158:5000/jenkins-x-tests/bdd-spring-1557930322:0.0.1
no CVE provider running in the current bdd-ghe-**-pr-3908-7 namespace so skip adding image to be analysed
[Pipeline] }
[Pipeline] // container
[Pipeline] }
[Pipeline] // stage
[Pipeline] stage
[Pipeline] { (Promote to Environments)
[Pipeline] container
[Pipeline] {
[Pipeline] dir
Running in /home/jenkins/workspace/sts_bdd-spring-1557930322_master/charts/bdd-spring-1557930322
[Pipeline] {
[Pipeline] sh
++ cat ../../VERSION
+ ** step changelog --version v0.0.1
Using batch mode as inside a pipeline
Generating change log from git ref b049bd0010214ffb706658ff5089c9fb81acbc61 => da0946f6eb5144807d6ee05e1c7add3be8e62e34
WARNING: Failed to enrich commits with issues: User.jenkins.io "" is invalid: metadata.name: Required value: name or generateName is required
WARNING: Failed to enrich commits with issues: User.jenkins.io "" is invalid: metadata.name: Required value: name or generateName is required
Finding issues in commit messages using git format
WARNING: No release found for jenkins-x-tests/bdd-spring-1557930322 and tag v0.0.1 so creating a new release
Updated the release information at https://github.beescloud.com/jenkins-x-tests/bdd-spring-1557930322/releases/tag/v0.0.1
generated: /home/jenkins/workspace/sts_bdd-spring-1557930322_master/charts/bdd-spring-1557930322/templates/release.yaml
Created Release bdd-spring-1557930322-0-0-1 resource in namespace bdd-ghe-**-pr-3908-7
Updating PipelineActivity jenkins-x-tests-bdd-spring-1557930322-master-1 with version 0.0.1
Updated PipelineActivities jenkins-x-tests-bdd-spring-1557930322-master-1 with release notes URL: https://github.beescloud.com/jenkins-x-tests/bdd-spring-1557930322/releases/tag/v0.0.1
[Pipeline] sh
+ ** step helm release
WARNING: No $CHART_REPOSITORY defined so using the default value of: http://jenkins-x-chartmuseum:8080
Adding missing Helm repo: chartmuseum.jenkins-x.io http://chartmuseum.jenkins-x.io
Successfully added Helm repository chartmuseum.jenkins-x.io.
Adding missing Helm repo: jenkins-x-chartmuseum http://jenkins-x-chartmuseum:8080
Successfully added Helm repository jenkins-x-chartmuseum.
WARNING: No $CHART_REPOSITORY defined so using the default value of: http://jenkins-x-chartmuseum:8080
Uploading chart file bdd-spring-1557930322-0.0.1.tgz to http://jenkins-x-chartmuseum:8080/api/charts
Received 201 response: {"saved":true}
[Pipeline] sh
++ cat ../../VERSION
+ ** promote -b --all-auto --timeout 1h --version 0.0.1
Promoting app bdd-spring-1557930322 version 0.0.1 to namespace bdd-ghe-**-pr-3908-7-staging
Created Pull Request: https://github.beescloud.com/****/environment-bdd-ghe-**-pr-3908-7-staging/pull/1

WARNING: Failed to query the Pull Request last commit status for https://github.beescloud.com/****/environment-bdd-ghe-**-pr-3908-7-staging/pull/1 ref b7f5b413738cc1a7a39032515a252c06822e0833 Could not find a status for repository ****/environment-bdd-ghe-**-pr-3908-7-staging with ref b7f5b413738cc1a7a39032515a252c06822e0833
WARNING: Failed to query the Pull Request last commit status for https://github.beescloud.com/****/environment-bdd-ghe-**-pr-3908-7-staging/pull/1 ref b7f5b413738cc1a7a39032515a252c06822e0833 Could not find a status for repository ****/environment-bdd-ghe-**-pr-3908-7-staging with ref b7f5b413738cc1a7a39032515a252c06822e0833
WARNING: Failed to query the Pull Request last commit status for https://github.beescloud.com/****/environment-bdd-ghe-**-pr-3908-7-staging/pull/1 ref b7f5b413738cc1a7a39032515a252c06822e0833 Could not find a status for repository ****/environment-bdd-ghe-**-pr-3908-7-staging with ref b7f5b413738cc1a7a39032515a252c06822e0833
WARNING: Failed to query the Pull Request last commit status for https://github.beescloud.com/****/environment-bdd-ghe-**-pr-3908-7-staging/pull/1 ref b7f5b413738cc1a7a39032515a252c06822e0833 Could not find a status for repository ****/environment-bdd-ghe-**-pr-3908-7-staging with ref b7f5b413738cc1a7a39032515a252c06822e0833
Pull Request https://github.beescloud.com/****/environment-bdd-ghe-**-pr-3908-7-staging/pull/1 is merged at sha 82fbe070e91a619db3045582019f638da14a8477
Merge commit has not yet any statuses on repo ****/environment-bdd-ghe-**-pr-3908-7-staging merge sha 82fbe070e91a619db3045582019f638da14a8477
merge status: pending for URL https://github.beescloud.com/api/v3/repos/****/environment-bdd-ghe-**-pr-3908-7-staging/statuses/82fbe070e91a619db3045582019f638da14a8477 with target: http://jenkins.bdd-ghe-**-pr-3908-7.35.205.242.160.nip.io/job/****/job/environment-bdd-ghe-**-pr-3908-7-staging/job/master/2/display/redirect description: This commit is being built
merge status: success for URL https://github.beescloud.com/api/v3/repos/****/environment-bdd-ghe-**-pr-3908-7-staging/statuses/82fbe070e91a619db3045582019f638da14a8477 with target: http://jenkins.bdd-ghe-**-pr-3908-7.35.205.242.160.nip.io/job/****/job/environment-bdd-ghe-**-pr-3908-7-staging/job/master/2/display/redirect description: This commit looks good
Merge status checks all passed so the promotion worked!
[Pipeline] }
[Pipeline] // dir
[Pipeline] }
[Pipeline] // container
[Pipeline] }
[Pipeline] // stage
[Pipeline] stage
[Pipeline] { (Declarative: Post Actions)
[Pipeline] cleanWs
[WS-CLEANUP] Deleting project workspace...
[WS-CLEANUP] Deferred wipeout is used...
[WS-CLEANUP] done
[Pipeline] }
[Pipeline] // stage
[Pipeline] }
[Pipeline] // withEnv
[Pipeline] }
[Pipeline] // withCredentials
[Pipeline] }
[Pipeline] // withEnv
[Pipeline] }
[Pipeline] // node
[Pipeline] End of Pipeline

GitHub has been notified of this commits build result

      build status for 'jenkins-x-tests/bdd-spring-1557930322/master-1' is 'Succeeded'
APPLICATION              STAGING PODS URL
**-bdd-spring-1557930322 0.0.1        http://bdd-spring-1557930322.bdd-ghe-**-pr-3908-7-staging.35.205.242.160.nip.io
      application name bdd-spring-1557930322 application map map[string]map[string]*cmd.ApplicationEnvironmentInfo{"**-bdd-spring-1557930322":map[string]*cmd.ApplicationEnvironmentInfo{"staging":(*cmd.ApplicationEnvironmentInfo)(0xc000942900)}}
      Invoked http://bdd-spring-1557930322.bdd-ghe-**-pr-3908-7-staging.35.205.242.160.nip.io and got return code: 503
      Invoked http://bdd-spring-1557930322.bdd-ghe-**-pr-3908-7-staging.35.205.242.160.nip.io and got return code: 404
[1mSTEP[0m: perform a pull request on the source and assert that a preview environment is created
      Creating a Pull Request in folder: /tmp/bdd-337386387/bdd-spring-1557930322
Switched to a new branch 'changes'
[changes b036dce] My first PR commit
 Author: ************* <jenkins-x@googlegroups.com>
 1 file changed, 1 insertion(+)
 create mode 100755 README.md
remote: 
remote: Create a pull request for 'changes' on GitHub by visiting:        
remote:      https://github.beescloud.com/jenkins-x-tests/bdd-spring-1557930322/pull/new/changes        
remote: 
To https://****:****************************************@github.beescloud.com/jenkins-x-tests/bdd-spring-1557930322.git
 * [new branch]      changes -> changes
Branch changes set up to track remote branch changes from origin.

Created PullRequest #1 at https://github.beescloud.com/jenkins-x-tests/bdd-spring-1557930322/pull/1
      Checking that there is a job built successfully for jenkins-x-tests/bdd-spring-1557930322/PR-1
WARNING: 
retrying after error:No Job exists yet called jenkins-x-tests/bdd-spring-1557930322/PR-1

WARNING: 
retrying after error:No Job exists yet called jenkins-x-tests/bdd-spring-1557930322/PR-1

WARNING: 
retrying after error:No Job exists yet called jenkins-x-tests/bdd-spring-1557930322/PR-1

view the log at: http://jenkins.bdd-ghe-**-pr-3908-7.35.205.242.160.nip.io/job/jenkins-x-tests/job/bdd-spring-1557930322/job/PR-1/1/console
tailing the log of jenkins-x-tests/bdd-spring-1557930322/PR-1 #1
Pull request #1 opened
Connecting to https://github.beescloud.com/api/v3 using ****/****** (API Token for acccessing https://github.beescloud.com Git service inside pipelines)
Obtained Jenkinsfile from b036dce2e4f402aafc6b9e9f75deeb810b19a357
Running in Durability level: MAX_SURVIVABILITY
[Pipeline] node
Still waiting to schedule task
Waiting for next available executor
Agent maven-bs2z0 is provisioned from template Kubernetes Pod Template
Agent specification [Kubernetes Pod Template] (jenkins-maven): 
* [jnlp] jenkinsci/jnlp-slave:3.26-1-alpine(resourceRequestCpu: 100m, resourceRequestMemory: 128Mi)
* [maven] jenkinsxio/builder-maven:0.0.0-SNAPSHOT-PR-3908-7(resourceRequestCpu: 400m, resourceRequestMemory: 512Mi, resourceLimitCpu: 1, resourceLimitMemory: 1024Mi)

Running on maven-bs2z0 in /home/jenkins/workspace/tests_bdd-spring-1557930322_PR-1
[Pipeline] {
[Pipeline] stage
[Pipeline] { (Declarative: Checkout SCM)
[Pipeline] checkout
Cloning the remote Git repository
Cloning with configured refspecs honoured and without tags
Cloning repository https://github.beescloud.com/jenkins-x-tests/bdd-spring-1557930322.git
 > git init /home/jenkins/workspace/tests_bdd-spring-1557930322_PR-1 # timeout=10
Fetching upstream changes from https://github.beescloud.com/jenkins-x-tests/bdd-spring-1557930322.git
 > git --version # timeout=10
using GIT_ASKPASS to set credentials API Token for acccessing https://github.beescloud.com Git service inside pipelines
 > git fetch --no-tags --progress https://github.beescloud.com/jenkins-x-tests/bdd-spring-1557930322.git +refs/pull/1/head:refs/remotes/origin/PR-1
Fetching without tags
Checking out Revision b036dce2e4f402aafc6b9e9f75deeb810b19a357 (PR-1)
 > git config remote.origin.url https://github.beescloud.com/jenkins-x-tests/bdd-spring-1557930322.git # timeout=10
 > git config --add remote.origin.fetch +refs/pull/1/head:refs/remotes/origin/PR-1 # timeout=10
 > git config remote.origin.url https://github.beescloud.com/jenkins-x-tests/bdd-spring-1557930322.git # timeout=10
Fetching upstream changes from https://github.beescloud.com/jenkins-x-tests/bdd-spring-1557930322.git
using GIT_ASKPASS to set credentials API Token for acccessing https://github.beescloud.com Git service inside pipelines
 > git fetch --no-tags --progress https://github.beescloud.com/jenkins-x-tests/bdd-spring-1557930322.git +refs/pull/1/head:refs/remotes/origin/PR-1
 > git config core.sparsecheckout # timeout=10
 > git checkout -f b036dce2e4f402aafc6b9e9f75deeb810b19a357
Commit message: "My first PR commit"
First time build. Skipping changelog.
[Pipeline] }
[Pipeline] // stage
[Pipeline] withEnv
[Pipeline] {
[Pipeline] withCredentials
[Pipeline] {
[Pipeline] withEnv
[Pipeline] {
[Pipeline] stage
[Pipeline] { (CI Build and push snapshot)
[Pipeline] withEnv
[Pipeline] {
[Pipeline] container
[Pipeline] {
[Pipeline] sh
+ mvn versions:set -DnewVersion=0.0.0-SNAPSHOT-PR-1-1
Picked up _JAVA_OPTIONS: -XX:+UnlockExperimentalVMOptions -XX:+UseCGroupMemoryLimitForHeap -Dsun.zip.disableMemoryMapping=true -XX:+UseParallelGC -XX:MinHeapFreeRatio=5 -XX:MaxHeapFreeRatio=10 -XX:GCTimeRatio=4 -XX:AdaptiveSizePolicyWeight=90 -Xms10m -Xmx192m
OpenJDK 64-Bit Server VM warning: If the number of processors is expected to increase from one, then you should configure the number of parallel GC threads appropriately using -XX:ParallelGCThreads=N
[INFO] Scanning for projects...
[INFO] 
[INFO] -----------------< com.example:bdd-spring-1557930322 >------------------
[INFO] Building **** 0.0.1-SNAPSHOT
[INFO] --------------------------------[ jar ]---------------------------------
[INFO] 
[INFO] --- versions-maven-plugin:2.7:set (default-cli) @ bdd-spring-1557930322 ---
[INFO] Searching for local aggregator root...
[INFO] Local aggregation root: /home/jenkins/workspace/tests_bdd-spring-1557930322_PR-1
[INFO] Processing change of com.example:bdd-spring-1557930322:0.0.1-SNAPSHOT -> 0.0.0-SNAPSHOT-PR-1-1
[INFO] Processing com.example:bdd-spring-1557930322
[INFO]     Updating project com.example:bdd-spring-1557930322
[INFO]         from version 0.0.1-SNAPSHOT to 0.0.0-SNAPSHOT-PR-1-1
[INFO] 
[INFO] ------------------------------------------------------------------------
[INFO] BUILD SUCCESS
[INFO] ------------------------------------------------------------------------
[INFO] Total time: 17.645 s
[INFO] Finished at: 2019-05-15T14:36:36Z
[INFO] ------------------------------------------------------------------------
[Pipeline] sh
+ mvn install
Picked up _JAVA_OPTIONS: -XX:+UnlockExperimentalVMOptions -XX:+UseCGroupMemoryLimitForHeap -Dsun.zip.disableMemoryMapping=true -XX:+UseParallelGC -XX:MinHeapFreeRatio=5 -XX:MaxHeapFreeRatio=10 -XX:GCTimeRatio=4 -XX:AdaptiveSizePolicyWeight=90 -Xms10m -Xmx192m
OpenJDK 64-Bit Server VM warning: If the number of processors is expected to increase from one, then you should configure the number of parallel GC threads appropriately using -XX:ParallelGCThreads=N
[INFO] Scanning for projects...
[INFO] 
[INFO] -----------------< com.example:bdd-spring-1557930322 >------------------
[INFO] Building **** 0.0.0-SNAPSHOT-PR-1-1
[INFO] --------------------------------[ jar ]---------------------------------
[INFO] 
[INFO] --- maven-resources-plugin:3.1.0:resources (default-resources) @ bdd-spring-1557930322 ---
[INFO] Using 'UTF-8' encoding to copy filtered resources.
[INFO] Copying 1 resource
[INFO] Copying 0 resource
[INFO] 
[INFO] --- maven-compiler-plugin:3.8.1:compile (default-compile) @ bdd-spring-1557930322 ---
[INFO] Changes detected - recompiling the module!
[INFO] Compiling 1 source file to /home/jenkins/workspace/tests_bdd-spring-1557930322_PR-1/target/classes
[INFO] 
[INFO] --- maven-resources-plugin:3.1.0:testResources (default-testResources) @ bdd-spring-1557930322 ---
[INFO] Using 'UTF-8' encoding to copy filtered resources.
[INFO] skip non existing resourceDirectory /home/jenkins/workspace/tests_bdd-spring-1557930322_PR-1/src/test/resources
[INFO] 
[INFO] --- maven-compiler-plugin:3.8.1:testCompile (default-testCompile) @ bdd-spring-1557930322 ---
[INFO] Changes detected - recompiling the module!
[INFO] Compiling 1 source file to /home/jenkins/workspace/tests_bdd-spring-1557930322_PR-1/target/test-classes
[INFO] 
[INFO] --- maven-surefire-plugin:3.0.0-M1:test (default-test) @ bdd-spring-1557930322 ---
[INFO] 
[INFO] -------------------------------------------------------
[INFO]  T E S T S
[INFO] -------------------------------------------------------
[WARNING] Corrupted STDOUT by directly writing to native stream in forked JVM 1. See FAQ web page and the dump file /home/jenkins/workspace/tests_bdd-spring-1557930322_PR-1/target/surefire-reports/2019-05-15T14-37-00_292-jvmRun1.dumpstream
14:37:05.357 [main] DEBUG org.springframework.test.context.junit4.SpringJUnit4ClassRunner - SpringJUnit4ClassRunner constructor called with [class com.example.bddspring1557930322.DemoApplicationTests]
14:37:05.361 [main] DEBUG org.springframework.test.context.BootstrapUtils - Instantiating CacheAwareContextLoaderDelegate from class [org.springframework.test.context.cache.DefaultCacheAwareContextLoaderDelegate]
14:37:05.369 [main] DEBUG org.springframework.test.context.BootstrapUtils - Instantiating BootstrapContext using constructor [public org.springframework.test.context.support.DefaultBootstrapContext(java.lang.Class,org.springframework.test.context.CacheAwareContextLoaderDelegate)]
14:37:05.373 [main] DEBUG org.springframework.test.context.BootstrapUtils - Instantiating TestContextBootstrapper for test class [com.example.bddspring1557930322.DemoApplicationTests] from class [org.springframework.boot.test.context.SpringBootTestContextBootstrapper]
14:37:05.383 [main] INFO org.springframework.boot.test.context.SpringBootTestContextBootstrapper - Neither @ContextConfiguration nor @ContextHierarchy found for test class [com.example.bddspring1557930322.DemoApplicationTests], using SpringBootContextLoader
14:37:05.386 [main] DEBUG org.springframework.test.context.support.AbstractContextLoader - Did not detect default resource location for test class [com.example.bddspring1557930322.DemoApplicationTests]: class path resource [com/example/bddspring1557930322/DemoApplicationTests-context.xml] does not exist
14:37:05.391 [main] DEBUG org.springframework.test.context.support.AbstractContextLoader - Did not detect default resource location for test class [com.example.bddspring1557930322.DemoApplicationTests]: class path resource [com/example/bddspring1557930322/DemoApplicationTestsContext.groovy] does not exist
14:37:05.394 [main] INFO org.springframework.test.context.support.AbstractContextLoader - Could not detect default resource locations for test class [com.example.bddspring1557930322.DemoApplicationTests]: no resource found for suffixes {-context.xml, Context.groovy}.
14:37:05.396 [main] INFO org.springframework.test.context.support.AnnotationConfigContextLoaderUtils - Could not detect default configuration classes for test class [com.example.bddspring1557930322.DemoApplicationTests]: DemoApplicationTests does not declare any static, non-private, non-final, nested classes annotated with @Configuration.
14:37:05.425 [main] DEBUG org.springframework.test.context.support.ActiveProfilesUtils - Could not find an 'annotation declaring class' for annotation type [org.springframework.test.context.ActiveProfiles] and class [com.example.bddspring1557930322.DemoApplicationTests]
14:37:05.428 [main] INFO org.springframework.boot.test.context.SpringBootTestContextBootstrapper - Found @SpringBootConfiguration com.example.bddspring1557930322.DemoApplication for test class com.example.bddspring1557930322.DemoApplicationTests
14:37:05.466 [main] DEBUG org.springframework.boot.test.context.SpringBootTestContextBootstrapper - @TestExecutionListeners is not present for class [com.example.bddspring1557930322.DemoApplicationTests]: using defaults.
14:37:05.468 [main] INFO org.springframework.boot.test.context.SpringBootTestContextBootstrapper - Loaded default TestExecutionListener class names from location [META-INF/spring.factories]: [org.springframework.boot.test.mock.mockito.MockitoTestExecutionListener, org.springframework.boot.test.mock.mockito.ResetMocksTestExecutionListener, org.springframework.boot.test.autoconfigure.restdocs.RestDocsTestExecutionListener, org.springframework.boot.test.autoconfigure.web.client.MockRestServiceServerResetTestExecutionListener, org.springframework.boot.test.autoconfigure.web.servlet.MockMvcPrintOnlyOnFailureTestExecutionListener, org.springframework.boot.test.autoconfigure.web.servlet.WebDriverTestExecutionListener, org.springframework.test.context.web.ServletTestExecutionListener, org.springframework.test.context.support.DirtiesContextBeforeModesTestExecutionListener, org.springframework.test.context.support.DependencyInjectionTestExecutionListener, org.springframework.test.context.support.DirtiesContextTestExecutionListener, org.springframework.test.context.transaction.TransactionalTestExecutionListener, org.springframework.test.context.jdbc.SqlScriptsTestExecutionListener, org.springframework.test.context.event.EventPublishingTestExecutionListener]
14:37:05.476 [main] DEBUG org.springframework.boot.test.context.SpringBootTestContextBootstrapper - Skipping candidate TestExecutionListener [org.springframework.test.context.transaction.TransactionalTestExecutionListener] due to a missing dependency. Specify custom listener classes or make the default listener classes and their required dependencies available. Offending class: [org/springframework/transaction/TransactionDefinition]
14:37:05.482 [main] DEBUG org.springframework.boot.test.context.SpringBootTestContextBootstrapper - Skipping candidate TestExecutionListener [org.springframework.test.context.jdbc.SqlScriptsTestExecutionListener] due to a missing dependency. Specify custom listener classes or make the default listener classes and their required dependencies available. Offending class: [org/springframework/transaction/interceptor/TransactionAttribute]
14:37:05.485 [main] INFO org.springframework.boot.test.context.SpringBootTestContextBootstrapper - Using TestExecutionListeners: [org.springframework.test.context.web.ServletTestExecutionListener@10feca44, org.springframework.test.context.support.DirtiesContextBeforeModesTestExecutionListener@3fb1549b, org.springframework.boot.test.mock.mockito.MockitoTestExecutionListener@ea6147e, org.springframework.boot.test.autoconfigure.SpringBootDependencyInjectionTestExecutionListener@4d02f94e, org.springframework.test.context.support.DirtiesContextTestExecutionListener@2b48a640, org.springframework.test.context.event.EventPublishingTestExecutionListener@1e683a3e, org.springframework.boot.test.mock.mockito.ResetMocksTestExecutionListener@2053d869, org.springframework.boot.test.autoconfigure.restdocs.RestDocsTestExecutionListener@7a419da4, org.springframework.boot.test.autoconfigure.web.client.MockRestServiceServerResetTestExecutionListener@14555e0a, org.springframework.boot.test.autoconfigure.web.servlet.MockMvcPrintOnlyOnFailureTestExecutionListener@4bb33f74, org.springframework.boot.test.autoconfigure.web.servlet.WebDriverTestExecutionListener@759d26fb]
14:37:05.487 [main] DEBUG org.springframework.test.annotation.ProfileValueUtils - Retrieved @ProfileValueSourceConfiguration [null] for test class [com.example.bddspring1557930322.DemoApplicationTests]
14:37:05.489 [main] DEBUG org.springframework.test.annotation.ProfileValueUtils - Retrieved ProfileValueSource type [class org.springframework.test.annotation.SystemProfileValueSource] for class [com.example.bddspring1557930322.DemoApplicationTests]
14:37:05.818 [main] DEBUG org.springframework.test.annotation.ProfileValueUtils - Retrieved @ProfileValueSourceConfiguration [null] for test class [com.example.bddspring1557930322.DemoApplicationTests]
14:37:05.820 [main] DEBUG org.springframework.test.annotation.ProfileValueUtils - Retrieved ProfileValueSource type [class org.springframework.test.annotation.SystemProfileValueSource] for class [com.example.bddspring1557930322.DemoApplicationTests]
[INFO] Running com.example.bddspring1557930322.DemoApplicationTests
14:37:05.829 [main] DEBUG org.springframework.test.annotation.ProfileValueUtils - Retrieved @ProfileValueSourceConfiguration [null] for test class [com.example.bddspring1557930322.DemoApplicationTests]
14:37:05.829 [main] DEBUG org.springframework.test.annotation.ProfileValueUtils - Retrieved ProfileValueSource type [class org.springframework.test.annotation.SystemProfileValueSource] for class [com.example.bddspring1557930322.DemoApplicationTests]
14:37:05.830 [main] DEBUG org.springframework.test.annotation.ProfileValueUtils - Retrieved @ProfileValueSourceConfiguration [null] for test class [com.example.bddspring1557930322.DemoApplicationTests]
14:37:05.830 [main] DEBUG org.springframework.test.annotation.ProfileValueUtils - Retrieved ProfileValueSource type [class org.springframework.test.annotation.SystemProfileValueSource] for class [com.example.bddspring1557930322.DemoApplicationTests]
14:37:05.850 [main] DEBUG org.springframework.test.context.support.AbstractDirtiesContextTestExecutionListener - Before test class: context [DefaultTestContext@2a265ea9 testClass = DemoApplicationTests, testInstance = [null], testMethod = [null], testException = [null], mergedContextConfiguration = [WebMergedContextConfiguration@11392934 testClass = DemoApplicationTests, locations = '{}', classes = '{class com.example.bddspring1557930322.DemoApplication}', contextInitializerClasses = '[]', activeProfiles = '{}', propertySourceLocations = '{}', propertySourceProperties = '{org.springframework.boot.test.context.SpringBootTestContextBootstrapper=true}', contextCustomizers = set[org.springframework.boot.test.context.filter.ExcludeFilterContextCustomizer@5906ebcb, org.springframework.boot.test.json.DuplicateJsonObjectContextCustomizerFactory$DuplicateJsonObjectContextCustomizer@55a561cf, org.springframework.boot.test.mock.mockito.MockitoContextCustomizer@0, org.springframework.boot.test.web.client.TestRestTemplateContextCustomizer@3745e5c6, org.springframework.boot.test.autoconfigure.properties.PropertyMappingContextCustomizer@0, org.springframework.boot.test.autoconfigure.web.servlet.WebDriverContextCustomizerFactory$Customizer@27c86f2d], resourceBasePath = 'src/main/webapp', contextLoader = 'org.springframework.boot.test.context.SpringBootContextLoader', parent = [null]], attributes = map['org.springframework.test.context.web.ServletTestExecutionListener.activateListener' -> true]], class annotated with @DirtiesContext [false] with mode [null].
14:37:05.864 [main] DEBUG org.springframework.test.annotation.ProfileValueUtils - Retrieved @ProfileValueSourceConfiguration [null] for test class [com.example.bddspring1557930322.DemoApplicationTests]
14:37:05.865 [main] DEBUG org.springframework.test.annotation.ProfileValueUtils - Retrieved ProfileValueSource type [class org.springframework.test.annotation.SystemProfileValueSource] for class [com.example.bddspring1557930322.DemoApplicationTests]
14:37:05.962 [main] DEBUG org.springframework.test.context.support.TestPropertySourceUtils - Adding inlined properties to environment: {spring.jmx.enabled=false, org.springframework.boot.test.context.SpringBootTestContextBootstrapper=true, server.port=-1}

  .   ____          _            __ _ _
 /\\ / ___'_ __ _ _(_)_ __  __ _ \ \ \ \
( ( )\___ | '_ | '_| | '_ \/ _` | \ \ \ \
 \\/  ___)| |_)| | | | | || (_| |  ) ) ) )
  '  |____| .__|_| |_|_| |_\__, | / / / /
 =========|_|==============|___/=/_/_/_/
 :: Spring Boot ::             (v2.2.0.M3)

2019-05-15 14:37:06.911  INFO 138 --- [           main] c.e.b.DemoApplicationTests               : Starting DemoApplicationTests on maven-bs2z0 with PID 138 (started by root in /home/jenkins/workspace/tests_bdd-spring-1557930322_PR-1)
2019-05-15 14:37:06.920  INFO 138 --- [           main] c.e.b.DemoApplicationTests               : No active profile set, falling back to default profiles: default
2019-05-15 14:37:16.192  INFO 138 --- [           main] o.s.s.concurrent.ThreadPoolTaskExecutor  : Initializing ExecutorService 'applicationTaskExecutor'
2019-05-15 14:37:18.582  INFO 138 --- [           main] o.s.b.a.e.web.EndpointLinksResolver      : Exposing 2 endpoint(s) beneath base path '/actuator'
2019-05-15 14:37:18.852  INFO 138 --- [           main] c.e.b.DemoApplicationTests               : Started DemoApplicationTests in 12.852 seconds (JVM running for 16.598)
[INFO] Tests run: 1, Failures: 0, Errors: 0, Skipped: 0, Time elapsed: 14.012 s - in com.example.bddspring1557930322.DemoApplicationTests
2019-05-15 14:37:19.957  INFO 138 --- [       Thread-1] o.s.s.concurrent.ThreadPoolTaskExecutor  : Shutting down ExecutorService 'applicationTaskExecutor'
[WARNING] ForkStarter IOException: org.springframework.test.context.CacheAwareContextLoaderDelegate)]
 using SpringBootContextLoader
 Context.groovy}.
 non-private, non-final, nested classes annotated with @Configuration.
 org.springframework.boot.test.mock.mockito.ResetMocksTestExecutionListener, org.springframework.boot.test.autoconfigure.restdocs.RestDocsTestExecutionListener, org.springframework.boot.test.autoconfigure.web.client.MockRestServiceServerResetTestExecutionListener, org.springframework.boot.test.autoconfigure.web.servlet.MockMvcPrintOnlyOnFailureTestExecutionListener, org.springframework.boot.test.autoconfigure.web.servlet.WebDriverTestExecutionListener, org.springframework.test.context.web.ServletTestExecutionListener, org.springframework.test.context.support.DirtiesContextBeforeModesTestExecutionListener, org.springframework.test.context.support.DependencyInjectionTestExecutionListener, org.springframework.test.context.support.DirtiesContextTestExecutionListener, org.springframework.test.context.transaction.TransactionalTestExecutionListener, org.springframework.test.context.jdbc.SqlScriptsTestExecutionListener, org.springframework.test.context.event.EventPublishingTestExecutionListener]
 org.springframework.test.context.support.DirtiesContextBeforeModesTestExecutionListener@40cb8df7, org.springframework.boot.test.mock.mockito.MockitoTestExecutionListener@13b13b5d, org.springframework.boot.test.autoconfigure.SpringBootDependencyInjectionTestExecutionListener@2892dae4, org.springframework.test.context.support.DirtiesContextTestExecutionListener@355ce81c, org.springframework.test.context.event.EventPublishingTestExecutionListener@29647f75, org.springframework.boot.test.mock.mockito.ResetMocksTestExecutionListener@3315d2d7, org.springframework.boot.test.autoconfigure.restdocs.RestDocsTestExecutionListener@d6e7bab, org.springframework.boot.test.autoconfigure.web.client.MockRestServiceServerResetTestExecutionListener@5fa07e12, org.springframework.boot.test.autoconfigure.web.servlet.MockMvcPrintOnlyOnFailureTestExecutionListener@55b53d44, org.springframework.boot.test.autoconfigure.web.servlet.WebDriverTestExecutionListener@482bce4f]. See the dump file /home/jenkins/workspace/tests_bdd-spring-1557930322_PR-1/target/surefire-reports/2019-05-15T14-37-00_292-jvmRun1.dumpstream
[INFO] 
[INFO] Results:
[INFO] 
[INFO] Tests run: 1, Failures: 0, Errors: 0, Skipped: 0
[INFO] 
[INFO] 
[INFO] --- maven-jar-plugin:3.1.2:jar (default-jar) @ bdd-spring-1557930322 ---
[INFO] Building jar: /home/jenkins/workspace/tests_bdd-spring-1557930322_PR-1/target/bdd-spring-1557930322-0.0.0-SNAPSHOT-PR-1-1.jar
[INFO] 
[INFO] --- spring-boot-maven-plugin:2.2.0.M3:repackage (repackage) @ bdd-spring-1557930322 ---
[INFO] Replacing main artifact with repackaged archive
[INFO] 
[INFO] --- maven-install-plugin:2.5.2:install (default-install) @ bdd-spring-1557930322 ---
[INFO] Installing /home/jenkins/workspace/tests_bdd-spring-1557930322_PR-1/target/bdd-spring-1557930322-0.0.0-SNAPSHOT-PR-1-1.jar to /root/.mvnrepository/com/example/bdd-spring-1557930322/0.0.0-SNAPSHOT-PR-1-1/bdd-spring-1557930322-0.0.0-SNAPSHOT-PR-1-1.jar
[INFO] Installing /home/jenkins/workspace/tests_bdd-spring-1557930322_PR-1/pom.xml to /root/.mvnrepository/com/example/bdd-spring-1557930322/0.0.0-SNAPSHOT-PR-1-1/bdd-spring-1557930322-0.0.0-SNAPSHOT-PR-1-1.pom
[INFO] ------------------------------------------------------------------------
[INFO] BUILD SUCCESS
[INFO] ------------------------------------------------------------------------
[INFO] Total time: 42.831 s
[INFO] Finished at: 2019-05-15T14:37:25Z
[INFO] ------------------------------------------------------------------------
[Pipeline] sh
+ skaffold version
v0.26.0
[Pipeline] sh
+ export VERSION=0.0.0-SNAPSHOT-PR-1-1
+ VERSION=0.0.0-SNAPSHOT-PR-1-1
+ skaffold build -f skaffold.yaml
time="2019-05-15T14:37:32Z" level=warning msg="config version (skaffold/v1beta2) out of date: upgrading to latest (skaffold/v1beta7)"
Generating tags...
 - changeme -> 10.31.244.158:5000/jenkins-x-tests/bdd-spring-1557930322:0.0.0-SNAPSHOT-PR-1-1
Tags generated in 206.542s
Starting build...
Building [changeme]...
Sending build context to Docker daemon  529.4kBSending build context to Docker daemon  10.56MBSending build context to Docker daemon  18.78MB
Step 1/8 : FROM openjdk:8-jdk-slim
 ---> 53d0e22a19f1
Step 2/8 : ENV PORT 8080
 ---> Using cache
 ---> 2acec84ff44f
Step 3/8 : ENV CLASSPATH /opt/lib
 ---> Using cache
 ---> b2a74e156cab
Step 4/8 : EXPOSE 8080
 ---> Using cache
 ---> 3c6e93388aa6
Step 5/8 : COPY pom.xml target/lib* /opt/lib/
 ---> 4cda07cc1957
Step 6/8 : COPY target/*.jar /opt/app.jar
 ---> 127dfa576d09
Step 7/8 : WORKDIR /opt
 ---> d17cd2099ebc
Step 8/8 : CMD java -XX:+UnlockExperimentalVMOptions -XX:+UseCGroupMemoryLimitForHeap -jar app.jar
 ---> Running in 1d8df0637c0b
 ---> 261ffea4aca5
Successfully built 261ffea4aca5
The push refers to a repository [10.31.244.158:5000/jenkins-x-tests/bdd-spring-1557930322]
055cf55c6e07: Preparing
07a7295c4e82: Preparing
813579019046: Preparing
9cb4455f3c79: Preparing
8eda56201d25: Preparing
270b3f9af07e: Preparing
6270adb5794c: Preparing
270b3f9af07e: Waiting
6270adb5794c: Waiting
9cb4455f3c79: Layer already exists
813579019046: Layer already exists
270b3f9af07e: Layer already exists
8eda56201d25: Layer already exists
6270adb5794c: Layer already exists
07a7295c4e82: Pushed
055cf55c6e07: Pushed
0.0.0-SNAPSHOT-PR-1-1: digest: sha256:8f7e7e533fb47ad4a0d608b98c8bfc9deac7756c526b3c49a22f14dde4e07e9b size: 1784
Build complete in 3.331317053s
Starting test...
Test complete in 7.184s
Complete in 3.341815106s
There is a new version (0.29.0) of Skaffold available. Download it at https://storage.googleapis.com/skaffold/releases/latest/skaffold-linux-amd64

[Pipeline] sh
+ ** step post build --image 10.31.244.158:5000/jenkins-x-tests/bdd-spring-1557930322:0.0.0-SNAPSHOT-PR-1-1
no CVE provider running in the current bdd-ghe-**-pr-3908-7 namespace so skip adding image to be analysed
[Pipeline] dir
Running in /home/jenkins/workspace/tests_bdd-spring-1557930322_PR-1/charts/preview
[Pipeline] {
[Pipeline] sh
+ make preview
sed -i -e "s/version:.*/version: 0.0.0-SNAPSHOT-PR-1-1/" Chart.yaml
sed -i -e "s/version:.*/version: 0.0.0-SNAPSHOT-PR-1-1/" ../*/Chart.yaml
sed -i -e "s|repository:.*|repository: 10.31.244.158:5000\/jenkins-x-tests\/bdd-spring-1557930322|" values.yaml
sed -i -e "s/tag:.*/tag: 0.0.0-SNAPSHOT-PR-1-1/" values.yaml
echo "  version: 0.0.0-SNAPSHOT-PR-1-1" >> requirements.yaml
** step helm build
WARNING: No $CHART_REPOSITORY defined so using the default value of: http://jenkins-x-chartmuseum:8080
Adding missing Helm repo: chartmuseum.jenkins-x.io http://chartmuseum.jenkins-x.io
Successfully added Helm repository chartmuseum.jenkins-x.io.
Adding missing Helm repo: jenkins-x-chartmuseum http://jenkins-x-chartmuseum:8080
Successfully added Helm repository jenkins-x-chartmuseum.
WARNING: No $CHART_REPOSITORY defined so using the default value of: http://jenkins-x-chartmuseum:8080
[Pipeline] sh
+ ** preview --app bdd-spring-1557930322 --dir ../..
Creating a preview
WARNING: No author for commit: b036dce2e4f402aafc6b9e9f75deeb810b19a357
Created environment jenkins-x-tests-bdd-spring-1557930322-pr-1
Namespace bdd-ghe-**-pr-3908-7-jenkins-x-tests-bdd-spring-1557930322-pr-1 created 
 
expose:
  Annotations:
    helm.sh/hook: post-install,post-upgrade
    helm.sh/hook-delete-policy: hook-succeeded
  config:
    domain: 35.205.242.160.nip.io
    exposer: Ingress
    http: "true"
preview:
  image:
    repository: 10.31.244.158:5000/jenkins-x-tests/bdd-spring-1557930322
    tag: 0.0.0-SNAPSHOT-PR-1-1
Deleting and cloning the Jenkins X versions repo
Cloning the Jenkins X versions repo https://github.com/jenkins-x/jenkins-x-versions.git with ref refs/heads/master to /home/jenkins/.**/jenkins-x-versions
Enumerating objects: 84, done.
Counting objects:   1% (1/84)   Counting objects:   2% (2/84)   Counting objects:   3% (3/84)   Counting objects:   4% (4/84)   Counting objects:   5% (5/84)   Counting objects:   7% (6/84)   Counting objects:   8% (7/84)   Counting objects:   9% (8/84)   Counting objects:  10% (9/84)   Counting objects:  11% (10/84)   Counting objects:  13% (11/84)   Counting objects:  14% (12/84)   Counting objects:  15% (13/84)   Counting objects:  16% (14/84)   Counting objects:  17% (15/84)   Counting objects:  19% (16/84)   Counting objects:  20% (17/84)   Counting objects:  21% (18/84)   Counting objects:  22% (19/84)   Counting objects:  23% (20/84)   Counting objects:  25% (21/84)   Counting objects:  26% (22/84)   Counting objects:  27% (23/84)   Counting objects:  28% (24/84)   Counting objects:  29% (25/84)   Counting objects:  30% (26/84)   Counting objects:  32% (27/84)   Counting objects:  33% (28/84)   Counting objects:  34% (29/84)   Counting objects:  35% (30/84)   Counting objects:  36% (31/84)   Counting objects:  38% (32/84)   Counting objects:  39% (33/84)   Counting objects:  40% (34/84)   Counting objects:  41% (35/84)   Counting objects:  42% (36/84)   Counting objects:  44% (37/84)   Counting objects:  45% (38/84)   Counting objects:  46% (39/84)   Counting objects:  47% (40/84)   Counting objects:  48% (41/84)   Counting objects:  50% (42/84)   Counting objects:  51% (43/84)   Counting objects:  52% (44/84)   Counting objects:  53% (45/84)   Counting objects:  54% (46/84)   Counting objects:  55% (47/84)   Counting objects:  57% (48/84)   Counting objects:  58% (49/84)   Counting objects:  59% (50/84)   Counting objects:  60% (51/84)   Counting objects:  61% (52/84)   Counting objects:  63% (53/84)   Counting objects:  64% (54/84)   Counting objects:  65% (55/84)   Counting objects:  66% (56/84)   Counting objects:  67% (57/84)   Counting objects:  69% (58/84)   Counting objects:  70% (59/84)   Counting objects:  71% (60/84)   Counting objects:  72% (61/84)   Counting objects:  73% (62/84)   Counting objects:  75% (63/84)   Counting objects:  76% (64/84)   Counting objects:  77% (65/84)   Counting objects:  78% (66/84)   Counting objects:  79% (67/84)   Counting objects:  80% (68/84)   Counting objects:  82% (69/84)   Counting objects:  83% (70/84)   Counting objects:  84% (71/84)   Counting objects:  85% (72/84)   Counting objects:  86% (73/84)   Counting objects:  88% (74/84)   Counting objects:  89% (75/84)   Counting objects:  90% (76/84)   Counting objects:  91% (77/84)   Counting objects:  92% (78/84)   Counting objects:  94% (79/84)   Counting objects:  95% (80/84)   Counting objects:  96% (81/84)   Counting objects:  97% (82/84)   Counting objects:  98% (83/84)   Counting objects: 100% (84/84)   Counting objects: 100% (84/84), done.
Compressing objects:   1% (1/59)   Compressing objects:   3% (2/59)   Compressing objects:   5% (3/59)   Compressing objects:   6% (4/59)   Compressing objects:   8% (5/59)   Compressing objects:  10% (6/59)   Compressing objects:  11% (7/59)   Compressing objects:  13% (8/59)   Compressing objects:  15% (9/59)   Compressing objects:  16% (10/59)   Compressing objects:  18% (11/59)   Compressing objects:  20% (12/59)   Compressing objects:  22% (13/59)   Compressing objects:  23% (14/59)   Compressing objects:  25% (15/59)   Compressing objects:  27% (16/59)   Compressing objects:  28% (17/59)   Compressing objects:  30% (18/59)   Compressing objects:  32% (19/59)   Compressing objects:  33% (20/59)   Compressing objects:  35% (21/59)   Compressing objects:  37% (22/59)   Compressing objects:  38% (23/59)   Compressing objects:  40% (24/59)   Compressing objects:  42% (25/59)   Compressing objects:  44% (26/59)   Compressing objects:  45% (27/59)   Compressing objects:  47% (28/59)   Compressing objects:  49% (29/59)   Compressing objects:  50% (30/59)   Compressing objects:  52% (31/59)   Compressing objects:  54% (32/59)   Compressing objects:  55% (33/59)   Compressing objects:  57% (34/59)   Compressing objects:  59% (35/59)   Compressing objects:  61% (36/59)   Compressing objects:  62% (37/59)   Compressing objects:  64% (38/59)   Compressing objects:  66% (39/59)   Compressing objects:  67% (40/59)   Compressing objects:  69% (41/59)   Compressing objects:  71% (42/59)   Compressing objects:  72% (43/59)   Compressing objects:  74% (44/59)   Compressing objects:  76% (45/59)   Compressing objects:  77% (46/59)   Compressing objects:  79% (47/59)   Compressing objects:  81% (48/59)   Compressing objects:  83% (49/59)   Compressing objects:  84% (50/59)   Compressing objects:  86% (51/59)   Compressing objects:  88% (52/59)   Compressing objects:  89% (53/59)   Compressing objects:  91% (54/59)   Compressing objects:  93% (55/59)   Compressing objects:  94% (56/59)   Compressing objects:  96% (57/59)   Compressing objects:  98% (58/59)   Compressing objects: 100% (59/59)   Compressing objects: 100% (59/59), done.
Total 1420 (delta 38), reused 61 (delta 21), pack-reused 1336
Applying generated chart . YAML via kubectl in dir: /tmp/helm-template-workdir-230919455/preview/output
role.rbac.authorization.k8s.io/cleanup created
rolebinding.rbac.authorization.k8s.io/cleanup created
serviceaccount/cleanup created
configmap/exposecontroller created
role.rbac.authorization.k8s.io/expose created
rolebinding.rbac.authorization.k8s.io/expose created
serviceaccount/expose created
deployment.extensions/preview-preview created
service/bdd-spring-1557930322 created

Applying Helm hook post-upgrade YAML via kubectl in file: /tmp/helm-template-workdir-230919455/preview/helmHooks/preview/charts/expose/templates/job.yaml
job.batch/expose created

Waiting for helm post-upgrade hook Job expose to complete before removing it
Deleting helm hook sources from file: /tmp/helm-template-workdir-230919455/preview/helmHooks/preview/charts/expose/templates/job.yaml
job.batch "expose" deleted
Removing Kubernetes resources from older releases using selector: jenkins.io/chart-release=preview,jenkins.io/version!=0.0.0-SNAPSHOT-PR-1-1 from all pvc configmap release sa role rolebinding secret
Removing Kubernetes resources from older releases using selector: jenkins.io/chart-release=preview,jenkins.io/version!=0.0.0-SNAPSHOT-PR-1-1,jenkins.io/namespace=bdd-ghe-**-pr-3908-7-jenkins-x-tests-bdd-spring-1557930322-pr-1 from clusterrole clusterrolebinding
Updating PipelineActivities jenkins-x-tests-bdd-spring-1557930322-pr-1-1 which has status Running
Preview application is now available at: http://bdd-spring-1557930322.bdd-ghe-**-pr-3908-7-jenkins-x-tests-bdd-spring-1557930322-pr-1.35.205.242.160.nip.io

[Pipeline] }
[Pipeline] // dir
[Pipeline] }
[Pipeline] // container
[Pipeline] }
[Pipeline] // withEnv
[Pipeline] }
[Pipeline] // stage
[Pipeline] stage
[Pipeline] { (Build Release)
Stage "Build Release" skipped due to when conditional
[Pipeline] }
[Pipeline] // stage
[Pipeline] stage
[Pipeline] { (Promote to Environments)
Stage "Promote to Environments" skipped due to when conditional
[Pipeline] }
[Pipeline] // stage
[Pipeline] stage
[Pipeline] { (Declarative: Post Actions)
[Pipeline] cleanWs
[WS-CLEANUP] Deleting project workspace...
[WS-CLEANUP] Deferred wipeout is used...
[WS-CLEANUP] done
[Pipeline] }
[Pipeline] // stage
[Pipeline] }
[Pipeline] // withEnv
[Pipeline] }
[Pipeline] // withCredentials
[Pipeline] }
[Pipeline] // withEnv
[Pipeline] }
[Pipeline] // node
[Pipeline] End of Pipeline
      build status for 'jenkins-x-tests/bdd-spring-1557930322/PR-1-1' is 'Running'
      Verifying we have a Preview Environment...
      Running Preview Environment application at: http://bdd-spring-1557930322.bdd-ghe-**-pr-3908-7-jenkins-x-tests-bdd-spring-1557930322-pr-1.35.205.242.160.nip.io
      Invoked http://bdd-spring-1557930322.bdd-ghe-**-pr-3908-7-jenkins-x-tests-bdd-spring-1557930322-pr-1.35.205.242.160.nip.io and got return code: 503
      Invoked http://bdd-spring-1557930322.bdd-ghe-**-pr-3908-7-jenkins-x-tests-bdd-spring-1557930322-pr-1.35.205.242.160.nip.io and got return code: 404
[32m[0m[36mS[0m[36mS[0m[36mS[0m[36mS[0m[36mS[0m[36mS[0m[36mS[0m[36mS[0m[36mS[0m[36mS[0m[36mS[0m[36mS[0m[36mS[0m[36mS[0m[36mS[0m[36mS[0m[36mS[0m[36mS[0m[36mS[0m
[1m[32mRan 1 of 39 Specs in 785.515 seconds[0m
[1m[32mSUCCESS![0m -- [32m[1m1 Passed[0m | [91m[1m0 Failed[0m | [33m[1m0 Pending[0m | [36m[1m38 Skipped[0m
PASS

Ginkgo ran 1 suite in 13m40.110558599s
Test Suite Passed
NAME                                            READY   STATUS    RESTARTS   AGE
jenkins-84998cd777-sll4j                        1/1     Running   0          17m
jenkins-x-controllerrole-69d84b5bb7-mr78w       1/1     Running   0          17m
jenkins-x-controllerteam-54b5855c47-6zsd8       1/1     Running   0          17m
jenkins-x-controllerworkflow-74dc5d8678-tcftm   1/1     Running   0          17m
jenkins-x-docker-registry-7b56b4f555-dnqfq      1/1     Running   0          17m
jenkins-x-heapster-76c7d97886-fffps             2/2     Running   0          17m
apiVersion: jenkins.io/v1
kind: Environment
metadata:
  creationTimestamp: "2019-05-15T14:21:40Z"
  generation: 1
  labels:
    env: dev
    team: bdd-ghe-**-pr-3908-7
  name: dev
  namespace: bdd-ghe-**-pr-3908-7
  resourceVersion: "12470715"
  selfLink: /apis/jenkins.io/v1/namespaces/bdd-ghe-**-pr-3908-7/environments/dev
  uid: c2086bed-771c-11e9-979a-42010af000d2
spec:
  kind: Development
  label: Development
  namespace: bdd-ghe-**-pr-3908-7
  previewGitInfo:
    user: {}
  promotionStrategy: Never
  source: {}
  teamSettings:
    appsRepository: http://chartmuseum.jenkins-x.io
    buildPackRef: master
    buildPackUrl: https://github.com/jenkins-x-buildpacks/jenkins-x-kubernetes.git
    gitServer: https://github.beescloud.com
    helmTemplate: true
    importMode: Jenkinsfile
    kubeProvider: gke
    pipelineUsername: ****
    promotionEngine: Jenkins
    quickstartLocations:
    - excludes:
      - WIP-*
      gitKind: github
      gitUrl: https://github.com
      includes:
      - '*'
      owner: jenkins-x-quickstarts
    useGitOps: true
    versionStreamUrl: https://github.com/jenkins-x/jenkins-x-versions.git
status: {}
WARNING: Jenkins X installed for Cluster(gke_jenkins-x-infra_europe-west1-c_**-bdd-tests): 12 nodes, memory 33% of 69337656Ki, cpu 83% of 23160m.
needs more free compute
NAME               VERSION
**                 0.0.0-SNAPSHOT-PR-3908-7
jenkins x platform 0.0.3832
Kubernetes cluster v1.11.8-gke.6
kubectl            v1.13.4
helm client        Client: v2.12.2+g7d2b0c7
git                git version 2.8.4
Operating System   "CentOS Linux release 7.6.1810 (Core) "
WARNING: 
A new ** version is available: 2.0.122
WARNING: To upgrade to this new version use: ** upgrade cli
NAME    LABEL       KIND        PROMOTE NAMESPACE                    ORDER CLUSTER SOURCE                                                                         REF PR
dev     Development Development Never   bdd-ghe-**-pr-3908-7         0                                                                                                
staging Staging     Permanent   Auto    bdd-ghe-**-pr-3908-7-staging 100           https://github.beescloud.com/****/environment-bdd-ghe-**-pr-3908-7-staging.git     
STEP                                                    STARTED AGO DURATION STATUS
****/environment-bdd-ghe-**-pr-3908-7-staging/master #1      15m52s    1m48s Succeeded 
  Checkout Source                                             15m1s       9s Succeeded 
  Validate Environment                                       14m52s      21s Succeeded 
  Update Environment                                         14m31s      26s Succeeded 
****/environment-bdd-ghe-**-pr-3908-7-staging/master #2        6m1s    1m29s Succeeded 
  Checkout Source                                             5m32s       7s Succeeded 
  Validate Environment                                        5m25s      23s Succeeded 
  Update Environment                                           5m2s      30s Succeeded 
****/environment-bdd-ghe-**-pr-3908-7-staging/PR-1 #1         7m50s    1m41s Succeeded 
  Checkout Source                                             6m43s      10s Succeeded 
  Validate Environment                                        6m33s      24s Succeeded 
  Update Environment                                           6m9s          NotExecuted 
jenkins-x-tests/bdd-spring-1557930322/master #1               11m4s    6m41s Succeeded Version: 0.0.1
  Checkout Source                                            10m32s       7s Succeeded 
  CI Build and push snapshot                                 10m25s          NotExecuted 
  Build Release                                              10m24s     2m4s Succeeded 
  Promote to Environments                                     8m20s    3m57s Succeeded 
  Promote: staging                                            7m56s    3m28s Succeeded 
    PullRequest                                               7m56s     2m7s Succeeded  PullRequest: https://github.beescloud.com/****/environment-bdd-ghe-**-pr-3908-7-staging/pull/1 Merge SHA: 82fbe070e91a619db3045582019f638da14a8477
    Update                                                    5m49s    1m21s Succeeded  Status: Success at: http://jenkins.bdd-ghe-**-pr-3908-7.35.205.242.160.nip.io/job/****/job/environment-bdd-ghe-**-pr-3908-7-staging/job/master/2/display/redirect
    Promoted                                                  5m49s    1m21s Succeeded  Application is at: http://bdd-spring-1557930322.bdd-ghe-**-pr-3908-7-staging.35.205.242.160.nip.io
  Clean up                                                    4m23s       0s Succeeded 
jenkins-x-tests/bdd-spring-1557930322/PR-1 #1                 3m29s    2m45s Succeeded 
  Checkout Source                                              3m2s       8s Succeeded 
  CI Build and push snapshot                                  2m54s    2m10s Succeeded 
  Preview                                                       46s           https://github.beescloud.com/jenkins-x-tests/bdd-spring-1557930322/pull/1
    Preview Application                                         46s           http://bdd-spring-1557930322.bdd-ghe-**-pr-3908-7-jenkins-x-tests-bdd-spring-1557930322-pr-1.35.205.242.160.nip.io
  Build Release                                                 44s          NotExecuted 
  Promote to Environments                                       44s          NotExecuted 
  Clean up                                                      44s       0s Succeeded 
WARNING: could not find the current user name user: Current not implemented on linux/amd64
APPLICATION              STAGING PODS URL
**-bdd-spring-1557930322 0.0.1   1/1  http://bdd-spring-1557930322.bdd-ghe-**-pr-3908-7-staging.35.205.242.160.nip.io
PULL REQUEST                                                              NAMESPACE                                                       APPLICATION
https://github.beescloud.com/jenkins-x-tests/bdd-spring-1557930322/pull/1 bdd-ghe-**-pr-3908-7-jenkins-x-tests-bdd-spring-1557930322-pr-1 http://bdd-spring-1557930322.bdd-ghe-**-pr-3908-7-jenkins-x-tests-bdd-spring-1557930322-pr-1.35.205.242.160.nip.io
NAME                      URL
jenkins                   http://jenkins.bdd-ghe-**-pr-3908-7.35.205.242.160.nip.io
jenkins-x-docker-registry http://docker-registry.bdd-ghe-**-pr-3908-7.35.205.242.160.nip.io
Deleting team bdd-ghe-**-pr-3908-7
Using namespace 'bdd-ghe-**-pr-3908-7' from context named 'gke_jenkins-x-infra_europe-west1-c_**-bdd-tests' on server 'https://35.187.113.55'.
Removing installation of Jenkins X in team namespace bdd-ghe-**-pr-3908-7
Removing Kubernetes resources from release jenkins-x using selector: jenkins.io/chart-release=jenkins-x from all pvc configmap release sa role rolebinding secret
service "heapster" deleted
service "jenkins" deleted
service "jenkins-agent" deleted
service "jenkins-x-chartmuseum" deleted
service "jenkins-x-docker-registry" deleted
service "nexus" deleted
deployment.apps "jenkins" deleted
deployment.apps "jenkins-x-controllerrole" deleted
deployment.apps "jenkins-x-controllerteam" deleted
deployment.apps "jenkins-x-controllerworkflow" deleted
deployment.apps "jenkins-x-docker-registry" deleted
deployment.apps "jenkins-x-heapster" deleted
cronjob.batch "jenkins-x-gcactivities" deleted
cronjob.batch "jenkins-x-gcpods" deleted
cronjob.batch "jenkins-x-gcpreviews" deleted
persistentvolumeclaim "jenkins" deleted
persistentvolumeclaim "jenkins-x-docker-registry" deleted
configmap "exposecontroller" deleted
configmap "jenkins" deleted
configmap "jenkins-pod-xml-aws-cdk" deleted
configmap "jenkins-pod-xml-dlang" deleted
configmap "jenkins-pod-xml-go" deleted
configmap "jenkins-pod-xml-gradle" deleted
configmap "jenkins-pod-xml-**-base" deleted
configmap "jenkins-pod-xml-machine-learning" deleted
configmap "jenkins-pod-xml-maven" deleted
configmap "jenkins-pod-xml-maven-java11" deleted
configmap "jenkins-pod-xml-maven-nodejs" deleted
configmap "jenkins-pod-xml-newman" deleted
configmap "jenkins-pod-xml-nodejs" deleted
configmap "jenkins-pod-xml-nodejs10x" deleted
configmap "jenkins-pod-xml-nodejs8x" deleted
configmap "jenkins-pod-xml-promote" deleted
configmap "jenkins-pod-xml-python" deleted
configmap "jenkins-pod-xml-python2" deleted
configmap "jenkins-pod-xml-python37" deleted
configmap "jenkins-pod-xml-ruby" deleted
configmap "jenkins-pod-xml-rust" deleted
configmap "jenkins-pod-xml-scala" deleted
configmap "jenkins-pod-xml-swift" deleted
configmap "jenkins-pod-xml-terraform" deleted
configmap "jenkins-tests" deleted
configmap "jenkins-x-devpod-config" deleted
configmap "jenkins-x-docker-registry" deleted
configmap "jenkins-x-docker-registry-config" deleted
configmap "jenkins-x-extensions" deleted
configmap "jenkins-x-git-kinds" deleted
configmap "jenkins-x-pod-template-aws-cdk" deleted
configmap "jenkins-x-pod-template-dlang" deleted
configmap "jenkins-x-pod-template-go" deleted
configmap "jenkins-x-pod-template-gradle" deleted
configmap "jenkins-x-pod-template-**-base" deleted
configmap "jenkins-x-pod-template-machine-learning" deleted
configmap "jenkins-x-pod-template-maven" deleted
configmap "jenkins-x-pod-template-maven-java11" deleted
configmap "jenkins-x-pod-template-maven-nodejs" deleted
configmap "jenkins-x-pod-template-newman" deleted
configmap "jenkins-x-pod-template-nodejs" deleted
configmap "jenkins-x-pod-template-nodejs10x" deleted
configmap "jenkins-x-pod-template-nodejs8x" deleted
configmap "jenkins-x-pod-template-promote" deleted
configmap "jenkins-x-pod-template-python" deleted
configmap "jenkins-x-pod-template-python2" deleted
configmap "jenkins-x-pod-template-python37" deleted
configmap "jenkins-x-pod-template-ruby" deleted
configmap "jenkins-x-pod-template-rust" deleted
configmap "jenkins-x-pod-template-scala" deleted
configmap "jenkins-x-pod-template-swift" deleted
configmap "jenkins-x-pod-template-terraform" deleted
configmap "jenkins-x-team-controller" deleted
serviceaccount "cleanup" deleted
serviceaccount "expose" deleted
serviceaccount "jenkins" deleted
serviceaccount "jenkins-x-controllerrole" deleted
serviceaccount "jenkins-x-controllerteam" deleted
serviceaccount "jenkins-x-controllerworkflow" deleted
serviceaccount "jenkins-x-gcactivities" deleted
serviceaccount "jenkins-x-gcpods" deleted
serviceaccount "jenkins-x-gcpreviews" deleted
serviceaccount "jenkins-x-heapster" deleted
role.rbac.authorization.k8s.io "cleanup" deleted
role.rbac.authorization.k8s.io "committer" deleted
role.rbac.authorization.k8s.io "controllerrole" deleted
role.rbac.authorization.k8s.io "controllerteam" deleted
role.rbac.authorization.k8s.io "controllerworkflow" deleted
role.rbac.authorization.k8s.io "expose" deleted
role.rbac.authorization.k8s.io "gcactivities" deleted
role.rbac.authorization.k8s.io "gcpods" deleted
role.rbac.authorization.k8s.io "gcpreviews" deleted
role.rbac.authorization.k8s.io "jenkins-x-heapster-pod-nanny" deleted
role.rbac.authorization.k8s.io "**-view" deleted
role.rbac.authorization.k8s.io "owner" deleted
role.rbac.authorization.k8s.io "viewer" deleted
rolebinding.rbac.authorization.k8s.io "cleanup" deleted
rolebinding.rbac.authorization.k8s.io "controllerrole" deleted
rolebinding.rbac.authorization.k8s.io "controllerteam" deleted
rolebinding.rbac.authorization.k8s.io "controllerworkflow" deleted
rolebinding.rbac.authorization.k8s.io "expose" deleted
rolebinding.rbac.authorization.k8s.io "gcactivities" deleted
rolebinding.rbac.authorization.k8s.io "gcpods" deleted
rolebinding.rbac.authorization.k8s.io "gcpreviews" deleted
rolebinding.rbac.authorization.k8s.io "jenkins-x-heapster-pod-nanny" deleted
secret "jenkins-docker-cfg" deleted
secret "jenkins-maven-settings" deleted
secret "jenkins-npm-token" deleted
secret "jenkins-release-gpg" deleted
secret "jenkins-ssh-config" deleted
secret "jenkins-x-chartmuseum" deleted
secret "jenkins-x-docker-registry-secret" deleted
secret "**-basic-auth" deleted
Removing Kubernetes resources from release jenkins-x using selector: jenkins.io/chart-release=jenkins-x,jenkins.io/namespace=bdd-ghe-**-pr-3908-7 from clusterrole clusterrolebinding
clusterrole.rbac.authorization.k8s.io "controllerrole-bdd-ghe-**-pr-3908-7" deleted
clusterrole.rbac.authorization.k8s.io "controllerteam-bdd-ghe-**-pr-3908-7" deleted
clusterrole.rbac.authorization.k8s.io "controllerworkflow-bdd-ghe-**-pr-3908-7" deleted
clusterrole.rbac.authorization.k8s.io "gcactivities-bdd-ghe-**-pr-3908-7" deleted
clusterrole.rbac.authorization.k8s.io "gcpreviews-bdd-ghe-**-pr-3908-7" deleted
clusterrolebinding.rbac.authorization.k8s.io "controllerrole-bdd-ghe-**-pr-3908-7" deleted
clusterrolebinding.rbac.authorization.k8s.io "controllerteam-bdd-ghe-**-pr-3908-7" deleted
clusterrolebinding.rbac.authorization.k8s.io "controllerworkflow-bdd-ghe-**-pr-3908-7" deleted
clusterrolebinding.rbac.authorization.k8s.io "gcactivities-bdd-ghe-**-pr-3908-7" deleted
clusterrolebinding.rbac.authorization.k8s.io "gcpreviews-bdd-ghe-**-pr-3908-7" deleted
clusterrolebinding.rbac.authorization.k8s.io "jenkins-bdd-ghe-**-pr-3908-7-role-binding" deleted
clusterrolebinding.rbac.authorization.k8s.io "jenkins-x-heapster" deleted
clusterrolebinding.rbac.authorization.k8s.io "jenkins-x-team-controller" deleted
deleting namespace bdd-ghe-**-pr-3908-7
deleting namespace bdd-ghe-**-pr-3908-7-jenkins-x-tests-bdd-spring-1557930322-pr-1
deleting namespace bdd-ghe-**-pr-3908-7-staging
Jenkins X has been successfully uninstalled from team namespace bdd-ghe-**-pr-3908-7
Using namespace 'bdd-ghe-**-pr-3908-7' from context named 'gke_jenkins-x-infra_europe-west1-c_**-bdd-tests' on server 'https://35.187.113.55'.
